 ************************* CORRIDA NUEVA ************************* 
 :: Condiciones de Trabajo :: 
 :: Events :: 10000 :: MneuL :: 10 :: MneuD :: 0.25 :: MphoD :: 0.25 :: TcPhoD :: 0
 :: Exist file :: /LUSTRE/home/fmsanchez/GDarkSUSY/data/Events_10000/MneuL_10/MneuD_0.25/MphoD_0.25/lhe/run_01_decayed_1/unweighted_events.lhe
 :: File *.lhe exist or is running :: 
 :: Not exist file :: /LUSTRE/home/fmsanchez/GDarkSUSY/data/RUN_lhe_DarkSUSY_LHE_Event_10000_MNeuL_10_MNeuD_0.25_MPhoD_0.25_.txt
 :: Not exist file :: /LUSTRE/home/fmsanchez/GDarkSUSY/data/RUN_lhe_DarkSUSY_LHE_Event_10000_MNeuL_10_MNeuD_0.25_MPhoD_0.25_.root
 :: Exist file :: /LUSTRE/home/fmsanchez/GDarkSUSY/data/Events_10000/MneuL_10/MneuD_0.25/MphoD_0.25/lhe/run_01_decayed_1/unweighted_events.lhe
 :: Not exist file :: /LUSTRE/home/fmsanchez/GDarkSUSY/data/Events_10000/MneuL_10/MneuD_0.25/MphoD_0.25/DarkSUSY_CMS_Event_10000_MNeuL_10_MNeuD_0.25_MPhoD_0.25_TcPhoD_0_.txt
 :: Exist file :: /LUSTRE/home/fmsanchez/GDarkSUSY/data/Events_10000/MneuL_10/MneuD_0.25/MphoD_0.25/DarkSUSY_CMS_Event_10000_MNeuL_10_MNeuD_0.25_MPhoD_0.25_TcPhoD_0_.root
 :: File *.root exist or is runing :: 
 :: Exist file :: /LUSTRE/home/fmsanchez/GDarkSUSY/data/Events_10000/MneuL_10/MneuD_0.25/MphoD_0.25/DarkSUSY_CMS_Event_10000_MNeuL_10_MNeuD_0.25_MPhoD_0.25_TcPhoD_0_.root
 :: Exist file :: /LUSTRE/home/fmsanchez/GDarkSUSY/data/Events_10000/MneuL_10/MneuD_0.25/MphoD_0.25/Mu_min4/Mu4_DarkSUSY_CMS_Event_10000_MNeuL_10_MNeuD_0.25_MPhoD_0.25_TcPhoD_0_.root
 :: File *.root reduction exist :: 
 ************************* CORRIDA NUEVA ************************* 
 :: Condiciones de Trabajo :: 
 :: Events :: 10000 :: MneuL :: 10 :: MneuD :: 0.25 :: MphoD :: 0.25 :: TcPhoD :: 5
 :: Exist file :: /LUSTRE/home/fmsanchez/GDarkSUSY/data/Events_10000/MneuL_10/MneuD_0.25/MphoD_0.25/lhe/run_01_decayed_1/unweighted_events.lhe
 :: File *.lhe exist or is running :: 
 :: Not exist file :: /LUSTRE/home/fmsanchez/GDarkSUSY/data/RUN_lhe_DarkSUSY_LHE_Event_10000_MNeuL_10_MNeuD_0.25_MPhoD_0.25_.txt
 :: Not exist file :: /LUSTRE/home/fmsanchez/GDarkSUSY/data/RUN_lhe_DarkSUSY_LHE_Event_10000_MNeuL_10_MNeuD_0.25_MPhoD_0.25_.root
 :: Exist file :: /LUSTRE/home/fmsanchez/GDarkSUSY/data/Events_10000/MneuL_10/MneuD_0.25/MphoD_0.25/lhe/run_01_decayed_1/unweighted_events.lhe
 :: Not exist file :: /LUSTRE/home/fmsanchez/GDarkSUSY/data/Events_10000/MneuL_10/MneuD_0.25/MphoD_0.25/DarkSUSY_CMS_Event_10000_MNeuL_10_MNeuD_0.25_MPhoD_0.25_TcPhoD_5_.txt
 :: Exist file :: /LUSTRE/home/fmsanchez/GDarkSUSY/data/Events_10000/MneuL_10/MneuD_0.25/MphoD_0.25/DarkSUSY_CMS_Event_10000_MNeuL_10_MNeuD_0.25_MPhoD_0.25_TcPhoD_5_.root
 :: File *.root exist or is runing :: 
 :: Exist file :: /LUSTRE/home/fmsanchez/GDarkSUSY/data/Events_10000/MneuL_10/MneuD_0.25/MphoD_0.25/DarkSUSY_CMS_Event_10000_MNeuL_10_MNeuD_0.25_MPhoD_0.25_TcPhoD_5_.root
 :: Exist file :: /LUSTRE/home/fmsanchez/GDarkSUSY/data/Events_10000/MneuL_10/MneuD_0.25/MphoD_0.25/Mu_min4/Mu4_DarkSUSY_CMS_Event_10000_MNeuL_10_MNeuD_0.25_MPhoD_0.25_TcPhoD_5_.root
 :: File *.root reduction exist :: 
 ************************* CORRIDA NUEVA ************************* 
 :: Condiciones de Trabajo :: 
 :: Events :: 10000 :: MneuL :: 10 :: MneuD :: 0.25 :: MphoD :: 0.25 :: TcPhoD :: 10
 :: Exist file :: /LUSTRE/home/fmsanchez/GDarkSUSY/data/Events_10000/MneuL_10/MneuD_0.25/MphoD_0.25/lhe/run_01_decayed_1/unweighted_events.lhe
 :: File *.lhe exist or is running :: 
 :: Not exist file :: /LUSTRE/home/fmsanchez/GDarkSUSY/data/RUN_lhe_DarkSUSY_LHE_Event_10000_MNeuL_10_MNeuD_0.25_MPhoD_0.25_.txt
 :: Not exist file :: /LUSTRE/home/fmsanchez/GDarkSUSY/data/RUN_lhe_DarkSUSY_LHE_Event_10000_MNeuL_10_MNeuD_0.25_MPhoD_0.25_.root
 :: Exist file :: /LUSTRE/home/fmsanchez/GDarkSUSY/data/Events_10000/MneuL_10/MneuD_0.25/MphoD_0.25/lhe/run_01_decayed_1/unweighted_events.lhe
 :: Not exist file :: /LUSTRE/home/fmsanchez/GDarkSUSY/data/Events_10000/MneuL_10/MneuD_0.25/MphoD_0.25/DarkSUSY_CMS_Event_10000_MNeuL_10_MNeuD_0.25_MPhoD_0.25_TcPhoD_10_.txt
 :: Exist file :: /LUSTRE/home/fmsanchez/GDarkSUSY/data/Events_10000/MneuL_10/MneuD_0.25/MphoD_0.25/DarkSUSY_CMS_Event_10000_MNeuL_10_MNeuD_0.25_MPhoD_0.25_TcPhoD_10_.root
 :: File *.root exist or is runing :: 
 :: Exist file :: /LUSTRE/home/fmsanchez/GDarkSUSY/data/Events_10000/MneuL_10/MneuD_0.25/MphoD_0.25/DarkSUSY_CMS_Event_10000_MNeuL_10_MNeuD_0.25_MPhoD_0.25_TcPhoD_10_.root
 :: Exist file :: /LUSTRE/home/fmsanchez/GDarkSUSY/data/Events_10000/MneuL_10/MneuD_0.25/MphoD_0.25/Mu_min4/Mu4_DarkSUSY_CMS_Event_10000_MNeuL_10_MNeuD_0.25_MPhoD_0.25_TcPhoD_10_.root
 :: File *.root reduction exist :: 
 ************************* CORRIDA NUEVA ************************* 
 :: Condiciones de Trabajo :: 
 :: Events :: 10000 :: MneuL :: 10 :: MneuD :: 0.25 :: MphoD :: 0.25 :: TcPhoD :: 20
 :: Exist file :: /LUSTRE/home/fmsanchez/GDarkSUSY/data/Events_10000/MneuL_10/MneuD_0.25/MphoD_0.25/lhe/run_01_decayed_1/unweighted_events.lhe
 :: File *.lhe exist or is running :: 
 :: Not exist file :: /LUSTRE/home/fmsanchez/GDarkSUSY/data/RUN_lhe_DarkSUSY_LHE_Event_10000_MNeuL_10_MNeuD_0.25_MPhoD_0.25_.txt
 :: Not exist file :: /LUSTRE/home/fmsanchez/GDarkSUSY/data/RUN_lhe_DarkSUSY_LHE_Event_10000_MNeuL_10_MNeuD_0.25_MPhoD_0.25_.root
 :: Exist file :: /LUSTRE/home/fmsanchez/GDarkSUSY/data/Events_10000/MneuL_10/MneuD_0.25/MphoD_0.25/lhe/run_01_decayed_1/unweighted_events.lhe
 :: Not exist file :: /LUSTRE/home/fmsanchez/GDarkSUSY/data/Events_10000/MneuL_10/MneuD_0.25/MphoD_0.25/DarkSUSY_CMS_Event_10000_MNeuL_10_MNeuD_0.25_MPhoD_0.25_TcPhoD_20_.txt
 :: Exist file :: /LUSTRE/home/fmsanchez/GDarkSUSY/data/Events_10000/MneuL_10/MneuD_0.25/MphoD_0.25/DarkSUSY_CMS_Event_10000_MNeuL_10_MNeuD_0.25_MPhoD_0.25_TcPhoD_20_.root
 :: File *.root exist or is runing :: 
 :: Exist file :: /LUSTRE/home/fmsanchez/GDarkSUSY/data/Events_10000/MneuL_10/MneuD_0.25/MphoD_0.25/DarkSUSY_CMS_Event_10000_MNeuL_10_MNeuD_0.25_MPhoD_0.25_TcPhoD_20_.root
 :: Exist file :: /LUSTRE/home/fmsanchez/GDarkSUSY/data/Events_10000/MneuL_10/MneuD_0.25/MphoD_0.25/Mu_min4/Mu4_DarkSUSY_CMS_Event_10000_MNeuL_10_MNeuD_0.25_MPhoD_0.25_TcPhoD_20_.root
 :: File *.root reduction exist :: 
 ************************* CORRIDA NUEVA ************************* 
 :: Condiciones de Trabajo :: 
 :: Events :: 10000 :: MneuL :: 10 :: MneuD :: 0.25 :: MphoD :: 0.25 :: TcPhoD :: 30
 :: Exist file :: /LUSTRE/home/fmsanchez/GDarkSUSY/data/Events_10000/MneuL_10/MneuD_0.25/MphoD_0.25/lhe/run_01_decayed_1/unweighted_events.lhe
 :: File *.lhe exist or is running :: 
 :: Not exist file :: /LUSTRE/home/fmsanchez/GDarkSUSY/data/RUN_lhe_DarkSUSY_LHE_Event_10000_MNeuL_10_MNeuD_0.25_MPhoD_0.25_.txt
 :: Not exist file :: /LUSTRE/home/fmsanchez/GDarkSUSY/data/RUN_lhe_DarkSUSY_LHE_Event_10000_MNeuL_10_MNeuD_0.25_MPhoD_0.25_.root
 :: Exist file :: /LUSTRE/home/fmsanchez/GDarkSUSY/data/Events_10000/MneuL_10/MneuD_0.25/MphoD_0.25/lhe/run_01_decayed_1/unweighted_events.lhe
 :: Not exist file :: /LUSTRE/home/fmsanchez/GDarkSUSY/data/Events_10000/MneuL_10/MneuD_0.25/MphoD_0.25/DarkSUSY_CMS_Event_10000_MNeuL_10_MNeuD_0.25_MPhoD_0.25_TcPhoD_30_.txt
 :: Exist file :: /LUSTRE/home/fmsanchez/GDarkSUSY/data/Events_10000/MneuL_10/MneuD_0.25/MphoD_0.25/DarkSUSY_CMS_Event_10000_MNeuL_10_MNeuD_0.25_MPhoD_0.25_TcPhoD_30_.root
 :: File *.root exist or is runing :: 
 :: Exist file :: /LUSTRE/home/fmsanchez/GDarkSUSY/data/Events_10000/MneuL_10/MneuD_0.25/MphoD_0.25/DarkSUSY_CMS_Event_10000_MNeuL_10_MNeuD_0.25_MPhoD_0.25_TcPhoD_30_.root
 :: Exist file :: /LUSTRE/home/fmsanchez/GDarkSUSY/data/Events_10000/MneuL_10/MneuD_0.25/MphoD_0.25/Mu_min4/Mu4_DarkSUSY_CMS_Event_10000_MNeuL_10_MNeuD_0.25_MPhoD_0.25_TcPhoD_30_.root
 :: File *.root reduction exist :: 
 ************************* CORRIDA NUEVA ************************* 
 :: Condiciones de Trabajo :: 
 :: Events :: 10000 :: MneuL :: 10 :: MneuD :: 0.25 :: MphoD :: 0.25 :: TcPhoD :: 40
 :: Exist file :: /LUSTRE/home/fmsanchez/GDarkSUSY/data/Events_10000/MneuL_10/MneuD_0.25/MphoD_0.25/lhe/run_01_decayed_1/unweighted_events.lhe
 :: File *.lhe exist or is running :: 
 :: Not exist file :: /LUSTRE/home/fmsanchez/GDarkSUSY/data/RUN_lhe_DarkSUSY_LHE_Event_10000_MNeuL_10_MNeuD_0.25_MPhoD_0.25_.txt
 :: Not exist file :: /LUSTRE/home/fmsanchez/GDarkSUSY/data/RUN_lhe_DarkSUSY_LHE_Event_10000_MNeuL_10_MNeuD_0.25_MPhoD_0.25_.root
 :: Exist file :: /LUSTRE/home/fmsanchez/GDarkSUSY/data/Events_10000/MneuL_10/MneuD_0.25/MphoD_0.25/lhe/run_01_decayed_1/unweighted_events.lhe
 :: Not exist file :: /LUSTRE/home/fmsanchez/GDarkSUSY/data/Events_10000/MneuL_10/MneuD_0.25/MphoD_0.25/DarkSUSY_CMS_Event_10000_MNeuL_10_MNeuD_0.25_MPhoD_0.25_TcPhoD_40_.txt
 :: Exist file :: /LUSTRE/home/fmsanchez/GDarkSUSY/data/Events_10000/MneuL_10/MneuD_0.25/MphoD_0.25/DarkSUSY_CMS_Event_10000_MNeuL_10_MNeuD_0.25_MPhoD_0.25_TcPhoD_40_.root
 :: File *.root exist or is runing :: 
 :: Exist file :: /LUSTRE/home/fmsanchez/GDarkSUSY/data/Events_10000/MneuL_10/MneuD_0.25/MphoD_0.25/DarkSUSY_CMS_Event_10000_MNeuL_10_MNeuD_0.25_MPhoD_0.25_TcPhoD_40_.root
 :: Exist file :: /LUSTRE/home/fmsanchez/GDarkSUSY/data/Events_10000/MneuL_10/MneuD_0.25/MphoD_0.25/Mu_min4/Mu4_DarkSUSY_CMS_Event_10000_MNeuL_10_MNeuD_0.25_MPhoD_0.25_TcPhoD_40_.root
 :: File *.root reduction exist :: 
 ************************* CORRIDA NUEVA ************************* 
 :: Condiciones de Trabajo :: 
 :: Events :: 10000 :: MneuL :: 10 :: MneuD :: 0.25 :: MphoD :: 0.25 :: TcPhoD :: 50
 :: Exist file :: /LUSTRE/home/fmsanchez/GDarkSUSY/data/Events_10000/MneuL_10/MneuD_0.25/MphoD_0.25/lhe/run_01_decayed_1/unweighted_events.lhe
 :: File *.lhe exist or is running :: 
 :: Not exist file :: /LUSTRE/home/fmsanchez/GDarkSUSY/data/RUN_lhe_DarkSUSY_LHE_Event_10000_MNeuL_10_MNeuD_0.25_MPhoD_0.25_.txt
 :: Not exist file :: /LUSTRE/home/fmsanchez/GDarkSUSY/data/RUN_lhe_DarkSUSY_LHE_Event_10000_MNeuL_10_MNeuD_0.25_MPhoD_0.25_.root
 :: Exist file :: /LUSTRE/home/fmsanchez/GDarkSUSY/data/Events_10000/MneuL_10/MneuD_0.25/MphoD_0.25/lhe/run_01_decayed_1/unweighted_events.lhe
 :: Not exist file :: /LUSTRE/home/fmsanchez/GDarkSUSY/data/Events_10000/MneuL_10/MneuD_0.25/MphoD_0.25/DarkSUSY_CMS_Event_10000_MNeuL_10_MNeuD_0.25_MPhoD_0.25_TcPhoD_50_.txt
 :: Exist file :: /LUSTRE/home/fmsanchez/GDarkSUSY/data/Events_10000/MneuL_10/MneuD_0.25/MphoD_0.25/DarkSUSY_CMS_Event_10000_MNeuL_10_MNeuD_0.25_MPhoD_0.25_TcPhoD_50_.root
 :: File *.root exist or is runing :: 
 :: Exist file :: /LUSTRE/home/fmsanchez/GDarkSUSY/data/Events_10000/MneuL_10/MneuD_0.25/MphoD_0.25/DarkSUSY_CMS_Event_10000_MNeuL_10_MNeuD_0.25_MPhoD_0.25_TcPhoD_50_.root
 :: Exist file :: /LUSTRE/home/fmsanchez/GDarkSUSY/data/Events_10000/MneuL_10/MneuD_0.25/MphoD_0.25/Mu_min4/Mu4_DarkSUSY_CMS_Event_10000_MNeuL_10_MNeuD_0.25_MPhoD_0.25_TcPhoD_50_.root
 :: File *.root reduction exist :: 
 ************************* CORRIDA NUEVA ************************* 
 :: Condiciones de Trabajo :: 
 :: Events :: 10000 :: MneuL :: 10 :: MneuD :: 0.25 :: MphoD :: 0.25 :: TcPhoD :: 60
 :: Exist file :: /LUSTRE/home/fmsanchez/GDarkSUSY/data/Events_10000/MneuL_10/MneuD_0.25/MphoD_0.25/lhe/run_01_decayed_1/unweighted_events.lhe
 :: File *.lhe exist or is running :: 
 :: Not exist file :: /LUSTRE/home/fmsanchez/GDarkSUSY/data/RUN_lhe_DarkSUSY_LHE_Event_10000_MNeuL_10_MNeuD_0.25_MPhoD_0.25_.txt
 :: Not exist file :: /LUSTRE/home/fmsanchez/GDarkSUSY/data/RUN_lhe_DarkSUSY_LHE_Event_10000_MNeuL_10_MNeuD_0.25_MPhoD_0.25_.root
 :: Exist file :: /LUSTRE/home/fmsanchez/GDarkSUSY/data/Events_10000/MneuL_10/MneuD_0.25/MphoD_0.25/lhe/run_01_decayed_1/unweighted_events.lhe
 :: Not exist file :: /LUSTRE/home/fmsanchez/GDarkSUSY/data/Events_10000/MneuL_10/MneuD_0.25/MphoD_0.25/DarkSUSY_CMS_Event_10000_MNeuL_10_MNeuD_0.25_MPhoD_0.25_TcPhoD_60_.txt
 :: Exist file :: /LUSTRE/home/fmsanchez/GDarkSUSY/data/Events_10000/MneuL_10/MneuD_0.25/MphoD_0.25/DarkSUSY_CMS_Event_10000_MNeuL_10_MNeuD_0.25_MPhoD_0.25_TcPhoD_60_.root
 :: File *.root exist or is runing :: 
 :: Exist file :: /LUSTRE/home/fmsanchez/GDarkSUSY/data/Events_10000/MneuL_10/MneuD_0.25/MphoD_0.25/DarkSUSY_CMS_Event_10000_MNeuL_10_MNeuD_0.25_MPhoD_0.25_TcPhoD_60_.root
 :: Exist file :: /LUSTRE/home/fmsanchez/GDarkSUSY/data/Events_10000/MneuL_10/MneuD_0.25/MphoD_0.25/Mu_min4/Mu4_DarkSUSY_CMS_Event_10000_MNeuL_10_MNeuD_0.25_MPhoD_0.25_TcPhoD_60_.root
 :: File *.root reduction exist :: 
 ************************* CORRIDA NUEVA ************************* 
 :: Condiciones de Trabajo :: 
 :: Events :: 10000 :: MneuL :: 10 :: MneuD :: 0.25 :: MphoD :: 0.25 :: TcPhoD :: 70
 :: Exist file :: /LUSTRE/home/fmsanchez/GDarkSUSY/data/Events_10000/MneuL_10/MneuD_0.25/MphoD_0.25/lhe/run_01_decayed_1/unweighted_events.lhe
 :: File *.lhe exist or is running :: 
 :: Not exist file :: /LUSTRE/home/fmsanchez/GDarkSUSY/data/RUN_lhe_DarkSUSY_LHE_Event_10000_MNeuL_10_MNeuD_0.25_MPhoD_0.25_.txt
 :: Not exist file :: /LUSTRE/home/fmsanchez/GDarkSUSY/data/RUN_lhe_DarkSUSY_LHE_Event_10000_MNeuL_10_MNeuD_0.25_MPhoD_0.25_.root
 :: Exist file :: /LUSTRE/home/fmsanchez/GDarkSUSY/data/Events_10000/MneuL_10/MneuD_0.25/MphoD_0.25/lhe/run_01_decayed_1/unweighted_events.lhe
 :: Not exist file :: /LUSTRE/home/fmsanchez/GDarkSUSY/data/Events_10000/MneuL_10/MneuD_0.25/MphoD_0.25/DarkSUSY_CMS_Event_10000_MNeuL_10_MNeuD_0.25_MPhoD_0.25_TcPhoD_70_.txt
 :: Exist file :: /LUSTRE/home/fmsanchez/GDarkSUSY/data/Events_10000/MneuL_10/MneuD_0.25/MphoD_0.25/DarkSUSY_CMS_Event_10000_MNeuL_10_MNeuD_0.25_MPhoD_0.25_TcPhoD_70_.root
 :: File *.root exist or is runing :: 
 :: Exist file :: /LUSTRE/home/fmsanchez/GDarkSUSY/data/Events_10000/MneuL_10/MneuD_0.25/MphoD_0.25/DarkSUSY_CMS_Event_10000_MNeuL_10_MNeuD_0.25_MPhoD_0.25_TcPhoD_70_.root
 :: Exist file :: /LUSTRE/home/fmsanchez/GDarkSUSY/data/Events_10000/MneuL_10/MneuD_0.25/MphoD_0.25/Mu_min4/Mu4_DarkSUSY_CMS_Event_10000_MNeuL_10_MNeuD_0.25_MPhoD_0.25_TcPhoD_70_.root
 :: File *.root reduction exist :: 
 ************************* CORRIDA NUEVA ************************* 
 :: Condiciones de Trabajo :: 
 :: Events :: 10000 :: MneuL :: 10 :: MneuD :: 0.25 :: MphoD :: 0.25 :: TcPhoD :: 80
 :: Exist file :: /LUSTRE/home/fmsanchez/GDarkSUSY/data/Events_10000/MneuL_10/MneuD_0.25/MphoD_0.25/lhe/run_01_decayed_1/unweighted_events.lhe
 :: File *.lhe exist or is running :: 
 :: Not exist file :: /LUSTRE/home/fmsanchez/GDarkSUSY/data/RUN_lhe_DarkSUSY_LHE_Event_10000_MNeuL_10_MNeuD_0.25_MPhoD_0.25_.txt
 :: Not exist file :: /LUSTRE/home/fmsanchez/GDarkSUSY/data/RUN_lhe_DarkSUSY_LHE_Event_10000_MNeuL_10_MNeuD_0.25_MPhoD_0.25_.root
 :: Exist file :: /LUSTRE/home/fmsanchez/GDarkSUSY/data/Events_10000/MneuL_10/MneuD_0.25/MphoD_0.25/lhe/run_01_decayed_1/unweighted_events.lhe
 :: Not exist file :: /LUSTRE/home/fmsanchez/GDarkSUSY/data/Events_10000/MneuL_10/MneuD_0.25/MphoD_0.25/DarkSUSY_CMS_Event_10000_MNeuL_10_MNeuD_0.25_MPhoD_0.25_TcPhoD_80_.txt
 :: Exist file :: /LUSTRE/home/fmsanchez/GDarkSUSY/data/Events_10000/MneuL_10/MneuD_0.25/MphoD_0.25/DarkSUSY_CMS_Event_10000_MNeuL_10_MNeuD_0.25_MPhoD_0.25_TcPhoD_80_.root
 :: File *.root exist or is runing :: 
 :: Exist file :: /LUSTRE/home/fmsanchez/GDarkSUSY/data/Events_10000/MneuL_10/MneuD_0.25/MphoD_0.25/DarkSUSY_CMS_Event_10000_MNeuL_10_MNeuD_0.25_MPhoD_0.25_TcPhoD_80_.root
 :: Exist file :: /LUSTRE/home/fmsanchez/GDarkSUSY/data/Events_10000/MneuL_10/MneuD_0.25/MphoD_0.25/Mu_min4/Mu4_DarkSUSY_CMS_Event_10000_MNeuL_10_MNeuD_0.25_MPhoD_0.25_TcPhoD_80_.root
 :: File *.root reduction exist :: 
 ************************* CORRIDA NUEVA ************************* 
 :: Condiciones de Trabajo :: 
 :: Events :: 10000 :: MneuL :: 10 :: MneuD :: 0.25 :: MphoD :: 0.25 :: TcPhoD :: 90
 :: Exist file :: /LUSTRE/home/fmsanchez/GDarkSUSY/data/Events_10000/MneuL_10/MneuD_0.25/MphoD_0.25/lhe/run_01_decayed_1/unweighted_events.lhe
 :: File *.lhe exist or is running :: 
 :: Not exist file :: /LUSTRE/home/fmsanchez/GDarkSUSY/data/RUN_lhe_DarkSUSY_LHE_Event_10000_MNeuL_10_MNeuD_0.25_MPhoD_0.25_.txt
 :: Not exist file :: /LUSTRE/home/fmsanchez/GDarkSUSY/data/RUN_lhe_DarkSUSY_LHE_Event_10000_MNeuL_10_MNeuD_0.25_MPhoD_0.25_.root
 :: Exist file :: /LUSTRE/home/fmsanchez/GDarkSUSY/data/Events_10000/MneuL_10/MneuD_0.25/MphoD_0.25/lhe/run_01_decayed_1/unweighted_events.lhe
 :: Not exist file :: /LUSTRE/home/fmsanchez/GDarkSUSY/data/Events_10000/MneuL_10/MneuD_0.25/MphoD_0.25/DarkSUSY_CMS_Event_10000_MNeuL_10_MNeuD_0.25_MPhoD_0.25_TcPhoD_90_.txt
 :: Exist file :: /LUSTRE/home/fmsanchez/GDarkSUSY/data/Events_10000/MneuL_10/MneuD_0.25/MphoD_0.25/DarkSUSY_CMS_Event_10000_MNeuL_10_MNeuD_0.25_MPhoD_0.25_TcPhoD_90_.root
 :: File *.root exist or is runing :: 
 :: Exist file :: /LUSTRE/home/fmsanchez/GDarkSUSY/data/Events_10000/MneuL_10/MneuD_0.25/MphoD_0.25/DarkSUSY_CMS_Event_10000_MNeuL_10_MNeuD_0.25_MPhoD_0.25_TcPhoD_90_.root
 :: Exist file :: /LUSTRE/home/fmsanchez/GDarkSUSY/data/Events_10000/MneuL_10/MneuD_0.25/MphoD_0.25/Mu_min4/Mu4_DarkSUSY_CMS_Event_10000_MNeuL_10_MNeuD_0.25_MPhoD_0.25_TcPhoD_90_.root
 :: File *.root reduction exist :: 
 ************************* CORRIDA NUEVA ************************* 
 :: Condiciones de Trabajo :: 
 :: Events :: 10000 :: MneuL :: 10 :: MneuD :: 0.25 :: MphoD :: 0.25 :: TcPhoD :: 100
 :: Exist file :: /LUSTRE/home/fmsanchez/GDarkSUSY/data/Events_10000/MneuL_10/MneuD_0.25/MphoD_0.25/lhe/run_01_decayed_1/unweighted_events.lhe
 :: File *.lhe exist or is running :: 
 :: Not exist file :: /LUSTRE/home/fmsanchez/GDarkSUSY/data/RUN_lhe_DarkSUSY_LHE_Event_10000_MNeuL_10_MNeuD_0.25_MPhoD_0.25_.txt
 :: Not exist file :: /LUSTRE/home/fmsanchez/GDarkSUSY/data/RUN_lhe_DarkSUSY_LHE_Event_10000_MNeuL_10_MNeuD_0.25_MPhoD_0.25_.root
 :: Exist file :: /LUSTRE/home/fmsanchez/GDarkSUSY/data/Events_10000/MneuL_10/MneuD_0.25/MphoD_0.25/lhe/run_01_decayed_1/unweighted_events.lhe
 :: Not exist file :: /LUSTRE/home/fmsanchez/GDarkSUSY/data/Events_10000/MneuL_10/MneuD_0.25/MphoD_0.25/DarkSUSY_CMS_Event_10000_MNeuL_10_MNeuD_0.25_MPhoD_0.25_TcPhoD_100_.txt
 :: Exist file :: /LUSTRE/home/fmsanchez/GDarkSUSY/data/Events_10000/MneuL_10/MneuD_0.25/MphoD_0.25/DarkSUSY_CMS_Event_10000_MNeuL_10_MNeuD_0.25_MPhoD_0.25_TcPhoD_100_.root
 :: File *.root exist or is runing :: 
 :: Exist file :: /LUSTRE/home/fmsanchez/GDarkSUSY/data/Events_10000/MneuL_10/MneuD_0.25/MphoD_0.25/DarkSUSY_CMS_Event_10000_MNeuL_10_MNeuD_0.25_MPhoD_0.25_TcPhoD_100_.root
 :: Exist file :: /LUSTRE/home/fmsanchez/GDarkSUSY/data/Events_10000/MneuL_10/MneuD_0.25/MphoD_0.25/Mu_min4/Mu4_DarkSUSY_CMS_Event_10000_MNeuL_10_MNeuD_0.25_MPhoD_0.25_TcPhoD_100_.root
 :: File *.root reduction exist :: 
 ************************* CORRIDA NUEVA ************************* 
 :: Condiciones de Trabajo :: 
 :: Events :: 10000 :: MneuL :: 10 :: MneuD :: 0.25 :: MphoD :: 1 :: TcPhoD :: 0
 :: Exist file :: /LUSTRE/home/fmsanchez/GDarkSUSY/data/Events_10000/MneuL_10/MneuD_0.25/MphoD_1/lhe/run_01_decayed_1/unweighted_events.lhe
 :: File *.lhe exist or is running :: 
 :: Not exist file :: /LUSTRE/home/fmsanchez/GDarkSUSY/data/RUN_lhe_DarkSUSY_LHE_Event_10000_MNeuL_10_MNeuD_0.25_MPhoD_1_.txt
 :: Not exist file :: /LUSTRE/home/fmsanchez/GDarkSUSY/data/RUN_lhe_DarkSUSY_LHE_Event_10000_MNeuL_10_MNeuD_0.25_MPhoD_1_.root
 :: Exist file :: /LUSTRE/home/fmsanchez/GDarkSUSY/data/Events_10000/MneuL_10/MneuD_0.25/MphoD_1/lhe/run_01_decayed_1/unweighted_events.lhe
 :: Not exist file :: /LUSTRE/home/fmsanchez/GDarkSUSY/data/Events_10000/MneuL_10/MneuD_0.25/MphoD_1/DarkSUSY_CMS_Event_10000_MNeuL_10_MNeuD_0.25_MPhoD_1_TcPhoD_0_.txt
 :: Exist file :: /LUSTRE/home/fmsanchez/GDarkSUSY/data/Events_10000/MneuL_10/MneuD_0.25/MphoD_1/DarkSUSY_CMS_Event_10000_MNeuL_10_MNeuD_0.25_MPhoD_1_TcPhoD_0_.root
 :: File *.root exist or is runing :: 
 :: Exist file :: /LUSTRE/home/fmsanchez/GDarkSUSY/data/Events_10000/MneuL_10/MneuD_0.25/MphoD_1/DarkSUSY_CMS_Event_10000_MNeuL_10_MNeuD_0.25_MPhoD_1_TcPhoD_0_.root
 :: Exist file :: /LUSTRE/home/fmsanchez/GDarkSUSY/data/Events_10000/MneuL_10/MneuD_0.25/MphoD_1/Mu_min4/Mu4_DarkSUSY_CMS_Event_10000_MNeuL_10_MNeuD_0.25_MPhoD_1_TcPhoD_0_.root
 :: File *.root reduction exist :: 
 ************************* CORRIDA NUEVA ************************* 
 :: Condiciones de Trabajo :: 
 :: Events :: 10000 :: MneuL :: 10 :: MneuD :: 0.25 :: MphoD :: 1 :: TcPhoD :: 5
 :: Exist file :: /LUSTRE/home/fmsanchez/GDarkSUSY/data/Events_10000/MneuL_10/MneuD_0.25/MphoD_1/lhe/run_01_decayed_1/unweighted_events.lhe
 :: File *.lhe exist or is running :: 
 :: Not exist file :: /LUSTRE/home/fmsanchez/GDarkSUSY/data/RUN_lhe_DarkSUSY_LHE_Event_10000_MNeuL_10_MNeuD_0.25_MPhoD_1_.txt
 :: Not exist file :: /LUSTRE/home/fmsanchez/GDarkSUSY/data/RUN_lhe_DarkSUSY_LHE_Event_10000_MNeuL_10_MNeuD_0.25_MPhoD_1_.root
 :: Exist file :: /LUSTRE/home/fmsanchez/GDarkSUSY/data/Events_10000/MneuL_10/MneuD_0.25/MphoD_1/lhe/run_01_decayed_1/unweighted_events.lhe
 :: Not exist file :: /LUSTRE/home/fmsanchez/GDarkSUSY/data/Events_10000/MneuL_10/MneuD_0.25/MphoD_1/DarkSUSY_CMS_Event_10000_MNeuL_10_MNeuD_0.25_MPhoD_1_TcPhoD_5_.txt
 :: Exist file :: /LUSTRE/home/fmsanchez/GDarkSUSY/data/Events_10000/MneuL_10/MneuD_0.25/MphoD_1/DarkSUSY_CMS_Event_10000_MNeuL_10_MNeuD_0.25_MPhoD_1_TcPhoD_5_.root
 :: File *.root exist or is runing :: 
 :: Exist file :: /LUSTRE/home/fmsanchez/GDarkSUSY/data/Events_10000/MneuL_10/MneuD_0.25/MphoD_1/DarkSUSY_CMS_Event_10000_MNeuL_10_MNeuD_0.25_MPhoD_1_TcPhoD_5_.root
 :: Exist file :: /LUSTRE/home/fmsanchez/GDarkSUSY/data/Events_10000/MneuL_10/MneuD_0.25/MphoD_1/Mu_min4/Mu4_DarkSUSY_CMS_Event_10000_MNeuL_10_MNeuD_0.25_MPhoD_1_TcPhoD_5_.root
 :: File *.root reduction exist :: 
 ************************* CORRIDA NUEVA ************************* 
 :: Condiciones de Trabajo :: 
 :: Events :: 10000 :: MneuL :: 10 :: MneuD :: 0.25 :: MphoD :: 1 :: TcPhoD :: 10
 :: Exist file :: /LUSTRE/home/fmsanchez/GDarkSUSY/data/Events_10000/MneuL_10/MneuD_0.25/MphoD_1/lhe/run_01_decayed_1/unweighted_events.lhe
 :: File *.lhe exist or is running :: 
 :: Not exist file :: /LUSTRE/home/fmsanchez/GDarkSUSY/data/RUN_lhe_DarkSUSY_LHE_Event_10000_MNeuL_10_MNeuD_0.25_MPhoD_1_.txt
 :: Not exist file :: /LUSTRE/home/fmsanchez/GDarkSUSY/data/RUN_lhe_DarkSUSY_LHE_Event_10000_MNeuL_10_MNeuD_0.25_MPhoD_1_.root
 :: Exist file :: /LUSTRE/home/fmsanchez/GDarkSUSY/data/Events_10000/MneuL_10/MneuD_0.25/MphoD_1/lhe/run_01_decayed_1/unweighted_events.lhe
 :: Not exist file :: /LUSTRE/home/fmsanchez/GDarkSUSY/data/Events_10000/MneuL_10/MneuD_0.25/MphoD_1/DarkSUSY_CMS_Event_10000_MNeuL_10_MNeuD_0.25_MPhoD_1_TcPhoD_10_.txt
 :: Exist file :: /LUSTRE/home/fmsanchez/GDarkSUSY/data/Events_10000/MneuL_10/MneuD_0.25/MphoD_1/DarkSUSY_CMS_Event_10000_MNeuL_10_MNeuD_0.25_MPhoD_1_TcPhoD_10_.root
 :: File *.root exist or is runing :: 
 :: Exist file :: /LUSTRE/home/fmsanchez/GDarkSUSY/data/Events_10000/MneuL_10/MneuD_0.25/MphoD_1/DarkSUSY_CMS_Event_10000_MNeuL_10_MNeuD_0.25_MPhoD_1_TcPhoD_10_.root
 :: Exist file :: /LUSTRE/home/fmsanchez/GDarkSUSY/data/Events_10000/MneuL_10/MneuD_0.25/MphoD_1/Mu_min4/Mu4_DarkSUSY_CMS_Event_10000_MNeuL_10_MNeuD_0.25_MPhoD_1_TcPhoD_10_.root
 :: File *.root reduction exist :: 
 ************************* CORRIDA NUEVA ************************* 
 :: Condiciones de Trabajo :: 
 :: Events :: 10000 :: MneuL :: 10 :: MneuD :: 0.25 :: MphoD :: 1 :: TcPhoD :: 20
 :: Exist file :: /LUSTRE/home/fmsanchez/GDarkSUSY/data/Events_10000/MneuL_10/MneuD_0.25/MphoD_1/lhe/run_01_decayed_1/unweighted_events.lhe
 :: File *.lhe exist or is running :: 
 :: Not exist file :: /LUSTRE/home/fmsanchez/GDarkSUSY/data/RUN_lhe_DarkSUSY_LHE_Event_10000_MNeuL_10_MNeuD_0.25_MPhoD_1_.txt
 :: Not exist file :: /LUSTRE/home/fmsanchez/GDarkSUSY/data/RUN_lhe_DarkSUSY_LHE_Event_10000_MNeuL_10_MNeuD_0.25_MPhoD_1_.root
 :: Exist file :: /LUSTRE/home/fmsanchez/GDarkSUSY/data/Events_10000/MneuL_10/MneuD_0.25/MphoD_1/lhe/run_01_decayed_1/unweighted_events.lhe
 :: Not exist file :: /LUSTRE/home/fmsanchez/GDarkSUSY/data/Events_10000/MneuL_10/MneuD_0.25/MphoD_1/DarkSUSY_CMS_Event_10000_MNeuL_10_MNeuD_0.25_MPhoD_1_TcPhoD_20_.txt
 :: Exist file :: /LUSTRE/home/fmsanchez/GDarkSUSY/data/Events_10000/MneuL_10/MneuD_0.25/MphoD_1/DarkSUSY_CMS_Event_10000_MNeuL_10_MNeuD_0.25_MPhoD_1_TcPhoD_20_.root
 :: File *.root exist or is runing :: 
 :: Exist file :: /LUSTRE/home/fmsanchez/GDarkSUSY/data/Events_10000/MneuL_10/MneuD_0.25/MphoD_1/DarkSUSY_CMS_Event_10000_MNeuL_10_MNeuD_0.25_MPhoD_1_TcPhoD_20_.root
 :: Exist file :: /LUSTRE/home/fmsanchez/GDarkSUSY/data/Events_10000/MneuL_10/MneuD_0.25/MphoD_1/Mu_min4/Mu4_DarkSUSY_CMS_Event_10000_MNeuL_10_MNeuD_0.25_MPhoD_1_TcPhoD_20_.root
 :: File *.root reduction exist :: 
 ************************* CORRIDA NUEVA ************************* 
 :: Condiciones de Trabajo :: 
 :: Events :: 10000 :: MneuL :: 10 :: MneuD :: 0.25 :: MphoD :: 1 :: TcPhoD :: 30
 :: Exist file :: /LUSTRE/home/fmsanchez/GDarkSUSY/data/Events_10000/MneuL_10/MneuD_0.25/MphoD_1/lhe/run_01_decayed_1/unweighted_events.lhe
 :: File *.lhe exist or is running :: 
 :: Not exist file :: /LUSTRE/home/fmsanchez/GDarkSUSY/data/RUN_lhe_DarkSUSY_LHE_Event_10000_MNeuL_10_MNeuD_0.25_MPhoD_1_.txt
 :: Not exist file :: /LUSTRE/home/fmsanchez/GDarkSUSY/data/RUN_lhe_DarkSUSY_LHE_Event_10000_MNeuL_10_MNeuD_0.25_MPhoD_1_.root
 :: Exist file :: /LUSTRE/home/fmsanchez/GDarkSUSY/data/Events_10000/MneuL_10/MneuD_0.25/MphoD_1/lhe/run_01_decayed_1/unweighted_events.lhe
 :: Not exist file :: /LUSTRE/home/fmsanchez/GDarkSUSY/data/Events_10000/MneuL_10/MneuD_0.25/MphoD_1/DarkSUSY_CMS_Event_10000_MNeuL_10_MNeuD_0.25_MPhoD_1_TcPhoD_30_.txt
 :: Exist file :: /LUSTRE/home/fmsanchez/GDarkSUSY/data/Events_10000/MneuL_10/MneuD_0.25/MphoD_1/DarkSUSY_CMS_Event_10000_MNeuL_10_MNeuD_0.25_MPhoD_1_TcPhoD_30_.root
 :: File *.root exist or is runing :: 
 :: Exist file :: /LUSTRE/home/fmsanchez/GDarkSUSY/data/Events_10000/MneuL_10/MneuD_0.25/MphoD_1/DarkSUSY_CMS_Event_10000_MNeuL_10_MNeuD_0.25_MPhoD_1_TcPhoD_30_.root
 :: Exist file :: /LUSTRE/home/fmsanchez/GDarkSUSY/data/Events_10000/MneuL_10/MneuD_0.25/MphoD_1/Mu_min4/Mu4_DarkSUSY_CMS_Event_10000_MNeuL_10_MNeuD_0.25_MPhoD_1_TcPhoD_30_.root
 :: File *.root reduction exist :: 
 ************************* CORRIDA NUEVA ************************* 
 :: Condiciones de Trabajo :: 
 :: Events :: 10000 :: MneuL :: 10 :: MneuD :: 0.25 :: MphoD :: 1 :: TcPhoD :: 40
 :: Exist file :: /LUSTRE/home/fmsanchez/GDarkSUSY/data/Events_10000/MneuL_10/MneuD_0.25/MphoD_1/lhe/run_01_decayed_1/unweighted_events.lhe
 :: File *.lhe exist or is running :: 
 :: Not exist file :: /LUSTRE/home/fmsanchez/GDarkSUSY/data/RUN_lhe_DarkSUSY_LHE_Event_10000_MNeuL_10_MNeuD_0.25_MPhoD_1_.txt
 :: Not exist file :: /LUSTRE/home/fmsanchez/GDarkSUSY/data/RUN_lhe_DarkSUSY_LHE_Event_10000_MNeuL_10_MNeuD_0.25_MPhoD_1_.root
 :: Exist file :: /LUSTRE/home/fmsanchez/GDarkSUSY/data/Events_10000/MneuL_10/MneuD_0.25/MphoD_1/lhe/run_01_decayed_1/unweighted_events.lhe
 :: Not exist file :: /LUSTRE/home/fmsanchez/GDarkSUSY/data/Events_10000/MneuL_10/MneuD_0.25/MphoD_1/DarkSUSY_CMS_Event_10000_MNeuL_10_MNeuD_0.25_MPhoD_1_TcPhoD_40_.txt
 :: Exist file :: /LUSTRE/home/fmsanchez/GDarkSUSY/data/Events_10000/MneuL_10/MneuD_0.25/MphoD_1/DarkSUSY_CMS_Event_10000_MNeuL_10_MNeuD_0.25_MPhoD_1_TcPhoD_40_.root
 :: File *.root exist or is runing :: 
 :: Exist file :: /LUSTRE/home/fmsanchez/GDarkSUSY/data/Events_10000/MneuL_10/MneuD_0.25/MphoD_1/DarkSUSY_CMS_Event_10000_MNeuL_10_MNeuD_0.25_MPhoD_1_TcPhoD_40_.root
 :: Exist file :: /LUSTRE/home/fmsanchez/GDarkSUSY/data/Events_10000/MneuL_10/MneuD_0.25/MphoD_1/Mu_min4/Mu4_DarkSUSY_CMS_Event_10000_MNeuL_10_MNeuD_0.25_MPhoD_1_TcPhoD_40_.root
 :: File *.root reduction exist :: 
 ************************* CORRIDA NUEVA ************************* 
 :: Condiciones de Trabajo :: 
 :: Events :: 10000 :: MneuL :: 10 :: MneuD :: 0.25 :: MphoD :: 1 :: TcPhoD :: 50
 :: Exist file :: /LUSTRE/home/fmsanchez/GDarkSUSY/data/Events_10000/MneuL_10/MneuD_0.25/MphoD_1/lhe/run_01_decayed_1/unweighted_events.lhe
 :: File *.lhe exist or is running :: 
 :: Not exist file :: /LUSTRE/home/fmsanchez/GDarkSUSY/data/RUN_lhe_DarkSUSY_LHE_Event_10000_MNeuL_10_MNeuD_0.25_MPhoD_1_.txt
 :: Not exist file :: /LUSTRE/home/fmsanchez/GDarkSUSY/data/RUN_lhe_DarkSUSY_LHE_Event_10000_MNeuL_10_MNeuD_0.25_MPhoD_1_.root
 :: Exist file :: /LUSTRE/home/fmsanchez/GDarkSUSY/data/Events_10000/MneuL_10/MneuD_0.25/MphoD_1/lhe/run_01_decayed_1/unweighted_events.lhe
 :: Not exist file :: /LUSTRE/home/fmsanchez/GDarkSUSY/data/Events_10000/MneuL_10/MneuD_0.25/MphoD_1/DarkSUSY_CMS_Event_10000_MNeuL_10_MNeuD_0.25_MPhoD_1_TcPhoD_50_.txt
 :: Exist file :: /LUSTRE/home/fmsanchez/GDarkSUSY/data/Events_10000/MneuL_10/MneuD_0.25/MphoD_1/DarkSUSY_CMS_Event_10000_MNeuL_10_MNeuD_0.25_MPhoD_1_TcPhoD_50_.root
 :: File *.root exist or is runing :: 
 :: Exist file :: /LUSTRE/home/fmsanchez/GDarkSUSY/data/Events_10000/MneuL_10/MneuD_0.25/MphoD_1/DarkSUSY_CMS_Event_10000_MNeuL_10_MNeuD_0.25_MPhoD_1_TcPhoD_50_.root
 :: Exist file :: /LUSTRE/home/fmsanchez/GDarkSUSY/data/Events_10000/MneuL_10/MneuD_0.25/MphoD_1/Mu_min4/Mu4_DarkSUSY_CMS_Event_10000_MNeuL_10_MNeuD_0.25_MPhoD_1_TcPhoD_50_.root
 :: File *.root reduction exist :: 
 ************************* CORRIDA NUEVA ************************* 
 :: Condiciones de Trabajo :: 
 :: Events :: 10000 :: MneuL :: 10 :: MneuD :: 0.25 :: MphoD :: 1 :: TcPhoD :: 60
 :: Exist file :: /LUSTRE/home/fmsanchez/GDarkSUSY/data/Events_10000/MneuL_10/MneuD_0.25/MphoD_1/lhe/run_01_decayed_1/unweighted_events.lhe
 :: File *.lhe exist or is running :: 
 :: Not exist file :: /LUSTRE/home/fmsanchez/GDarkSUSY/data/RUN_lhe_DarkSUSY_LHE_Event_10000_MNeuL_10_MNeuD_0.25_MPhoD_1_.txt
 :: Not exist file :: /LUSTRE/home/fmsanchez/GDarkSUSY/data/RUN_lhe_DarkSUSY_LHE_Event_10000_MNeuL_10_MNeuD_0.25_MPhoD_1_.root
 :: Exist file :: /LUSTRE/home/fmsanchez/GDarkSUSY/data/Events_10000/MneuL_10/MneuD_0.25/MphoD_1/lhe/run_01_decayed_1/unweighted_events.lhe
 :: Not exist file :: /LUSTRE/home/fmsanchez/GDarkSUSY/data/Events_10000/MneuL_10/MneuD_0.25/MphoD_1/DarkSUSY_CMS_Event_10000_MNeuL_10_MNeuD_0.25_MPhoD_1_TcPhoD_60_.txt
 :: Exist file :: /LUSTRE/home/fmsanchez/GDarkSUSY/data/Events_10000/MneuL_10/MneuD_0.25/MphoD_1/DarkSUSY_CMS_Event_10000_MNeuL_10_MNeuD_0.25_MPhoD_1_TcPhoD_60_.root
 :: File *.root exist or is runing :: 
 :: Exist file :: /LUSTRE/home/fmsanchez/GDarkSUSY/data/Events_10000/MneuL_10/MneuD_0.25/MphoD_1/DarkSUSY_CMS_Event_10000_MNeuL_10_MNeuD_0.25_MPhoD_1_TcPhoD_60_.root
 :: Exist file :: /LUSTRE/home/fmsanchez/GDarkSUSY/data/Events_10000/MneuL_10/MneuD_0.25/MphoD_1/Mu_min4/Mu4_DarkSUSY_CMS_Event_10000_MNeuL_10_MNeuD_0.25_MPhoD_1_TcPhoD_60_.root
 :: File *.root reduction exist :: 
 ************************* CORRIDA NUEVA ************************* 
 :: Condiciones de Trabajo :: 
 :: Events :: 10000 :: MneuL :: 10 :: MneuD :: 0.25 :: MphoD :: 1 :: TcPhoD :: 70
 :: Exist file :: /LUSTRE/home/fmsanchez/GDarkSUSY/data/Events_10000/MneuL_10/MneuD_0.25/MphoD_1/lhe/run_01_decayed_1/unweighted_events.lhe
 :: File *.lhe exist or is running :: 
 :: Not exist file :: /LUSTRE/home/fmsanchez/GDarkSUSY/data/RUN_lhe_DarkSUSY_LHE_Event_10000_MNeuL_10_MNeuD_0.25_MPhoD_1_.txt
 :: Not exist file :: /LUSTRE/home/fmsanchez/GDarkSUSY/data/RUN_lhe_DarkSUSY_LHE_Event_10000_MNeuL_10_MNeuD_0.25_MPhoD_1_.root
 :: Exist file :: /LUSTRE/home/fmsanchez/GDarkSUSY/data/Events_10000/MneuL_10/MneuD_0.25/MphoD_1/lhe/run_01_decayed_1/unweighted_events.lhe
 :: Not exist file :: /LUSTRE/home/fmsanchez/GDarkSUSY/data/Events_10000/MneuL_10/MneuD_0.25/MphoD_1/DarkSUSY_CMS_Event_10000_MNeuL_10_MNeuD_0.25_MPhoD_1_TcPhoD_70_.txt
 :: Exist file :: /LUSTRE/home/fmsanchez/GDarkSUSY/data/Events_10000/MneuL_10/MneuD_0.25/MphoD_1/DarkSUSY_CMS_Event_10000_MNeuL_10_MNeuD_0.25_MPhoD_1_TcPhoD_70_.root
 :: File *.root exist or is runing :: 
 :: Exist file :: /LUSTRE/home/fmsanchez/GDarkSUSY/data/Events_10000/MneuL_10/MneuD_0.25/MphoD_1/DarkSUSY_CMS_Event_10000_MNeuL_10_MNeuD_0.25_MPhoD_1_TcPhoD_70_.root
 :: Exist file :: /LUSTRE/home/fmsanchez/GDarkSUSY/data/Events_10000/MneuL_10/MneuD_0.25/MphoD_1/Mu_min4/Mu4_DarkSUSY_CMS_Event_10000_MNeuL_10_MNeuD_0.25_MPhoD_1_TcPhoD_70_.root
 :: File *.root reduction exist :: 
 ************************* CORRIDA NUEVA ************************* 
 :: Condiciones de Trabajo :: 
 :: Events :: 10000 :: MneuL :: 10 :: MneuD :: 0.25 :: MphoD :: 1 :: TcPhoD :: 80
 :: Exist file :: /LUSTRE/home/fmsanchez/GDarkSUSY/data/Events_10000/MneuL_10/MneuD_0.25/MphoD_1/lhe/run_01_decayed_1/unweighted_events.lhe
 :: File *.lhe exist or is running :: 
 :: Not exist file :: /LUSTRE/home/fmsanchez/GDarkSUSY/data/RUN_lhe_DarkSUSY_LHE_Event_10000_MNeuL_10_MNeuD_0.25_MPhoD_1_.txt
 :: Not exist file :: /LUSTRE/home/fmsanchez/GDarkSUSY/data/RUN_lhe_DarkSUSY_LHE_Event_10000_MNeuL_10_MNeuD_0.25_MPhoD_1_.root
 :: Exist file :: /LUSTRE/home/fmsanchez/GDarkSUSY/data/Events_10000/MneuL_10/MneuD_0.25/MphoD_1/lhe/run_01_decayed_1/unweighted_events.lhe
 :: Not exist file :: /LUSTRE/home/fmsanchez/GDarkSUSY/data/Events_10000/MneuL_10/MneuD_0.25/MphoD_1/DarkSUSY_CMS_Event_10000_MNeuL_10_MNeuD_0.25_MPhoD_1_TcPhoD_80_.txt
 :: Exist file :: /LUSTRE/home/fmsanchez/GDarkSUSY/data/Events_10000/MneuL_10/MneuD_0.25/MphoD_1/DarkSUSY_CMS_Event_10000_MNeuL_10_MNeuD_0.25_MPhoD_1_TcPhoD_80_.root
 :: File *.root exist or is runing :: 
 :: Exist file :: /LUSTRE/home/fmsanchez/GDarkSUSY/data/Events_10000/MneuL_10/MneuD_0.25/MphoD_1/DarkSUSY_CMS_Event_10000_MNeuL_10_MNeuD_0.25_MPhoD_1_TcPhoD_80_.root
 :: Exist file :: /LUSTRE/home/fmsanchez/GDarkSUSY/data/Events_10000/MneuL_10/MneuD_0.25/MphoD_1/Mu_min4/Mu4_DarkSUSY_CMS_Event_10000_MNeuL_10_MNeuD_0.25_MPhoD_1_TcPhoD_80_.root
 :: File *.root reduction exist :: 
 ************************* CORRIDA NUEVA ************************* 
 :: Condiciones de Trabajo :: 
 :: Events :: 10000 :: MneuL :: 10 :: MneuD :: 0.25 :: MphoD :: 1 :: TcPhoD :: 90
 :: Exist file :: /LUSTRE/home/fmsanchez/GDarkSUSY/data/Events_10000/MneuL_10/MneuD_0.25/MphoD_1/lhe/run_01_decayed_1/unweighted_events.lhe
 :: File *.lhe exist or is running :: 
 :: Not exist file :: /LUSTRE/home/fmsanchez/GDarkSUSY/data/RUN_lhe_DarkSUSY_LHE_Event_10000_MNeuL_10_MNeuD_0.25_MPhoD_1_.txt
 :: Not exist file :: /LUSTRE/home/fmsanchez/GDarkSUSY/data/RUN_lhe_DarkSUSY_LHE_Event_10000_MNeuL_10_MNeuD_0.25_MPhoD_1_.root
 :: Exist file :: /LUSTRE/home/fmsanchez/GDarkSUSY/data/Events_10000/MneuL_10/MneuD_0.25/MphoD_1/lhe/run_01_decayed_1/unweighted_events.lhe
 :: Not exist file :: /LUSTRE/home/fmsanchez/GDarkSUSY/data/Events_10000/MneuL_10/MneuD_0.25/MphoD_1/DarkSUSY_CMS_Event_10000_MNeuL_10_MNeuD_0.25_MPhoD_1_TcPhoD_90_.txt
 :: Exist file :: /LUSTRE/home/fmsanchez/GDarkSUSY/data/Events_10000/MneuL_10/MneuD_0.25/MphoD_1/DarkSUSY_CMS_Event_10000_MNeuL_10_MNeuD_0.25_MPhoD_1_TcPhoD_90_.root
 :: File *.root exist or is runing :: 
 :: Exist file :: /LUSTRE/home/fmsanchez/GDarkSUSY/data/Events_10000/MneuL_10/MneuD_0.25/MphoD_1/DarkSUSY_CMS_Event_10000_MNeuL_10_MNeuD_0.25_MPhoD_1_TcPhoD_90_.root
 :: Exist file :: /LUSTRE/home/fmsanchez/GDarkSUSY/data/Events_10000/MneuL_10/MneuD_0.25/MphoD_1/Mu_min4/Mu4_DarkSUSY_CMS_Event_10000_MNeuL_10_MNeuD_0.25_MPhoD_1_TcPhoD_90_.root
 :: File *.root reduction exist :: 
 ************************* CORRIDA NUEVA ************************* 
 :: Condiciones de Trabajo :: 
 :: Events :: 10000 :: MneuL :: 10 :: MneuD :: 0.25 :: MphoD :: 1 :: TcPhoD :: 100
 :: Exist file :: /LUSTRE/home/fmsanchez/GDarkSUSY/data/Events_10000/MneuL_10/MneuD_0.25/MphoD_1/lhe/run_01_decayed_1/unweighted_events.lhe
 :: File *.lhe exist or is running :: 
 :: Not exist file :: /LUSTRE/home/fmsanchez/GDarkSUSY/data/RUN_lhe_DarkSUSY_LHE_Event_10000_MNeuL_10_MNeuD_0.25_MPhoD_1_.txt
 :: Not exist file :: /LUSTRE/home/fmsanchez/GDarkSUSY/data/RUN_lhe_DarkSUSY_LHE_Event_10000_MNeuL_10_MNeuD_0.25_MPhoD_1_.root
 :: Exist file :: /LUSTRE/home/fmsanchez/GDarkSUSY/data/Events_10000/MneuL_10/MneuD_0.25/MphoD_1/lhe/run_01_decayed_1/unweighted_events.lhe
 :: Not exist file :: /LUSTRE/home/fmsanchez/GDarkSUSY/data/Events_10000/MneuL_10/MneuD_0.25/MphoD_1/DarkSUSY_CMS_Event_10000_MNeuL_10_MNeuD_0.25_MPhoD_1_TcPhoD_100_.txt
 :: Exist file :: /LUSTRE/home/fmsanchez/GDarkSUSY/data/Events_10000/MneuL_10/MneuD_0.25/MphoD_1/DarkSUSY_CMS_Event_10000_MNeuL_10_MNeuD_0.25_MPhoD_1_TcPhoD_100_.root
 :: File *.root exist or is runing :: 
 :: Exist file :: /LUSTRE/home/fmsanchez/GDarkSUSY/data/Events_10000/MneuL_10/MneuD_0.25/MphoD_1/DarkSUSY_CMS_Event_10000_MNeuL_10_MNeuD_0.25_MPhoD_1_TcPhoD_100_.root
 :: Exist file :: /LUSTRE/home/fmsanchez/GDarkSUSY/data/Events_10000/MneuL_10/MneuD_0.25/MphoD_1/Mu_min4/Mu4_DarkSUSY_CMS_Event_10000_MNeuL_10_MNeuD_0.25_MPhoD_1_TcPhoD_100_.root
 :: File *.root reduction exist :: 
 ************************* CORRIDA NUEVA ************************* 
 :: Condiciones de Trabajo :: 
 :: Events :: 10000 :: MneuL :: 10 :: MneuD :: 0.25 :: MphoD :: 2 :: TcPhoD :: 0
 :: Exist file :: /LUSTRE/home/fmsanchez/GDarkSUSY/data/Events_10000/MneuL_10/MneuD_0.25/MphoD_2/lhe/run_01_decayed_1/unweighted_events.lhe
 :: File *.lhe exist or is running :: 
 :: Not exist file :: /LUSTRE/home/fmsanchez/GDarkSUSY/data/RUN_lhe_DarkSUSY_LHE_Event_10000_MNeuL_10_MNeuD_0.25_MPhoD_2_.txt
 :: Not exist file :: /LUSTRE/home/fmsanchez/GDarkSUSY/data/RUN_lhe_DarkSUSY_LHE_Event_10000_MNeuL_10_MNeuD_0.25_MPhoD_2_.root
 :: Exist file :: /LUSTRE/home/fmsanchez/GDarkSUSY/data/Events_10000/MneuL_10/MneuD_0.25/MphoD_2/lhe/run_01_decayed_1/unweighted_events.lhe
 :: Not exist file :: /LUSTRE/home/fmsanchez/GDarkSUSY/data/Events_10000/MneuL_10/MneuD_0.25/MphoD_2/DarkSUSY_CMS_Event_10000_MNeuL_10_MNeuD_0.25_MPhoD_2_TcPhoD_0_.txt
 :: Exist file :: /LUSTRE/home/fmsanchez/GDarkSUSY/data/Events_10000/MneuL_10/MneuD_0.25/MphoD_2/DarkSUSY_CMS_Event_10000_MNeuL_10_MNeuD_0.25_MPhoD_2_TcPhoD_0_.root
 :: File *.root exist or is runing :: 
 :: Exist file :: /LUSTRE/home/fmsanchez/GDarkSUSY/data/Events_10000/MneuL_10/MneuD_0.25/MphoD_2/DarkSUSY_CMS_Event_10000_MNeuL_10_MNeuD_0.25_MPhoD_2_TcPhoD_0_.root
 :: Exist file :: /LUSTRE/home/fmsanchez/GDarkSUSY/data/Events_10000/MneuL_10/MneuD_0.25/MphoD_2/Mu_min4/Mu4_DarkSUSY_CMS_Event_10000_MNeuL_10_MNeuD_0.25_MPhoD_2_TcPhoD_0_.root
 :: File *.root reduction exist :: 
 ************************* CORRIDA NUEVA ************************* 
 :: Condiciones de Trabajo :: 
 :: Events :: 10000 :: MneuL :: 10 :: MneuD :: 0.25 :: MphoD :: 2 :: TcPhoD :: 5
 :: Exist file :: /LUSTRE/home/fmsanchez/GDarkSUSY/data/Events_10000/MneuL_10/MneuD_0.25/MphoD_2/lhe/run_01_decayed_1/unweighted_events.lhe
 :: File *.lhe exist or is running :: 
 :: Not exist file :: /LUSTRE/home/fmsanchez/GDarkSUSY/data/RUN_lhe_DarkSUSY_LHE_Event_10000_MNeuL_10_MNeuD_0.25_MPhoD_2_.txt
 :: Not exist file :: /LUSTRE/home/fmsanchez/GDarkSUSY/data/RUN_lhe_DarkSUSY_LHE_Event_10000_MNeuL_10_MNeuD_0.25_MPhoD_2_.root
 :: Exist file :: /LUSTRE/home/fmsanchez/GDarkSUSY/data/Events_10000/MneuL_10/MneuD_0.25/MphoD_2/lhe/run_01_decayed_1/unweighted_events.lhe
 :: Not exist file :: /LUSTRE/home/fmsanchez/GDarkSUSY/data/Events_10000/MneuL_10/MneuD_0.25/MphoD_2/DarkSUSY_CMS_Event_10000_MNeuL_10_MNeuD_0.25_MPhoD_2_TcPhoD_5_.txt
 :: Exist file :: /LUSTRE/home/fmsanchez/GDarkSUSY/data/Events_10000/MneuL_10/MneuD_0.25/MphoD_2/DarkSUSY_CMS_Event_10000_MNeuL_10_MNeuD_0.25_MPhoD_2_TcPhoD_5_.root
 :: File *.root exist or is runing :: 
 :: Exist file :: /LUSTRE/home/fmsanchez/GDarkSUSY/data/Events_10000/MneuL_10/MneuD_0.25/MphoD_2/DarkSUSY_CMS_Event_10000_MNeuL_10_MNeuD_0.25_MPhoD_2_TcPhoD_5_.root
 :: Exist file :: /LUSTRE/home/fmsanchez/GDarkSUSY/data/Events_10000/MneuL_10/MneuD_0.25/MphoD_2/Mu_min4/Mu4_DarkSUSY_CMS_Event_10000_MNeuL_10_MNeuD_0.25_MPhoD_2_TcPhoD_5_.root
 :: File *.root reduction exist :: 
 ************************* CORRIDA NUEVA ************************* 
 :: Condiciones de Trabajo :: 
 :: Events :: 10000 :: MneuL :: 10 :: MneuD :: 0.25 :: MphoD :: 2 :: TcPhoD :: 10
 :: Exist file :: /LUSTRE/home/fmsanchez/GDarkSUSY/data/Events_10000/MneuL_10/MneuD_0.25/MphoD_2/lhe/run_01_decayed_1/unweighted_events.lhe
 :: File *.lhe exist or is running :: 
 :: Not exist file :: /LUSTRE/home/fmsanchez/GDarkSUSY/data/RUN_lhe_DarkSUSY_LHE_Event_10000_MNeuL_10_MNeuD_0.25_MPhoD_2_.txt
 :: Not exist file :: /LUSTRE/home/fmsanchez/GDarkSUSY/data/RUN_lhe_DarkSUSY_LHE_Event_10000_MNeuL_10_MNeuD_0.25_MPhoD_2_.root
 :: Exist file :: /LUSTRE/home/fmsanchez/GDarkSUSY/data/Events_10000/MneuL_10/MneuD_0.25/MphoD_2/lhe/run_01_decayed_1/unweighted_events.lhe
 :: Not exist file :: /LUSTRE/home/fmsanchez/GDarkSUSY/data/Events_10000/MneuL_10/MneuD_0.25/MphoD_2/DarkSUSY_CMS_Event_10000_MNeuL_10_MNeuD_0.25_MPhoD_2_TcPhoD_10_.txt
 :: Exist file :: /LUSTRE/home/fmsanchez/GDarkSUSY/data/Events_10000/MneuL_10/MneuD_0.25/MphoD_2/DarkSUSY_CMS_Event_10000_MNeuL_10_MNeuD_0.25_MPhoD_2_TcPhoD_10_.root
 :: File *.root exist or is runing :: 
 :: Exist file :: /LUSTRE/home/fmsanchez/GDarkSUSY/data/Events_10000/MneuL_10/MneuD_0.25/MphoD_2/DarkSUSY_CMS_Event_10000_MNeuL_10_MNeuD_0.25_MPhoD_2_TcPhoD_10_.root
 :: Exist file :: /LUSTRE/home/fmsanchez/GDarkSUSY/data/Events_10000/MneuL_10/MneuD_0.25/MphoD_2/Mu_min4/Mu4_DarkSUSY_CMS_Event_10000_MNeuL_10_MNeuD_0.25_MPhoD_2_TcPhoD_10_.root
 :: File *.root reduction exist :: 
 ************************* CORRIDA NUEVA ************************* 
 :: Condiciones de Trabajo :: 
 :: Events :: 10000 :: MneuL :: 10 :: MneuD :: 0.25 :: MphoD :: 2 :: TcPhoD :: 20
 :: Exist file :: /LUSTRE/home/fmsanchez/GDarkSUSY/data/Events_10000/MneuL_10/MneuD_0.25/MphoD_2/lhe/run_01_decayed_1/unweighted_events.lhe
 :: File *.lhe exist or is running :: 
 :: Not exist file :: /LUSTRE/home/fmsanchez/GDarkSUSY/data/RUN_lhe_DarkSUSY_LHE_Event_10000_MNeuL_10_MNeuD_0.25_MPhoD_2_.txt
 :: Not exist file :: /LUSTRE/home/fmsanchez/GDarkSUSY/data/RUN_lhe_DarkSUSY_LHE_Event_10000_MNeuL_10_MNeuD_0.25_MPhoD_2_.root
 :: Exist file :: /LUSTRE/home/fmsanchez/GDarkSUSY/data/Events_10000/MneuL_10/MneuD_0.25/MphoD_2/lhe/run_01_decayed_1/unweighted_events.lhe
 :: Not exist file :: /LUSTRE/home/fmsanchez/GDarkSUSY/data/Events_10000/MneuL_10/MneuD_0.25/MphoD_2/DarkSUSY_CMS_Event_10000_MNeuL_10_MNeuD_0.25_MPhoD_2_TcPhoD_20_.txt
 :: Exist file :: /LUSTRE/home/fmsanchez/GDarkSUSY/data/Events_10000/MneuL_10/MneuD_0.25/MphoD_2/DarkSUSY_CMS_Event_10000_MNeuL_10_MNeuD_0.25_MPhoD_2_TcPhoD_20_.root
 :: File *.root exist or is runing :: 
 :: Exist file :: /LUSTRE/home/fmsanchez/GDarkSUSY/data/Events_10000/MneuL_10/MneuD_0.25/MphoD_2/DarkSUSY_CMS_Event_10000_MNeuL_10_MNeuD_0.25_MPhoD_2_TcPhoD_20_.root
 :: Exist file :: /LUSTRE/home/fmsanchez/GDarkSUSY/data/Events_10000/MneuL_10/MneuD_0.25/MphoD_2/Mu_min4/Mu4_DarkSUSY_CMS_Event_10000_MNeuL_10_MNeuD_0.25_MPhoD_2_TcPhoD_20_.root
 :: File *.root reduction exist :: 
 ************************* CORRIDA NUEVA ************************* 
 :: Condiciones de Trabajo :: 
 :: Events :: 10000 :: MneuL :: 10 :: MneuD :: 0.25 :: MphoD :: 2 :: TcPhoD :: 30
 :: Exist file :: /LUSTRE/home/fmsanchez/GDarkSUSY/data/Events_10000/MneuL_10/MneuD_0.25/MphoD_2/lhe/run_01_decayed_1/unweighted_events.lhe
 :: File *.lhe exist or is running :: 
 :: Not exist file :: /LUSTRE/home/fmsanchez/GDarkSUSY/data/RUN_lhe_DarkSUSY_LHE_Event_10000_MNeuL_10_MNeuD_0.25_MPhoD_2_.txt
 :: Not exist file :: /LUSTRE/home/fmsanchez/GDarkSUSY/data/RUN_lhe_DarkSUSY_LHE_Event_10000_MNeuL_10_MNeuD_0.25_MPhoD_2_.root
 :: Exist file :: /LUSTRE/home/fmsanchez/GDarkSUSY/data/Events_10000/MneuL_10/MneuD_0.25/MphoD_2/lhe/run_01_decayed_1/unweighted_events.lhe
 :: Not exist file :: /LUSTRE/home/fmsanchez/GDarkSUSY/data/Events_10000/MneuL_10/MneuD_0.25/MphoD_2/DarkSUSY_CMS_Event_10000_MNeuL_10_MNeuD_0.25_MPhoD_2_TcPhoD_30_.txt
 :: Exist file :: /LUSTRE/home/fmsanchez/GDarkSUSY/data/Events_10000/MneuL_10/MneuD_0.25/MphoD_2/DarkSUSY_CMS_Event_10000_MNeuL_10_MNeuD_0.25_MPhoD_2_TcPhoD_30_.root
 :: File *.root exist or is runing :: 
 :: Exist file :: /LUSTRE/home/fmsanchez/GDarkSUSY/data/Events_10000/MneuL_10/MneuD_0.25/MphoD_2/DarkSUSY_CMS_Event_10000_MNeuL_10_MNeuD_0.25_MPhoD_2_TcPhoD_30_.root
 :: Exist file :: /LUSTRE/home/fmsanchez/GDarkSUSY/data/Events_10000/MneuL_10/MneuD_0.25/MphoD_2/Mu_min4/Mu4_DarkSUSY_CMS_Event_10000_MNeuL_10_MNeuD_0.25_MPhoD_2_TcPhoD_30_.root
 :: File *.root reduction exist :: 
 ************************* CORRIDA NUEVA ************************* 
 :: Condiciones de Trabajo :: 
 :: Events :: 10000 :: MneuL :: 10 :: MneuD :: 0.25 :: MphoD :: 2 :: TcPhoD :: 40
 :: Exist file :: /LUSTRE/home/fmsanchez/GDarkSUSY/data/Events_10000/MneuL_10/MneuD_0.25/MphoD_2/lhe/run_01_decayed_1/unweighted_events.lhe
 :: File *.lhe exist or is running :: 
 :: Not exist file :: /LUSTRE/home/fmsanchez/GDarkSUSY/data/RUN_lhe_DarkSUSY_LHE_Event_10000_MNeuL_10_MNeuD_0.25_MPhoD_2_.txt
 :: Not exist file :: /LUSTRE/home/fmsanchez/GDarkSUSY/data/RUN_lhe_DarkSUSY_LHE_Event_10000_MNeuL_10_MNeuD_0.25_MPhoD_2_.root
 :: Exist file :: /LUSTRE/home/fmsanchez/GDarkSUSY/data/Events_10000/MneuL_10/MneuD_0.25/MphoD_2/lhe/run_01_decayed_1/unweighted_events.lhe
 :: Not exist file :: /LUSTRE/home/fmsanchez/GDarkSUSY/data/Events_10000/MneuL_10/MneuD_0.25/MphoD_2/DarkSUSY_CMS_Event_10000_MNeuL_10_MNeuD_0.25_MPhoD_2_TcPhoD_40_.txt
 :: Exist file :: /LUSTRE/home/fmsanchez/GDarkSUSY/data/Events_10000/MneuL_10/MneuD_0.25/MphoD_2/DarkSUSY_CMS_Event_10000_MNeuL_10_MNeuD_0.25_MPhoD_2_TcPhoD_40_.root
 :: File *.root exist or is runing :: 
 :: Exist file :: /LUSTRE/home/fmsanchez/GDarkSUSY/data/Events_10000/MneuL_10/MneuD_0.25/MphoD_2/DarkSUSY_CMS_Event_10000_MNeuL_10_MNeuD_0.25_MPhoD_2_TcPhoD_40_.root
 :: Exist file :: /LUSTRE/home/fmsanchez/GDarkSUSY/data/Events_10000/MneuL_10/MneuD_0.25/MphoD_2/Mu_min4/Mu4_DarkSUSY_CMS_Event_10000_MNeuL_10_MNeuD_0.25_MPhoD_2_TcPhoD_40_.root
 :: File *.root reduction exist :: 
 ************************* CORRIDA NUEVA ************************* 
 :: Condiciones de Trabajo :: 
 :: Events :: 10000 :: MneuL :: 10 :: MneuD :: 0.25 :: MphoD :: 2 :: TcPhoD :: 50
 :: Exist file :: /LUSTRE/home/fmsanchez/GDarkSUSY/data/Events_10000/MneuL_10/MneuD_0.25/MphoD_2/lhe/run_01_decayed_1/unweighted_events.lhe
 :: File *.lhe exist or is running :: 
 :: Not exist file :: /LUSTRE/home/fmsanchez/GDarkSUSY/data/RUN_lhe_DarkSUSY_LHE_Event_10000_MNeuL_10_MNeuD_0.25_MPhoD_2_.txt
 :: Not exist file :: /LUSTRE/home/fmsanchez/GDarkSUSY/data/RUN_lhe_DarkSUSY_LHE_Event_10000_MNeuL_10_MNeuD_0.25_MPhoD_2_.root
 :: Exist file :: /LUSTRE/home/fmsanchez/GDarkSUSY/data/Events_10000/MneuL_10/MneuD_0.25/MphoD_2/lhe/run_01_decayed_1/unweighted_events.lhe
 :: Not exist file :: /LUSTRE/home/fmsanchez/GDarkSUSY/data/Events_10000/MneuL_10/MneuD_0.25/MphoD_2/DarkSUSY_CMS_Event_10000_MNeuL_10_MNeuD_0.25_MPhoD_2_TcPhoD_50_.txt
 :: Exist file :: /LUSTRE/home/fmsanchez/GDarkSUSY/data/Events_10000/MneuL_10/MneuD_0.25/MphoD_2/DarkSUSY_CMS_Event_10000_MNeuL_10_MNeuD_0.25_MPhoD_2_TcPhoD_50_.root
 :: File *.root exist or is runing :: 
 :: Exist file :: /LUSTRE/home/fmsanchez/GDarkSUSY/data/Events_10000/MneuL_10/MneuD_0.25/MphoD_2/DarkSUSY_CMS_Event_10000_MNeuL_10_MNeuD_0.25_MPhoD_2_TcPhoD_50_.root
 :: Exist file :: /LUSTRE/home/fmsanchez/GDarkSUSY/data/Events_10000/MneuL_10/MneuD_0.25/MphoD_2/Mu_min4/Mu4_DarkSUSY_CMS_Event_10000_MNeuL_10_MNeuD_0.25_MPhoD_2_TcPhoD_50_.root
 :: File *.root reduction exist :: 
 ************************* CORRIDA NUEVA ************************* 
 :: Condiciones de Trabajo :: 
 :: Events :: 10000 :: MneuL :: 10 :: MneuD :: 0.25 :: MphoD :: 2 :: TcPhoD :: 60
 :: Exist file :: /LUSTRE/home/fmsanchez/GDarkSUSY/data/Events_10000/MneuL_10/MneuD_0.25/MphoD_2/lhe/run_01_decayed_1/unweighted_events.lhe
 :: File *.lhe exist or is running :: 
 :: Not exist file :: /LUSTRE/home/fmsanchez/GDarkSUSY/data/RUN_lhe_DarkSUSY_LHE_Event_10000_MNeuL_10_MNeuD_0.25_MPhoD_2_.txt
 :: Not exist file :: /LUSTRE/home/fmsanchez/GDarkSUSY/data/RUN_lhe_DarkSUSY_LHE_Event_10000_MNeuL_10_MNeuD_0.25_MPhoD_2_.root
 :: Exist file :: /LUSTRE/home/fmsanchez/GDarkSUSY/data/Events_10000/MneuL_10/MneuD_0.25/MphoD_2/lhe/run_01_decayed_1/unweighted_events.lhe
 :: Not exist file :: /LUSTRE/home/fmsanchez/GDarkSUSY/data/Events_10000/MneuL_10/MneuD_0.25/MphoD_2/DarkSUSY_CMS_Event_10000_MNeuL_10_MNeuD_0.25_MPhoD_2_TcPhoD_60_.txt
 :: Exist file :: /LUSTRE/home/fmsanchez/GDarkSUSY/data/Events_10000/MneuL_10/MneuD_0.25/MphoD_2/DarkSUSY_CMS_Event_10000_MNeuL_10_MNeuD_0.25_MPhoD_2_TcPhoD_60_.root
 :: File *.root exist or is runing :: 
 :: Exist file :: /LUSTRE/home/fmsanchez/GDarkSUSY/data/Events_10000/MneuL_10/MneuD_0.25/MphoD_2/DarkSUSY_CMS_Event_10000_MNeuL_10_MNeuD_0.25_MPhoD_2_TcPhoD_60_.root
 :: Exist file :: /LUSTRE/home/fmsanchez/GDarkSUSY/data/Events_10000/MneuL_10/MneuD_0.25/MphoD_2/Mu_min4/Mu4_DarkSUSY_CMS_Event_10000_MNeuL_10_MNeuD_0.25_MPhoD_2_TcPhoD_60_.root
 :: File *.root reduction exist :: 
 ************************* CORRIDA NUEVA ************************* 
 :: Condiciones de Trabajo :: 
 :: Events :: 10000 :: MneuL :: 10 :: MneuD :: 0.25 :: MphoD :: 2 :: TcPhoD :: 70
 :: Exist file :: /LUSTRE/home/fmsanchez/GDarkSUSY/data/Events_10000/MneuL_10/MneuD_0.25/MphoD_2/lhe/run_01_decayed_1/unweighted_events.lhe
 :: File *.lhe exist or is running :: 
 :: Not exist file :: /LUSTRE/home/fmsanchez/GDarkSUSY/data/RUN_lhe_DarkSUSY_LHE_Event_10000_MNeuL_10_MNeuD_0.25_MPhoD_2_.txt
 :: Not exist file :: /LUSTRE/home/fmsanchez/GDarkSUSY/data/RUN_lhe_DarkSUSY_LHE_Event_10000_MNeuL_10_MNeuD_0.25_MPhoD_2_.root
 :: Exist file :: /LUSTRE/home/fmsanchez/GDarkSUSY/data/Events_10000/MneuL_10/MneuD_0.25/MphoD_2/lhe/run_01_decayed_1/unweighted_events.lhe
 :: Not exist file :: /LUSTRE/home/fmsanchez/GDarkSUSY/data/Events_10000/MneuL_10/MneuD_0.25/MphoD_2/DarkSUSY_CMS_Event_10000_MNeuL_10_MNeuD_0.25_MPhoD_2_TcPhoD_70_.txt
 :: Exist file :: /LUSTRE/home/fmsanchez/GDarkSUSY/data/Events_10000/MneuL_10/MneuD_0.25/MphoD_2/DarkSUSY_CMS_Event_10000_MNeuL_10_MNeuD_0.25_MPhoD_2_TcPhoD_70_.root
 :: File *.root exist or is runing :: 
 :: Exist file :: /LUSTRE/home/fmsanchez/GDarkSUSY/data/Events_10000/MneuL_10/MneuD_0.25/MphoD_2/DarkSUSY_CMS_Event_10000_MNeuL_10_MNeuD_0.25_MPhoD_2_TcPhoD_70_.root
 :: Exist file :: /LUSTRE/home/fmsanchez/GDarkSUSY/data/Events_10000/MneuL_10/MneuD_0.25/MphoD_2/Mu_min4/Mu4_DarkSUSY_CMS_Event_10000_MNeuL_10_MNeuD_0.25_MPhoD_2_TcPhoD_70_.root
 :: File *.root reduction exist :: 
 ************************* CORRIDA NUEVA ************************* 
 :: Condiciones de Trabajo :: 
 :: Events :: 10000 :: MneuL :: 10 :: MneuD :: 0.25 :: MphoD :: 2 :: TcPhoD :: 80
 :: Exist file :: /LUSTRE/home/fmsanchez/GDarkSUSY/data/Events_10000/MneuL_10/MneuD_0.25/MphoD_2/lhe/run_01_decayed_1/unweighted_events.lhe
 :: File *.lhe exist or is running :: 
 :: Not exist file :: /LUSTRE/home/fmsanchez/GDarkSUSY/data/RUN_lhe_DarkSUSY_LHE_Event_10000_MNeuL_10_MNeuD_0.25_MPhoD_2_.txt
 :: Not exist file :: /LUSTRE/home/fmsanchez/GDarkSUSY/data/RUN_lhe_DarkSUSY_LHE_Event_10000_MNeuL_10_MNeuD_0.25_MPhoD_2_.root
 :: Exist file :: /LUSTRE/home/fmsanchez/GDarkSUSY/data/Events_10000/MneuL_10/MneuD_0.25/MphoD_2/lhe/run_01_decayed_1/unweighted_events.lhe
 :: Not exist file :: /LUSTRE/home/fmsanchez/GDarkSUSY/data/Events_10000/MneuL_10/MneuD_0.25/MphoD_2/DarkSUSY_CMS_Event_10000_MNeuL_10_MNeuD_0.25_MPhoD_2_TcPhoD_80_.txt
 :: Exist file :: /LUSTRE/home/fmsanchez/GDarkSUSY/data/Events_10000/MneuL_10/MneuD_0.25/MphoD_2/DarkSUSY_CMS_Event_10000_MNeuL_10_MNeuD_0.25_MPhoD_2_TcPhoD_80_.root
 :: File *.root exist or is runing :: 
 :: Exist file :: /LUSTRE/home/fmsanchez/GDarkSUSY/data/Events_10000/MneuL_10/MneuD_0.25/MphoD_2/DarkSUSY_CMS_Event_10000_MNeuL_10_MNeuD_0.25_MPhoD_2_TcPhoD_80_.root
 :: Exist file :: /LUSTRE/home/fmsanchez/GDarkSUSY/data/Events_10000/MneuL_10/MneuD_0.25/MphoD_2/Mu_min4/Mu4_DarkSUSY_CMS_Event_10000_MNeuL_10_MNeuD_0.25_MPhoD_2_TcPhoD_80_.root
 :: File *.root reduction exist :: 
 ************************* CORRIDA NUEVA ************************* 
 :: Condiciones de Trabajo :: 
 :: Events :: 10000 :: MneuL :: 10 :: MneuD :: 0.25 :: MphoD :: 2 :: TcPhoD :: 90
 :: Exist file :: /LUSTRE/home/fmsanchez/GDarkSUSY/data/Events_10000/MneuL_10/MneuD_0.25/MphoD_2/lhe/run_01_decayed_1/unweighted_events.lhe
 :: File *.lhe exist or is running :: 
 :: Not exist file :: /LUSTRE/home/fmsanchez/GDarkSUSY/data/RUN_lhe_DarkSUSY_LHE_Event_10000_MNeuL_10_MNeuD_0.25_MPhoD_2_.txt
 :: Not exist file :: /LUSTRE/home/fmsanchez/GDarkSUSY/data/RUN_lhe_DarkSUSY_LHE_Event_10000_MNeuL_10_MNeuD_0.25_MPhoD_2_.root
 :: Exist file :: /LUSTRE/home/fmsanchez/GDarkSUSY/data/Events_10000/MneuL_10/MneuD_0.25/MphoD_2/lhe/run_01_decayed_1/unweighted_events.lhe
 :: Not exist file :: /LUSTRE/home/fmsanchez/GDarkSUSY/data/Events_10000/MneuL_10/MneuD_0.25/MphoD_2/DarkSUSY_CMS_Event_10000_MNeuL_10_MNeuD_0.25_MPhoD_2_TcPhoD_90_.txt
 :: Exist file :: /LUSTRE/home/fmsanchez/GDarkSUSY/data/Events_10000/MneuL_10/MneuD_0.25/MphoD_2/DarkSUSY_CMS_Event_10000_MNeuL_10_MNeuD_0.25_MPhoD_2_TcPhoD_90_.root
 :: File *.root exist or is runing :: 
 :: Exist file :: /LUSTRE/home/fmsanchez/GDarkSUSY/data/Events_10000/MneuL_10/MneuD_0.25/MphoD_2/DarkSUSY_CMS_Event_10000_MNeuL_10_MNeuD_0.25_MPhoD_2_TcPhoD_90_.root
 :: Exist file :: /LUSTRE/home/fmsanchez/GDarkSUSY/data/Events_10000/MneuL_10/MneuD_0.25/MphoD_2/Mu_min4/Mu4_DarkSUSY_CMS_Event_10000_MNeuL_10_MNeuD_0.25_MPhoD_2_TcPhoD_90_.root
 :: File *.root reduction exist :: 
 ************************* CORRIDA NUEVA ************************* 
 :: Condiciones de Trabajo :: 
 :: Events :: 10000 :: MneuL :: 10 :: MneuD :: 0.25 :: MphoD :: 2 :: TcPhoD :: 100
 :: Exist file :: /LUSTRE/home/fmsanchez/GDarkSUSY/data/Events_10000/MneuL_10/MneuD_0.25/MphoD_2/lhe/run_01_decayed_1/unweighted_events.lhe
 :: File *.lhe exist or is running :: 
 :: Not exist file :: /LUSTRE/home/fmsanchez/GDarkSUSY/data/RUN_lhe_DarkSUSY_LHE_Event_10000_MNeuL_10_MNeuD_0.25_MPhoD_2_.txt
 :: Not exist file :: /LUSTRE/home/fmsanchez/GDarkSUSY/data/RUN_lhe_DarkSUSY_LHE_Event_10000_MNeuL_10_MNeuD_0.25_MPhoD_2_.root
 :: Exist file :: /LUSTRE/home/fmsanchez/GDarkSUSY/data/Events_10000/MneuL_10/MneuD_0.25/MphoD_2/lhe/run_01_decayed_1/unweighted_events.lhe
 :: Not exist file :: /LUSTRE/home/fmsanchez/GDarkSUSY/data/Events_10000/MneuL_10/MneuD_0.25/MphoD_2/DarkSUSY_CMS_Event_10000_MNeuL_10_MNeuD_0.25_MPhoD_2_TcPhoD_100_.txt
 :: Exist file :: /LUSTRE/home/fmsanchez/GDarkSUSY/data/Events_10000/MneuL_10/MneuD_0.25/MphoD_2/DarkSUSY_CMS_Event_10000_MNeuL_10_MNeuD_0.25_MPhoD_2_TcPhoD_100_.root
 :: File *.root exist or is runing :: 
 :: Exist file :: /LUSTRE/home/fmsanchez/GDarkSUSY/data/Events_10000/MneuL_10/MneuD_0.25/MphoD_2/DarkSUSY_CMS_Event_10000_MNeuL_10_MNeuD_0.25_MPhoD_2_TcPhoD_100_.root
 :: Exist file :: /LUSTRE/home/fmsanchez/GDarkSUSY/data/Events_10000/MneuL_10/MneuD_0.25/MphoD_2/Mu_min4/Mu4_DarkSUSY_CMS_Event_10000_MNeuL_10_MNeuD_0.25_MPhoD_2_TcPhoD_100_.root
 :: File *.root reduction exist :: 
 ************************* CORRIDA NUEVA ************************* 
 :: Condiciones de Trabajo :: 
 :: Events :: 10000 :: MneuL :: 10 :: MneuD :: 0.25 :: MphoD :: 3 :: TcPhoD :: 0
 :: Exist file :: /LUSTRE/home/fmsanchez/GDarkSUSY/data/Events_10000/MneuL_10/MneuD_0.25/MphoD_3/lhe/run_01_decayed_1/unweighted_events.lhe
 :: File *.lhe exist or is running :: 
 :: Not exist file :: /LUSTRE/home/fmsanchez/GDarkSUSY/data/RUN_lhe_DarkSUSY_LHE_Event_10000_MNeuL_10_MNeuD_0.25_MPhoD_3_.txt
 :: Not exist file :: /LUSTRE/home/fmsanchez/GDarkSUSY/data/RUN_lhe_DarkSUSY_LHE_Event_10000_MNeuL_10_MNeuD_0.25_MPhoD_3_.root
 :: Exist file :: /LUSTRE/home/fmsanchez/GDarkSUSY/data/Events_10000/MneuL_10/MneuD_0.25/MphoD_3/lhe/run_01_decayed_1/unweighted_events.lhe
 :: Not exist file :: /LUSTRE/home/fmsanchez/GDarkSUSY/data/Events_10000/MneuL_10/MneuD_0.25/MphoD_3/DarkSUSY_CMS_Event_10000_MNeuL_10_MNeuD_0.25_MPhoD_3_TcPhoD_0_.txt
 :: Exist file :: /LUSTRE/home/fmsanchez/GDarkSUSY/data/Events_10000/MneuL_10/MneuD_0.25/MphoD_3/DarkSUSY_CMS_Event_10000_MNeuL_10_MNeuD_0.25_MPhoD_3_TcPhoD_0_.root
 :: File *.root exist or is runing :: 
 :: Exist file :: /LUSTRE/home/fmsanchez/GDarkSUSY/data/Events_10000/MneuL_10/MneuD_0.25/MphoD_3/DarkSUSY_CMS_Event_10000_MNeuL_10_MNeuD_0.25_MPhoD_3_TcPhoD_0_.root
 :: Exist file :: /LUSTRE/home/fmsanchez/GDarkSUSY/data/Events_10000/MneuL_10/MneuD_0.25/MphoD_3/Mu_min4/Mu4_DarkSUSY_CMS_Event_10000_MNeuL_10_MNeuD_0.25_MPhoD_3_TcPhoD_0_.root
 :: File *.root reduction exist :: 
 ************************* CORRIDA NUEVA ************************* 
 :: Condiciones de Trabajo :: 
 :: Events :: 10000 :: MneuL :: 10 :: MneuD :: 0.25 :: MphoD :: 3 :: TcPhoD :: 5
 :: Exist file :: /LUSTRE/home/fmsanchez/GDarkSUSY/data/Events_10000/MneuL_10/MneuD_0.25/MphoD_3/lhe/run_01_decayed_1/unweighted_events.lhe
 :: File *.lhe exist or is running :: 
 :: Not exist file :: /LUSTRE/home/fmsanchez/GDarkSUSY/data/RUN_lhe_DarkSUSY_LHE_Event_10000_MNeuL_10_MNeuD_0.25_MPhoD_3_.txt
 :: Not exist file :: /LUSTRE/home/fmsanchez/GDarkSUSY/data/RUN_lhe_DarkSUSY_LHE_Event_10000_MNeuL_10_MNeuD_0.25_MPhoD_3_.root
 :: Exist file :: /LUSTRE/home/fmsanchez/GDarkSUSY/data/Events_10000/MneuL_10/MneuD_0.25/MphoD_3/lhe/run_01_decayed_1/unweighted_events.lhe
 :: Not exist file :: /LUSTRE/home/fmsanchez/GDarkSUSY/data/Events_10000/MneuL_10/MneuD_0.25/MphoD_3/DarkSUSY_CMS_Event_10000_MNeuL_10_MNeuD_0.25_MPhoD_3_TcPhoD_5_.txt
 :: Not exist file :: /LUSTRE/home/fmsanchez/GDarkSUSY/data/Events_10000/MneuL_10/MneuD_0.25/MphoD_3/DarkSUSY_CMS_Event_10000_MNeuL_10_MNeuD_0.25_MPhoD_3_TcPhoD_5_.root
 :: Not exist file :: /LUSTRE/home/fmsanchez/GDa/LUSTRE/home/fmsanchez/GDarkSUSY/temp/Process_7151/MG5_aMC/models/MSSMD_UFO/particles.py
write ./param_card.dat
************************************************************
*                                                          *
*                     W E L C O M E to                     *
*              M A D G R A P H 5 _ a M C @ N L O           *
*                                                          *
*                                                          *
*                 *                       *                *
*                   *        * *        *                  *
*                     * * * * 5 * * * *                    *
*                   *        * *        *                  *
*                 *                       *                *
*                                                          *
*         VERSION 2.7.0                 2020-01-20         *
*                                                          *
*    The MadGraph5_aMC@NLO Development Team - Find us at   *
*    https://server06.fynu.ucl.ac.be/projects/madgraph     *
*                            and                           *
*            http://amcatnlo.web.cern.ch/amcatnlo/         *
*                                                          *
*               Type 'help' for in-line help.              *
*           Type 'tutorial' to learn how MG5 works         *
*    Type 'tutorial aMCatNLO' to learn how aMC@NLO works   *
*    Type 'tutorial MadLoop' to learn how MadLoop works    *
*                                                          *
************************************************************
load MG5 configuration from input/mg5_configuration.txt 
fastjet-config does not seem to correspond to a valid fastjet-config executable (v3+). We will use fjcore instead.
 Please set the 'fastjet'variable to the full (absolute) /PATH/TO/fastjet-config (including fastjet-config).
 MG5_aMC> set fastjet /PATH/TO/fastjet-config

set lhapdf to /LUSTRE/home/fmsanchez/MG5_aMC_v2_7_0/HEPTools/lhapdf6/bin/lhapdf-config
Using default text editor "vi". Set another one in ./input/mg5_configuration.txt
No valid eps viewer found. Please set in ./input/mg5_configuration.txt
import /LUSTRE/home/fmsanchez/GDarkSUSY/temp/Process_7151/MG5_aMC/proc_card.dat
The import format was not given, so we guess it as command
set group_subprocesses Auto
Set group_subprocesses to Auto
Note that you need to regenerate all processes
set ignore_six_quark_processes False
set loop_optimized_output True
set loop optimized output to True
set loop_color_flows False
set loop color flows to False
set gauge unitary
Passing to gauge unitary.
set complex_mass_scheme False
Complex mass already desactivated.
set max_npoint_for_channel 0
import model sm
INFO: reload from .py file 
INFO: load particles 
INFO: load vertices 
INFO: Restrict model sm with file models/sm/restrict_default.dat . 
INFO: Run "set stdout_level DEBUG" before import for more information. 
INFO: Change particles name to pass to MG5 convention 
Defined multiparticle p = g u c d s u~ c~ d~ s~
Defined multiparticle j = g u c d s u~ c~ d~ s~
Defined multiparticle l+ = e+ mu+
Defined multiparticle l- = e- mu-
Defined multiparticle vl = ve vm vt
Defined multiparticle vl~ = ve~ vm~ vt~
Defined multiparticle all = g u c d s u~ c~ d~ s~ a ve vm vt e- mu- ve~ vm~ vt~ e+ mu+ t b t~ b~ z w+ h w- ta- ta+
define p = g u c d s u~ c~ d~ s~
Defined multiparticle p = g u c d s u~ c~ d~ s~
define j = g u c d s u~ c~ d~ s~
Defined multiparticle j = g u c d s u~ c~ d~ s~
define l+ = e+ mu+
Defined multiparticle l+ = e+ mu+
define l- = e- mu-
Defined multiparticle l- = e- mu-
define vl = ve vm vt
Defined multiparticle vl = ve vm vt
define vl~ = ve~ vm~ vt~
Defined multiparticle vl~ = ve~ vm~ vt~
import model heft
INFO: reload from .py file 
INFO: load particles 
INFO: load vertices 
INFO: Restrict model heft with file models/heft/restrict_default.dat . 
INFO: Run "set stdout_level DEBUG" before import for more information. 
INFO: Change particles name to pass to MG5 convention 
Kept definitions of multiparticles l- / j / vl / l+ / p / vl~ unchanged
Defined multiparticle all = g u c d s u~ c~ d~ s~ a ve vm vt e- mu- ve~ vm~ vt~ e+ mu+ t b t~ b~ z w+ h h1 w- ta- ta+
generate g g > h
INFO: Checking for minimal orders which gives processes. 
INFO: Please specify coupling orders to bypass this step. 
INFO: Trying process: g g > h HIG<=1 HIW<=1 WEIGHTED<=2 @1  
INFO: Process has 1 diagrams 
1 processes with 1 diagrams generated in 0.009 s
Total: 1 processes with 1 diagrams
output MSSMD -nojpeg
INFO: directory /LUSTRE/home/fmsanchez/GDarkSUSY/temp/Process_7151/MG5_aMC/MSSMD already exists.
If you continue this directory will be deleted and replaced.
Do you want to continue? [[4my[0m, n]
[1mThe answer to the previous question is not set in your input file[0m
[1mUse y value[0m
INFO: initialize a new directory: MSSMD 
INFO: remove old information in MSSMD 
INFO: Organizing processes into subprocess groups 
INFO: Generating Helas calls for process: g g > h HIG<=1 HIW<=1 WEIGHTED<=2 @1 
INFO: Processing color information for process: g g > h HIG<=1 HIW<=1 @1 
INFO: Creating files in directory P1_gg_h 
INFO: Generating Feynman diagrams for Process: g g > h HIG<=1 HIW<=1 WEIGHTED<=2 @1 
INFO: Finding symmetric diagrams for subprocess group gg_h 
Generated helas calls for 1 subprocesses (1 diagrams) in 0.004 s
Wrote files for 4 helas calls in 0.086 s
ALOHA: aloha creates VVS3 routines
save configuration file to /LUSTRE/home/fmsanchez/GDarkSUSY/temp/Process_7151/MG5_aMC/MSSMD/Cards/me5_configuration.txt
INFO: Use Fortran compiler gfortran 
INFO: Use c++ compiler g++ 
INFO: Generate web pages 
Output to directory /LUSTRE/home/fmsanchez/GDarkSUSY/temp/Process_7151/MG5_aMC/MSSMD done.
Type "launch" to generate events from this process, or see
/LUSTRE/home/fmsanchez/GDarkSUSY/temp/Process_7151/MG5_aMC/MSSMD/README
Run "open index.html" to see more information about this process.
quit
Checking if MG5 is up-to-date... (takes up to 5s)
New Version of MG5 available! Do you want to update your current version? [[4mn[0m, y][60s to answer] 
>Update bypassed.
The next check for a new version will be performed in 7 days
In order to change this delay. Enter the command:
set auto_update X
Putting X to zero will prevent this check at anytime.
You can upgrade your version at any time by typing:
install update
gzip: /LUSTRE/home/fmsanchez/GDarkSUSY/data/Events_10000/MneuL_10/MneuD_0.25/MphoD_3/lhe/run_01_decayed_1/unweighted_events.lhe.gz: No such file or directory
rkSUSY/data/RUN_root_DarkSUSY_CMS_Event_10000_MNeuL_10_MNeuD_0.25_MPhoD_3_TcPhoD_5_.txt
 :: Run the programs for obtein root file
 :: ERROR :: Create file :: /LUSTRE/home/fmsanchez/GDarkSUSY/temp
 :: Not exist file :: /LUSTRE/home/fmsanchez/GDarkSUSY/temp/Process_7151
 :: Create file :: /LUSTRE/home/fmsanchez/GDarkSUSY/temp/Process_7151
 :: Exist file :: /LUSTRE/home/fmsanchez/GDarkSUSY/temp/Process_7151
 :: Create file :: /LUSTRE/home/fmsanchez/GDarkSUSY/temp/Process_7151/MG5_aMC
 :: Exist file :: /LUSTRE/home/fmsanchez/GDarkSUSY/temp/Process_7151/MG5_aMC
 :: Copy folder :: /LUSTRE/home/fmsanchez/MG5_aMC_v2_7_0 :: to folder:: /LUSTRE/home/fmsanchez/GDarkSUSY/temp/Process_7151/MG5_aMC
 :: ERROR :: Incorrect bash execution :: 
 :: Complete copy of Madgraph programs ::
 :: ** Modification of Madgraph for using Dark Susy ** :: 
 :: Not exist file :: /LUSTRE/home/fmsanchez/GDarkSUSY/temp/Process_7151/MG5_aMC/models/MSSMD_UFO/
 :: Clear file :: /LUSTRE/home/fmsanchez/GDarkSUSY/temp/Process_7151/MG5_aMC/models/MSSMD_UFO/
 :: Create file :: /LUSTRE/home/fmsanchez/GDarkSUSY/temp/Process_7151/MG5_aMC/models/MSSMD_UFO
 :: Exist file :: /LUSTRE/home/fmsanchez/GDarkSUSY/temp/Process_7151/MG5_aMC/models/MSSMD_UFO
 :: Copy folder :: /LUSTRE/home/fmsanchez/GDarkSUSY/source/MSSMD_UFO :: to folder:: /LUSTRE/home/fmsanchez/GDarkSUSY/temp/Process_7151/MG5_aMC/models/MSSMD_UFO
 :: Exist file :: /LUSTRE/home/fmsanchez/GDarkSUSY/temp/Process_7151/MG5_aMC/models/MSSMD_UFO
 :: Relocalizarse en :: /LUSTRE/home/fmsanchez/GDarkSUSY/temp/Process_7151/MG5_aMC/models/MSSMD_UFO
 :: Execute correct :: 0 :: python write_param_card.py
 :: Change mass of dark photon to :: 3
 :: Change mass of lightest neutalino to :: 10
 :: Change mass of dark neutalino to :: 0.25
 :: Not exist file :: /LUSTRE/home/fmsanchez/GDarkSUSY/temp/Process_7151/MG5_aMC/proc_card.dat
 :: Clear file :: /LUSTRE/home/fmsanchez/GDarkSUSY/temp/Process_7151/MG5_aMC/proc_card.dat
 :: Copy file :: /LUSTRE/home/fmsanchez/GDarkSUSY/source/proc_card.dat :: to folder:: /LUSTRE/home/fmsanchez/GDarkSUSY/temp/Process_7151/MG5_aMC
 :: Relocalizarse en :: /LUSTRE/home/fmsanchez/GDarkSUSY/temp/Process_7151/MG5_aMC
 :: Execute correct :: 0 :: ./bin/mg5_aMC proc_card.dat
 :: Copy file :: /LUSTRE/home/fmsanchez/GDarkSUSY/source/madspin_card.dat :: to folder:: /LUSTRE/home/fmsanchez/GDarkSUSY/temp/Process_7151/MG5_aMC/MSSMD/Cards
 :: Copy file :: /LUSTRE/home/fmsanchez/GDarkSUSY/source/madspin_card.dat :: to folder:: /LUSTRE/home/fmsanchez/GDarkSUSY/temp/Process_7151/MG5_aMC/MSSMD/Cards
 :: Copy file :: /LUSTRE/home/fmsanchez/GDarkSUSY/source/run_card.dat :: to folder:: /LUSTRE/home/fmsanchez/GDarkSUSY/temp/Process_7151/MG5_aMC/MSSMD/Cards
 :: Change Event to :: 10000
 :: ERROR :: Create file :: /LUSTRE/home/fmsanchez/GDarkSUSY/data/Events_10000
 :: ERROR :: Create file :: /LUSTRE/home/fmsanchez/GDarkSUSY/data/Events_10000/MneuL_10
 :: ERROR :: Create file :: /LUSTRE/home/fmsanchez/GDarkSUSY/data/Events_10000/MneuL_10/MneuD_0.25
 :: ERROR :: Create file :: /LUSTRE/home/fmsanchez/GDarkSUSY/data/Events_10000/MneuL_10/MneuD_0.25/MphoD_3
 :: ERROR :: Create file :: /LUSTRE/home/fmsanchez/GDarkSUSY/data/Events_10000/MneuL_10/MneuD_0.25/MphoD_3/lhe
 :: ERROR :: Create file :: /LUSTRE/home/fmsanchez/GDarkSUSY/data/Events_10000/MneuL_10/MneuD_0.25/MphoD_3/Mu_min4
 :: Not exist file :: /LUSTRE/home/fmsanchez/GDarkSUSY/temp/Process_7151/MG5_aMC/MSSMD/Events
 :: Clear file :: /LUSTRE/home/fmsanchez/GDarkSUSY/temp/Process_7151/MG5_aMC/MSSMD/Events
 :: Create file :: /LUSTRE/home/fmsanchez/GDarkSUSY/temp/Process_7151/MG5_aMC/MSSMD/Events
 :: Exist file :: /LUSTRE/home/fmsanchez/GDarkSUSY/temp/Process_7151/MG5_aMC/MSSMD/Events
 :: Execute correct :: 256 :: gzip -d /LUSTRE/home/fmsanchez/GDarkSUSY/data/Events_10000/MneuL_10/MneuD_0.25/MphoD_3/lhe/run_01_decayed_1/unweighted_events.lhe.gz
 :: Copy folder :: /LUSTRE/home/fmsanchez/GDarkSUSY/data/Events_10000/MneuL_10/MneuD_0.25/MphoD_3/lhe :: to folder:: /LUSTRE/home/fmsanchez/GDarkSUSY/temp/Process_7151/MG5_aMC/MSSMD/Events
 :: Se cambio el life time por : 5
 :: Execut************************************************************
*                                                          *
*                      W E L C O M E to                    *
*             M A D G R A P H 5 _ a M C @ N L O            *
*                      M A D E V E N T                     *
*                                                          *
*                 *                       *                *
*                   *        * *        *                  *
*                     * * * * 5 * * * *                    *
*                   *        * *        *                  *
*                 *                       *                *
*                                                          *
*         VERSION 2.7.0                 20xx-xx-xx         *
*                                                          *
*    The MadGraph5_aMC@NLO Development Team - Find us at   *
*    https://server06.fynu.ucl.ac.be/projects/madgraph     *
*                                                          *
*               Type 'help' for in-line help.              *
*                                                          *
************************************************************
INFO: load configuration from /LUSTRE/home/fmsanchez/GDarkSUSY/temp/Process_7151/MG5_aMC/MSSMD/Cards/me5_configuration.txt  
INFO: load configuration from /LUSTRE/home/fmsanchez/GDarkSUSY/temp/Process_7151/MG5_aMC/input/mg5_configuration.txt  
INFO: load configuration from /LUSTRE/home/fmsanchez/GDarkSUSY/temp/Process_7151/MG5_aMC/MSSMD/Cards/me5_configuration.txt  
Using default text editor "vi". Set another one in ./input/mg5_configuration.txt
No valid eps viewer found. Please set in ./input/mg5_configuration.txt
pythia8 run_01_decayed_1
INFO: compile directory 
compile Source Directory
Which programs do you want to run?
    0 / auto    : running existing cards
    1. pythia8  : Pythia8
    3. delphes  : Pythia8 + Delphes.
 [[4m0[0m, 1, 3, auto, pythia8, delphes][60s to answer] 
>Will run in mode delphes
Do you want to edit a card (press enter to bypass editing)?
/------------------------------------------------------------\
|  [31m1[0m. pythia8 : [32mpythia8_card.dat[0m                             |
|  [31m2[0m. delphes : [32mdelphes_card.dat[0m                             |
\------------------------------------------------------------/
 you can also
   - enter the path to a valid card.
 [[4m0[0m, done, 1, pythia8, 2, delphes, enter path][90s to answer] 
>[1;34mWARNING: Particle 25 with small width detected (1e-05): See https://answers.launchpad.net/mg5amcnlo/+faq/3053 to learn the special handling of that case [0m
Unhandled exception in thread started by <function call at 0x1202578>
INFO: [92mRunning Pythia8 [arXiv:1410.3012][0m 
Traceback (most recent call last):
  File "/usr/lib64/python2.7/subprocess.py", line 524, in call
    return Popen(*popenargs, **kwargs).wait()
  File "/usr/lib64/python2.7/subprocess.py", line 711, in __init__
    errread, errwrite)
  File "/usr/lib64/python2.7/subprocess.py", line 1327, in _execute_child
    raise child_exception
OSError: [Errno 2] No such file or directory
Splitting .lhe event file for PY8 parallelization...
Submitting Pythia8 jobs...
Pythia8 shower jobs: 0 Idle, 40 Running, 0 Done [28 seconds]
Pythia8 shower jobs: 0 Idle, 36 Running, 4 Done [22m33s]
Pythia8 shower jobs: 0 Idle, 12 Running, 28 Done [23m38s]
Pythia8 shower jobs: 0 Idle, 0 Running, 40 Done [24m45s]
Merging results from the split PY8 runs...
mv: no se puede efectuar `stat' sobre tmp: No existe el fichero o el directorio
mv: no se puede efectuar `stat' sobre tmp: No existe el fichero o el directorio
mv: no se puede efectuar `stat' sobre tmp: No existe el fichero o el directorio
mv: no se puede efectuar `stat' sobre tmp: No existe el fichero o el directorio
mv: no se puede efectuar `stat' sobre tmp: No existe el fichero o el directorio
mv: no se puede efectuar `stat' sobre tmp: No existe el fichero o el directorio
mv: no se puede efectuar `stat' sobre tmp: No existe el fichero o el directorio
mv: no se puede efectuar `stat' sobre tmp: No existe el fichero o el directorio
mv: no se puede efectuar `stat' sobre tmp: No existe el fichero o el directorio
mv: no se puede efectuar `stat' sobre tmp: No existe el fichero o el directorio
mv: no se puede efectuar `stat' sobre tmp: No existe el fichero o el directorio
mv: no se puede efectuar `stat' sobre tmp: No existe el fichero o el directorio
mv: no se puede efectuar `stat' sobre tmp: No existe el fichero o el directorio
mv: no se puede efectuar `stat' sobre tmp: No existe el fichero o el directorio
mv: no se puede efectuar `stat' sobre tmp: No existe el fichero o el directorio
mv: no se puede efectuar `stat' sobre tmp: No existe el fichero o el directorio
mv: no se puede efectuar `stat' sobre tmp: No existe el fichero o el directorio
mv: no se puede efectuar `stat' sobre tmp: No existe el fichero o el directorio
mv: no se puede efectuar `stat' sobre tmp: No existe el fichero o el directorio
mv: no se puede efectuar `stat' sobre tmp: No existe el fichero o el directorio
mv: no se puede efectuar `stat' sobre tmp: No existe el fichero o el directorio
mv: no se puede efectuar `stat' sobre tmp: No existe el fichero o el directorio
mv: no se puede efectuar `stat' sobre tmp: No existe el fichero o el directorio
mv: no se puede efectuar `stat' sobre tmp: No existe el fichero o el directorio
mv: no se puede efectuar `stat' sobre tmp: No existe el fichero o el directorio
mv: no se puede efectuar `stat' sobre tmp: No existe el fichero o el directorio
mv: no se puede efectuar `stat' sobre tmp: No existe el fichero o el directorio
mv: no se puede efectuar `stat' sobre tmp: No existe el fichero o el directorio
mv: no se puede efectuar `stat' sobre tmp: No existe el fichero o el directorio
mv: no se puede efectuar `stat' sobre tmp: No existe el fichero o el directorio
mv: no se puede efectuar `stat' sobre tmp: No existe el fichero o el directorio
mv: no se puede efectuar `stat' sobre tmp: No existe el fichero o el directorio
mv: no se puede efectuar `stat' sobre tmp: No existe el fichero o el directorio
mv: no se puede efectuar `stat' sobre tmp: No existe el fichero o el directorio
mv: no se puede efectuar `stat' sobre tmp: No existe el fichero o el directorio
mv: no se puede efectuar `stat' sobre tmp: No existe el fichero o el directorio
mv: no se puede efectuar `stat' sobre tmp: No existe el fichero o el directorio
mv: no se puede efectuar `stat' sobre tmp: No existe el fichero o el directorio
mv: no se puede efectuar `stat' sobre tmp: No existe el fichero o el directorio
mv: no se puede efectuar `stat' sobre tmp: No existe el fichero o el directorio
[1;34mWARNING: Install gnuplot to be able to view the plots generated at :
    [0m
INFO: Pythia8 shower finished after 25m12s. 
INFO: prepare delphes run 
INFO: Running Delphes 
INFO: If you are interested in lhco output. please run root2lhco converter. 
INFO:  or edit bin/internal/run_delphes3 to run the converter automatically. 
INFO: delphes done 
  === Results Summary for run: run_01_decayed_1 tag: tag_1 ===

     Cross-section :   17.62 +- 0 pb
     Nb of events :  10000
 
quit
INFO: storing files of previous run 
INFO: Storing Pythia8 files of previous run 
INFO: Done 
INFO:  
launch in debug mode

Processing SelectDark3.C("/LUSTRE/home/fmsanchez/GDarkSUSY/data/Events_10000/MneuL_10/MneuD_0.25/MphoD_3/DarkSUSY_CMS_Event_10000_MNeuL_10_MNeuD_0.25_MPhoD_3_TcPhoD_5_.root" , "/LUSTRE/home/fmsanchez/GDarkSUSY/data/Events_10000/MneuL_10/MneuD_0.25/MphoD_3/Mu_min4/Mu4_DarkSUSY_CMS_Event_10000_MNeuL_10_MNeuD_0.25_MPhoD_3_TcPhoD_5_.root" , "/LUSTRE/home/fmsanchez/GDarkSUSY/data/Events_10000/MneuL_10/MneuD_0.25/MphoD_3/Mu_min4/LOG_Mu4_DarkSUSY_CMS_Event_10000_MNeuL_10_MNeuD_0.25_MPhoD_3_TcPhoD_5_.txt")...
Warning in <TFile::Init>: no StreamerInfo found in /LUSTRE/home/fmsanchez/MG5_aMC_v2_7_0/Delphes/ClassesDict_rdict.pcm therefore preventing schema evolution when reading this file.
Warning in <TFile::Init>: no StreamerInfo found in /LUSTRE/home/fmsanchez/MG5_aMC_v2_7_0/Delphes/ExRootAnalysisDict_rdict.pcm therefore preventing schema evolution when reading this file.
Warning in <TFile::Init>: no StreamerInfo found in /LUSTRE/home/fmsanchez/MG5_aMC_v2_7_0/Delphes/ModulesDict_rdict.pcm therefore preventing schema evolution when reading this file.
Warning in <TFile::Init>: no StreamerInfo found in /LUSTRE/home/fmsanchez/MG5_aMC_v2_7_0/Delphes/FastJetDict_rdict.pcm therefore preventing schema evolution when reading this file.
(int) 0
e correct :: 0 :: gzip -1 /LUSTRE/home/fmsanchez/GDarkSUSY/temp/Process_7151/MG5_aMC/MSSMD/Events/run_01_decayed_1/unweighted_events.lhe
 :: Exist file :: /LUSTRE/home/fmsanchez/GDarkSUSY/temp/Process_7151/MG5_aMC/MSSMD/Cards/pythia8_card_default.dat
 :: Copy file :: /LUSTRE/home/fmsanchez/GDarkSUSY/temp/Process_7151/MG5_aMC/MSSMD/Cards/pythia8_card_default.dat :: to file :: /LUSTRE/home/fmsanchez/GDarkSUSY/temp/Process_7151/MG5_aMC/MSSMD/Cards/pythia8_card.dat
 :: Pythia8 Activate :: 
 :: Copy file :: /LUSTRE/home/fmsanchez/GDarkSUSY/temp/Process_7151/MG5_aMC/MSSMD/Cards/delphes_card_CMS.dat :: to file :: /LUSTRE/home/fmsanchez/GDarkSUSY/temp/Process_7151/MG5_aMC/MSSMD/Cards/delphes_card.dat
 :: Delphes CMS Activate :: 
 :: Relocalizarse en :: /LUSTRE/home/fmsanchez/GDarkSUSY/temp/Process_7151/MG5_aMC/MSSMD
 :: Execute correct :: 0 :: ./bin/madevent pythia8 run_01_decayed_1 <<< 0
 :: Exist file :: /LUSTRE/home/fmsanchez/GDarkSUSY/temp/Process_7151/MG5_aMC/MSSMD/Events/run_01_decayed_1/tag_1_delphes_events.root
 :: Copy file :: /LUSTRE/home/fmsanchez/GDarkSUSY/temp/Process_7151/MG5_aMC/MSSMD/Events/run_01_decayed_1/tag_1_delphes_events.root :: to file :: /LUSTRE/home/fmsanchez/GDarkSUSY/data/Events_10000/MneuL_10/MneuD_0.25/MphoD_3/DarkSUSY_CMS_Event_10000_MNeuL_10_MNeuD_0.25_MPhoD_3_TcPhoD_5_.root
 :: Not exist file :: /LUSTRE/home/fmsanchez/GDarkSUSY/temp/Process_7151/MG5_aMC
 :: Clear file :: /LUSTRE/home/fmsanchez/GDarkSUSY/temp/Process_7151/MG5_aMC
 :: Exist file :: /LUSTRE/home/fmsanchez/GDarkSUSY/data/Events_10000/MneuL_10/MneuD_0.25/MphoD_3/DarkSUSY_CMS_Event_10000_MNeuL_10_MNeuD_0.25_MPhoD_3_TcPhoD_5_.root
 :: genera root :: 
 :: Not exist file :: /LUSTRE/home/fmsanchez/GDarkSUSY/data/RUN_root_DarkSUSY_CMS_Event_10000_MNeuL_10_MNeuD_0.25_MPhoD_3_TcPhoD_5_.txt
 :: Clear file :: /LUSTRE/home/fmsanchez/GDarkSUSY/data/RUN_root_DarkSUSY_CMS_Event_10000_MNeuL_10_MNeuD_0.25_MPhoD_3_TcPhoD_5_.txt
 :: Exist file :: /LUSTRE/home/fmsanchez/GDarkSUSY/data/Events_10000/MneuL_10/MneuD_0.25/MphoD_3/DarkSUSY_CMS_Event_10000_MNeuL_10_MNeuD_0.25_MPhoD_3_TcPhoD_5_.root
 :: Not exist file :: /LUSTRE/home/fmsanchez/GDarkSUSY/data/Events_10000/MneuL_10/MneuD_0.25/MphoD_3/Mu_min4/Mu4_DarkSUSY_CMS_Event_10000_MNeuL_10_MNeuD_0.25_MPhoD_3_TcPhoD_5_.root
 :: Relocalizarse en :: /LUSTRE/home/fmsanchez/GDarkSUSY/source
 :: Execute correct :: 0 :: root -l SelectDark3.C'("/LUSTRE/home/fmsanchez/GDarkSUSY/data/Events_10000/MneuL_10/MneuD_0.25/MphoD_3/DarkSUSY_CMS_Event_10000_MNeuL_10_MNeuD_0.25_MPhoD_3_TcPhoD_5_.root" , "/LUSTRE/home/fmsanchez/GDarkSUSY/data/Events_10000/MneuL_10/MneuD_0.25/MphoD_3/Mu_min4/Mu4_DarkSUSY_CMS_Event_10000_MNeuL_10_MNeuD_0.25_MPhoD_3_TcPhoD_5_.root" , "/LUSTRE/home/fmsanchez/GDarkSUSY/data/Events_10000/MneuL_10/MneuD_0.25/MphoD_3/Mu_min4/LOG_Mu4_DarkSUSY_CMS_Event_10000_MNeuL_10_MNeuD_0.25_MPhoD_3_TcPhoD_5_.txt")' <<< 0
 :: Exist file :: /LUSTRE/home/fmsanchez/GDarkSUSY/data/Events_10000/MneuL_10/MneuD_0.25/MphoD_3/Mu_min4/Mu4_DarkSUSY_CMS_Event_10000_MNeuL_10_MNeuD_0.25_MPhoD_3_TcPhoD_5_.root
 ************************* CORRIDA NUEVA ************************* 
 :: Condiciones de Trabajo :: 
 :: Events :: 10000 :: MneuL :: 10 :: MneuD :: 0.25 :: MphoD :: 3 :: TcPhoD :: 10
 :: Exist file :: /LUSTRE/home/fmsanchez/GDarkSUSY/data/Events_10000/MneuL_10/MneuD_0.25/MphoD_3/lhe/run_01_decayed_1/unweighted_events.lhe
 :: File *.lhe exist or is running :: 
 :: Not exist file :: /LUSTRE/home/fmsanchez/GDarkSUSY/data/RUN_lhe_DarkSUSY_LHE_Event_10000_MNeuL_10_MNeuD_0.25_MPhoD_3_.txt
 :: Not exist file :: /LUSTRE/home/fmsanchez/GDarkSUSY/data/RUN_lhe_DarkSUSY_LHE_Event_10000_MNeuL_10_MNeuD_0.25_MPhoD_3_.root
 :: Exist file :: /LUSTRE/home/fmsanchez/GDarkSUSY/data/Events_10000/MneuL_10/MneuD_0.25/MphoD_3/lhe/run_01_decayed_1/unweighted_events.lhe
 :: Not exist file :: /LUSTRE/home/fmsanchez/GDarkSUSY/data/Events_10000/MneuL_10/MneuD_0.25/MphoD_3/DarkSUSY_CMS_Event_10000_MNeuL_10_MNeuD_0.25_MPhoD_3_TcPhoD_10_.txt
 :: Not exist file :: /LUSTRE/home/fmsanchez/GDarkSUSY/data/Events_10000/MneuL_10/MneuD_0.25/MphoD_3/DarkSUSY_CMS_Event/LUSTRE/home/fmsanchez/GDarkSUSY/temp/Process_2368/MG5_aMC/models/MSSMD_UFO/particles.py
write ./param_card.dat
************************************************************
*                                                          *
*                     W E L C O M E to                     *
*              M A D G R A P H 5 _ a M C @ N L O           *
*                                                          *
*                                                          *
*                 *                       *                *
*                   *        * *        *                  *
*                     * * * * 5 * * * *                    *
*                   *        * *        *                  *
*                 *                       *                *
*                                                          *
*         VERSION 2.7.0                 2020-01-20         *
*                                                          *
*    The MadGraph5_aMC@NLO Development Team - Find us at   *
*    https://server06.fynu.ucl.ac.be/projects/madgraph     *
*                            and                           *
*            http://amcatnlo.web.cern.ch/amcatnlo/         *
*                                                          *
*               Type 'help' for in-line help.              *
*           Type 'tutorial' to learn how MG5 works         *
*    Type 'tutorial aMCatNLO' to learn how aMC@NLO works   *
*    Type 'tutorial MadLoop' to learn how MadLoop works    *
*                                                          *
************************************************************
load MG5 configuration from input/mg5_configuration.txt 
fastjet-config does not seem to correspond to a valid fastjet-config executable (v3+). We will use fjcore instead.
 Please set the 'fastjet'variable to the full (absolute) /PATH/TO/fastjet-config (including fastjet-config).
 MG5_aMC> set fastjet /PATH/TO/fastjet-config

set lhapdf to /LUSTRE/home/fmsanchez/MG5_aMC_v2_7_0/HEPTools/lhapdf6/bin/lhapdf-config
Using default text editor "vi". Set another one in ./input/mg5_configuration.txt
No valid eps viewer found. Please set in ./input/mg5_configuration.txt
import /LUSTRE/home/fmsanchez/GDarkSUSY/temp/Process_2368/MG5_aMC/proc_card.dat
The import format was not given, so we guess it as command
set group_subprocesses Auto
Set group_subprocesses to Auto
Note that you need to regenerate all processes
set ignore_six_quark_processes False
set loop_optimized_output True
set loop optimized output to True
set loop_color_flows False
set loop color flows to False
set gauge unitary
Passing to gauge unitary.
set complex_mass_scheme False
Complex mass already desactivated.
set max_npoint_for_channel 0
import model sm
INFO: reload from .py file 
INFO: load particles 
INFO: load vertices 
INFO: Restrict model sm with file models/sm/restrict_default.dat . 
INFO: Run "set stdout_level DEBUG" before import for more information. 
INFO: Change particles name to pass to MG5 convention 
Defined multiparticle p = g u c d s u~ c~ d~ s~
Defined multiparticle j = g u c d s u~ c~ d~ s~
Defined multiparticle l+ = e+ mu+
Defined multiparticle l- = e- mu-
Defined multiparticle vl = ve vm vt
Defined multiparticle vl~ = ve~ vm~ vt~
Defined multiparticle all = g u c d s u~ c~ d~ s~ a ve vm vt e- mu- ve~ vm~ vt~ e+ mu+ t b t~ b~ z w+ h w- ta- ta+
define p = g u c d s u~ c~ d~ s~
Defined multiparticle p = g u c d s u~ c~ d~ s~
define j = g u c d s u~ c~ d~ s~
Defined multiparticle j = g u c d s u~ c~ d~ s~
define l+ = e+ mu+
Defined multiparticle l+ = e+ mu+
define l- = e- mu-
Defined multiparticle l- = e- mu-
define vl = ve vm vt
Defined multiparticle vl = ve vm vt
define vl~ = ve~ vm~ vt~
Defined multiparticle vl~ = ve~ vm~ vt~
import model heft
INFO: reload from .py file 
INFO: load particles 
INFO: load vertices 
INFO: Restrict model heft with file models/heft/restrict_default.dat . 
INFO: Run "set stdout_level DEBUG" before import for more information. 
INFO: Change particles name to pass to MG5 convention 
Kept definitions of multiparticles l- / j / vl / l+ / p / vl~ unchanged
Defined multiparticle all = g u c d s u~ c~ d~ s~ a ve vm vt e- mu- ve~ vm~ vt~ e+ mu+ t b t~ b~ z w+ h h1 w- ta- ta+
generate g g > h
INFO: Checking for minimal orders which gives processes. 
INFO: Please specify coupling orders to bypass this step. 
INFO: Trying process: g g > h HIG<=1 HIW<=1 WEIGHTED<=2 @1  
INFO: Process has 1 diagrams 
1 processes with 1 diagrams generated in 0.008 s
Total: 1 processes with 1 diagrams
output MSSMD -nojpeg
INFO: directory /LUSTRE/home/fmsanchez/GDarkSUSY/temp/Process_2368/MG5_aMC/MSSMD already exists.
If you continue this directory will be deleted and replaced.
Do you want to continue? [[4my[0m, n]
[1mThe answer to the previous question is not set in your input file[0m
[1mUse y value[0m
INFO: initialize a new directory: MSSMD 
INFO: remove old information in MSSMD 
INFO: Organizing processes into subprocess groups 
INFO: Generating Helas calls for process: g g > h HIG<=1 HIW<=1 WEIGHTED<=2 @1 
INFO: Processing color information for process: g g > h HIG<=1 HIW<=1 @1 
INFO: Creating files in directory P1_gg_h 
INFO: Generating Feynman diagrams for Process: g g > h HIG<=1 HIW<=1 WEIGHTED<=2 @1 
INFO: Finding symmetric diagrams for subprocess group gg_h 
Generated helas calls for 1 subprocesses (1 diagrams) in 0.004 s
Wrote files for 4 helas calls in 0.081 s
ALOHA: aloha creates VVS3 routines
save configuration file to /LUSTRE/home/fmsanchez/GDarkSUSY/temp/Process_2368/MG5_aMC/MSSMD/Cards/me5_configuration.txt
INFO: Use Fortran compiler gfortran 
INFO: Use c++ compiler g++ 
INFO: Generate web pages 
Output to directory /LUSTRE/home/fmsanchez/GDarkSUSY/temp/Process_2368/MG5_aMC/MSSMD done.
Type "launch" to generate events from this process, or see
/LUSTRE/home/fmsanchez/GDarkSUSY/temp/Process_2368/MG5_aMC/MSSMD/README
Run "open index.html" to see more information about this process.
quit
Checking if MG5 is up-to-date... (takes up to 5s)
New Version of MG5 available! Do you want to update your current version? [[4mn[0m, y][60s to answer] 
>Update bypassed.
The next check for a new version will be performed in 7 days
In order to change this delay. Enter the command:
set auto_update X
Putting X to zero will prevent this check at anytime.
You can upgrade your version at any time by typing:
install update
gzip: /LUSTRE/home/fmsanchez/GDarkSUSY/data/Events_10000/MneuL_10/MneuD_0.25/MphoD_3/lhe/run_01_decayed_1/unweighted_events.lhe.gz: No such file or directory
_10000_MNeuL_10_MNeuD_0.25_MPhoD_3_TcPhoD_10_.root
 :: Not exist file :: /LUSTRE/home/fmsanchez/GDarkSUSY/data/RUN_root_DarkSUSY_CMS_Event_10000_MNeuL_10_MNeuD_0.25_MPhoD_3_TcPhoD_10_.txt
 :: Run the programs for obtein root file
 :: ERROR :: Create file :: /LUSTRE/home/fmsanchez/GDarkSUSY/temp
 :: Not exist file :: /LUSTRE/home/fmsanchez/GDarkSUSY/temp/Process_2368
 :: Create file :: /LUSTRE/home/fmsanchez/GDarkSUSY/temp/Process_2368
 :: Exist file :: /LUSTRE/home/fmsanchez/GDarkSUSY/temp/Process_2368
 :: Create file :: /LUSTRE/home/fmsanchez/GDarkSUSY/temp/Process_2368/MG5_aMC
 :: Exist file :: /LUSTRE/home/fmsanchez/GDarkSUSY/temp/Process_2368/MG5_aMC
 :: Copy folder :: /LUSTRE/home/fmsanchez/MG5_aMC_v2_7_0 :: to folder:: /LUSTRE/home/fmsanchez/GDarkSUSY/temp/Process_2368/MG5_aMC
 :: ERROR :: Incorrect bash execution :: 
 :: Complete copy of Madgraph programs ::
 :: ** Modification of Madgraph for using Dark Susy ** :: 
 :: Not exist file :: /LUSTRE/home/fmsanchez/GDarkSUSY/temp/Process_2368/MG5_aMC/models/MSSMD_UFO/
 :: Clear file :: /LUSTRE/home/fmsanchez/GDarkSUSY/temp/Process_2368/MG5_aMC/models/MSSMD_UFO/
 :: Create file :: /LUSTRE/home/fmsanchez/GDarkSUSY/temp/Process_2368/MG5_aMC/models/MSSMD_UFO
 :: Exist file :: /LUSTRE/home/fmsanchez/GDarkSUSY/temp/Process_2368/MG5_aMC/models/MSSMD_UFO
 :: Copy folder :: /LUSTRE/home/fmsanchez/GDarkSUSY/source/MSSMD_UFO :: to folder:: /LUSTRE/home/fmsanchez/GDarkSUSY/temp/Process_2368/MG5_aMC/models/MSSMD_UFO
 :: Exist file :: /LUSTRE/home/fmsanchez/GDarkSUSY/temp/Process_2368/MG5_aMC/models/MSSMD_UFO
 :: Relocalizarse en :: /LUSTRE/home/fmsanchez/GDarkSUSY/temp/Process_2368/MG5_aMC/models/MSSMD_UFO
 :: Execute correct :: 0 :: python write_param_card.py
 :: Change mass of dark photon to :: 3
 :: Change mass of lightest neutalino to :: 10
 :: Change mass of dark neutalino to :: 0.25
 :: Not exist file :: /LUSTRE/home/fmsanchez/GDarkSUSY/temp/Process_2368/MG5_aMC/proc_card.dat
 :: Clear file :: /LUSTRE/home/fmsanchez/GDarkSUSY/temp/Process_2368/MG5_aMC/proc_card.dat
 :: Copy file :: /LUSTRE/home/fmsanchez/GDarkSUSY/source/proc_card.dat :: to folder:: /LUSTRE/home/fmsanchez/GDarkSUSY/temp/Process_2368/MG5_aMC
 :: Relocalizarse en :: /LUSTRE/home/fmsanchez/GDarkSUSY/temp/Process_2368/MG5_aMC
 :: Execute correct :: 0 :: ./bin/mg5_aMC proc_card.dat
 :: Copy file :: /LUSTRE/home/fmsanchez/GDarkSUSY/source/madspin_card.dat :: to folder:: /LUSTRE/home/fmsanchez/GDarkSUSY/temp/Process_2368/MG5_aMC/MSSMD/Cards
 :: Copy file :: /LUSTRE/home/fmsanchez/GDarkSUSY/source/madspin_card.dat :: to folder:: /LUSTRE/home/fmsanchez/GDarkSUSY/temp/Process_2368/MG5_aMC/MSSMD/Cards
 :: Copy file :: /LUSTRE/home/fmsanchez/GDarkSUSY/source/run_card.dat :: to folder:: /LUSTRE/home/fmsanchez/GDarkSUSY/temp/Process_2368/MG5_aMC/MSSMD/Cards
 :: Change Event to :: 10000
 :: ERROR :: Create file :: /LUSTRE/home/fmsanchez/GDarkSUSY/data/Events_10000
 :: ERROR :: Create file :: /LUSTRE/home/fmsanchez/GDarkSUSY/data/Events_10000/MneuL_10
 :: ERROR :: Create file :: /LUSTRE/home/fmsanchez/GDarkSUSY/data/Events_10000/MneuL_10/MneuD_0.25
 :: ERROR :: Create file :: /LUSTRE/home/fmsanchez/GDarkSUSY/data/Events_10000/MneuL_10/MneuD_0.25/MphoD_3
 :: ERROR :: Create file :: /LUSTRE/home/fmsanchez/GDarkSUSY/data/Events_10000/MneuL_10/MneuD_0.25/MphoD_3/lhe
 :: ERROR :: Create file :: /LUSTRE/home/fmsanchez/GDarkSUSY/data/Events_10000/MneuL_10/MneuD_0.25/MphoD_3/Mu_min4
 :: Not exist file :: /LUSTRE/home/fmsanchez/GDarkSUSY/temp/Process_2368/MG5_aMC/MSSMD/Events
 :: Clear file :: /LUSTRE/home/fmsanchez/GDarkSUSY/temp/Process_2368/MG5_aMC/MSSMD/Events
 :: Create file :: /LUSTRE/home/fmsanchez/GDarkSUSY/temp/Process_2368/MG5_aMC/MSSMD/Events
 :: Exist file :: /LUSTRE/home/fmsanchez/GDarkSUSY/temp/Process_2368/MG5_aMC/MSSMD/Events
 :: Execute correct :: 256 :: gzip -d /LUSTRE/home/fmsanchez/GDarkSUSY/data/Events_10000/MneuL_10/MneuD_0.25/MphoD_3/lhe/run_01_decayed_1/unweighted_events.lhe.gz
 :: Copy folder :: /LUSTRE/home/fmsanchez/GDarkSUSY/data/Events_10000/MneuL_10/MneuD_0.25/MphoD_3/lhe :: to folder:: /LUSTRE/home/fmsa************************************************************
*                                                          *
*                      W E L C O M E to                    *
*             M A D G R A P H 5 _ a M C @ N L O            *
*                      M A D E V E N T                     *
*                                                          *
*                 *                       *                *
*                   *        * *        *                  *
*                     * * * * 5 * * * *                    *
*                   *        * *        *                  *
*                 *                       *                *
*                                                          *
*         VERSION 2.7.0                 20xx-xx-xx         *
*                                                          *
*    The MadGraph5_aMC@NLO Development Team - Find us at   *
*    https://server06.fynu.ucl.ac.be/projects/madgraph     *
*                                                          *
*               Type 'help' for in-line help.              *
*                                                          *
************************************************************
INFO: load configuration from /LUSTRE/home/fmsanchez/GDarkSUSY/temp/Process_2368/MG5_aMC/MSSMD/Cards/me5_configuration.txt  
INFO: load configuration from /LUSTRE/home/fmsanchez/GDarkSUSY/temp/Process_2368/MG5_aMC/input/mg5_configuration.txt  
INFO: load configuration from /LUSTRE/home/fmsanchez/GDarkSUSY/temp/Process_2368/MG5_aMC/MSSMD/Cards/me5_configuration.txt  
Using default text editor "vi". Set another one in ./input/mg5_configuration.txt
No valid eps viewer found. Please set in ./input/mg5_configuration.txt
pythia8 run_01_decayed_1
INFO: compile directory 
compile Source Directory
Which programs do you want to run?
    0 / auto    : running existing cards
    1. pythia8  : Pythia8
    3. delphes  : Pythia8 + Delphes.
 [[4m0[0m, 1, 3, auto, pythia8, delphes][60s to answer] 
>Will run in mode delphes
Do you want to edit a card (press enter to bypass editing)?
/------------------------------------------------------------\
|  [31m1[0m. pythia8 : [32mpythia8_card.dat[0m                             |
|  [31m2[0m. delphes : [32mdelphes_card.dat[0m                             |
\------------------------------------------------------------/
 you can also
   - enter the path to a valid card.
 [[4m0[0m, done, 1, pythia8, 2, delphes, enter path][90s to answer] 
>[1;34mWARNING: Particle 25 with small width detected (1e-05): See https://answers.launchpad.net/mg5amcnlo/+faq/3053 to learn the special handling of that case [0m
Unhandled exception in thread started by <function call at 0x279f578>
INFO: [92mRunning Pythia8 [arXiv:1410.3012][0m 
Traceback (most recent call last):
  File "/usr/lib64/python2.7/subprocess.py", line 524, in call
    return Popen(*popenargs, **kwargs).wait()
  File "/usr/lib64/python2.7/subprocess.py", line 711, in __init__
    errread, errwrite)
  File "/usr/lib64/python2.7/subprocess.py", line 1327, in _execute_child
    raise child_exception
OSError: [Errno 2] No such file or directory
Splitting .lhe event file for PY8 parallelization...
Submitting Pythia8 jobs...
Pythia8 shower jobs: 0 Idle, 40 Running, 0 Done [28 seconds]
srun: got SIGCONT
srun: Job step aborted: Waiting up to 32 seconds for job step to finish.
slurmstepd: error: *** JOB 54056 ON ibnodo9 CANCELLED AT 2020-03-11T10:20:21 ***
srun: forcing job termination
slurmstepd: error: *** STEP 54056.0 ON ibnodo9 CANCELLED AT 2020-03-11T10:20:21 ***
