 ************************* CORRIDA NUEVA ************************* 
 :: Condiciones de Trabajo :: 
 :: Events :: 10000 :: MneuL :: 10 :: MneuD :: 0.25 :: MphoD :: 0.25 :: TcPhoD :: 0
 :: Exist file :: /LUSTRE/home/fmsanchez/GDarkSUSY/data/Events_10000/MneuL_10/MneuD_0.25/MphoD_0.25/lhe/run_01_decayed_1/unweighted_events.lhe
 :: File *.lhe exist or is running :: 
 :: Not exist file :: /LUSTRE/home/fmsanchez/GDarkSUSY/data/RUN_lhe_DarkSUSY_LHE_Event_10000_MNeuL_10_MNeuD_0.25_MPhoD_0.25_.txt
 :: Not exist file :: /LUSTRE/home/fmsanchez/GDarkSUSY/data/RUN_lhe_DarkSUSY_LHE_Event_10000_MNeuL_10_MNeuD_0.25_MPhoD_0.25_.root
 :: Exist file :: /LUSTRE/home/fmsanchez/GDarkSUSY/data/Events_10000/MneuL_10/MneuD_0.25/MphoD_0.25/lhe/run_01_decayed_1/unweighted_events.lhe
 :: File *.root exist or is runing :: 
 :: Exist file :: /LUSTRE/home/fmsanchez/GDarkSUSY/data/Events_10000/MneuL_10/MneuD_0.25/MphoD_0.25/DarkSUSY_CMS_Event_10000_MNeuL_10_MNeuD_0.25_MPhoD_0.25_TcPhoD_0_.root
 :: Exist file :: /LUSTRE/home/fmsanchez/GDarkSUSY/data/Events_10000/MneuL_10/MneuD_0.25/MphoD_0.25/Mu_min4/Mu4_DarkSUSY_CMS_Event_10000_MNeuL_10_MNeuD_0.25_MPhoD_0.25_TcPhoD_0_.root
 :: File *.root reduction exist :: 
 ************************* CORRIDA NUEVA ************************* 
 :: Condiciones de Trabajo :: 
 :: Events :: 10000 :: MneuL :: 10 :: MneuD :: 0.25 :: MphoD :: 0.25 :: TcPhoD :: 5
 :: Exist file :: /LUSTRE/home/fmsanchez/GDarkSUSY/data/Events_10000/MneuL_10/MneuD_0.25/MphoD_0.25/lhe/run_01_decayed_1/unweighted_events.lhe
 :: File *.lhe exist or is running :: 
 :: Not exist file :: /LUSTRE/home/fmsanchez/GDarkSUSY/data/RUN_lhe_DarkSUSY_LHE_Event_10000_MNeuL_10_MNeuD_0.25_MPhoD_0.25_.txt
 :: Not exist file :: /LUSTRE/home/fmsanchez/GDarkSUSY/data/RUN_lhe_DarkSUSY_LHE_Event_10000_MNeuL_10_MNeuD_0.25_MPhoD_0.25_.root
 :: Exist file :: /LUSTRE/home/fmsanchez/GDarkSUSY/data/Events_10000/MneuL_10/MneuD_0.25/MphoD_0.25/lhe/run_01_decayed_1/unweighted_events.lhe
 :: File *.root exist or is runing :: 
 :: Exist file :: /LUSTRE/home/fmsanchez/GDarkSUSY/data/Events_10000/MneuL_10/MneuD_0.25/MphoD_0.25/DarkSUSY_CMS_Event_10000_MNeuL_10_MNeuD_0.25_MPhoD_0.25_TcPhoD_5_.root
 :: Exist file :: /LUSTRE/home/fmsanchez/GDarkSUSY/data/Events_10000/MneuL_10/MneuD_0.25/MphoD_0.25/Mu_min4/Mu4_DarkSUSY_CMS_Event_10000_MNeuL_10_MNeuD_0.25_MPhoD_0.25_TcPhoD_5_.root
 :: File *.root reduction exist :: 
 ************************* CORRIDA NUEVA ************************* 
 :: Condiciones de Trabajo :: 
 :: Events :: 10000 :: MneuL :: 10 :: MneuD :: 0.25 :: MphoD :: 0.25 :: TcPhoD :: 10
 :: Exist file :: /LUSTRE/home/fmsanchez/GDarkSUSY/data/Events_10000/MneuL_10/MneuD_0.25/MphoD_0.25/lhe/run_01_decayed_1/unweighted_events.lhe
 :: File *.lhe exist or is running :: 
 :: Not exist file :: /LUSTRE/home/fmsanchez/GDarkSUSY/data/RUN_lhe_DarkSUSY_LHE_Event_10000_MNeuL_10_MNeuD_0.25_MPhoD_0.25_.txt
 :: Not exist file :: /LUSTRE/home/fmsanchez/GDarkSUSY/data/RUN_lhe_DarkSUSY_LHE_Event_10000_MNeuL_10_MNeuD_0.25_MPhoD_0.25_.root
 :: Exist file :: /LUSTRE/home/fmsanchez/GDarkSUSY/data/Events_10000/MneuL_10/MneuD_0.25/MphoD_0.25/lhe/run_01_decayed_1/unweighted_events.lhe
 :: File *.root exist or is runing :: 
 :: Exist file :: /LUSTRE/home/fmsanchez/GDarkSUSY/data/Events_10000/MneuL_10/MneuD_0.25/MphoD_0.25/DarkSUSY_CMS_Event_10000_MNeuL_10_MNeuD_0.25_MPhoD_0.25_TcPhoD_10_.root
 :: Exist file :: /LUSTRE/home/fmsanchez/GDarkSUSY/data/Events_10000/MneuL_10/MneuD_0.25/MphoD_0.25/Mu_min4/Mu4_DarkSUSY_CMS_Event_10000_MNeuL_10_MNeuD_0.25_MPhoD_0.25_TcPhoD_10_.root
 :: File *.root reduction exist :: 
 ************************* CORRIDA NUEVA ************************* 
 :: Condiciones de Trabajo :: 
 :: Events :: 10000 :: MneuL :: 10 :: MneuD :: 0.25 :: MphoD :: 0.25 :: TcPhoD :: 20
 :: Exist file :: /LUSTRE/home/fmsanchez/GDarkSUSY/data/Events_10000/MneuL_10/MneuD_0.25/MphoD_0.25/lhe/run_01_decayed_1/unweighted_events.lhe
 :: File *.lhe exist or is running :: 
 :: Not exist file :: /LUSTRE/home/fmsanchez/GDarkSUSY/data/RUN_lhe_DarkSUSY_LHE_Event_10000_MNeuL_10_MNeuD_0.25_MPhoD_0.25_.txt
 :: Not exist file :: /LUSTRE/home/fmsanchez/GDarkSUSY/data/RUN_lhe_DarkSUSY_LHE_Event_10000_MNeuL_10_MNeuD_0.25_MPhoD_0.25_.root
 :: Exist file :: /LUSTRE/home/fmsanchez/GDarkSUSY/data/Events_10000/MneuL_10/MneuD_0.25/MphoD_0.25/lhe/run_01_decayed_1/unweighted_events.lhe
 :: File *.root exist or is runing :: 
 :: Exist file :: /LUSTRE/home/fmsanchez/GDarkSUSY/data/Events_10000/MneuL_10/MneuD_0.25/MphoD_0.25/DarkSUSY_CMS_Event_10000_MNeuL_10_MNeuD_0.25_MPhoD_0.25_TcPhoD_20_.root
 :: Exist file :: /LUSTRE/home/fmsanchez/GDarkSUSY/data/Events_10000/MneuL_10/MneuD_0.25/MphoD_0.25/Mu_min4/Mu4_DarkSUSY_CMS_Event_10000_MNeuL_10_MNeuD_0.25_MPhoD_0.25_TcPhoD_20_.root
 :: File *.root reduction exist :: 
 ************************* CORRIDA NUEVA ************************* 
 :: Condiciones de Trabajo :: 
 :: Events :: 10000 :: MneuL :: 10 :: MneuD :: 0.25 :: MphoD :: 0.25 :: TcPhoD :: 30
 :: Exist file :: /LUSTRE/home/fmsanchez/GDarkSUSY/data/Events_10000/MneuL_10/MneuD_0.25/MphoD_0.25/lhe/run_01_decayed_1/unweighted_events.lhe
 :: File *.lhe exist or is running :: 
 :: Not exist file :: /LUSTRE/home/fmsanchez/GDarkSUSY/data/RUN_lhe_DarkSUSY_LHE_Event_10000_MNeuL_10_MNeuD_0.25_MPhoD_0.25_.txt
 :: Not exist file :: /LUSTRE/home/fmsanchez/GDarkSUSY/data/RUN_lhe_DarkSUSY_LHE_Event_10000_MNeuL_10_MNeuD_0.25_MPhoD_0.25_.root
 :: Exist file :: /LUSTRE/home/fmsanchez/GDarkSUSY/data/Events_10000/MneuL_10/MneuD_0.25/MphoD_0.25/lhe/run_01_decayed_1/unweighted_events.lhe
 :: File *.root exist or is runing :: 
 :: Exist file :: /LUSTRE/home/fmsanchez/GDarkSUSY/data/Events_10000/MneuL_10/MneuD_0.25/MphoD_0.25/DarkSUSY_CMS_Event_10000_MNeuL_10_MNeuD_0.25_MPhoD_0.25_TcPhoD_30_.root
 :: Exist file :: /LUSTRE/home/fmsanchez/GDarkSUSY/data/Events_10000/MneuL_10/MneuD_0.25/MphoD_0.25/Mu_min4/Mu4_DarkSUSY_CMS_Event_10000_MNeuL_10_MNeuD_0.25_MPhoD_0.25_TcPhoD_30_.root
 :: File *.root reduction exist :: 
 ************************* CORRIDA NUEVA ************************* 
 :: Condiciones de Trabajo :: 
 :: Events :: 10000 :: MneuL :: 10 :: MneuD :: 0.25 :: MphoD :: 0.25 :: TcPhoD :: 40
 :: Exist file :: /LUSTRE/home/fmsanchez/GDarkSUSY/data/Events_10000/MneuL_10/MneuD_0.25/MphoD_0.25/lhe/run_01_decayed_1/unweighted_events.lhe
 :: File *.lhe exist or is running :: 
 :: Not exist file :: /LUSTRE/home/fmsanchez/GDarkSUSY/data/RUN_lhe_DarkSUSY_LHE_Event_10000_MNeuL_10_MNeuD_0.25_MPhoD_0.25_.txt
 :: Not exist file :: /LUSTRE/home/fmsanchez/GDarkSUSY/data/RUN_lhe_DarkSUSY_LHE_Event_10000_MNeuL_10_MNeuD_0.25_MPhoD_0.25_.root
 :: Exist file :: /LUSTRE/home/fmsanchez/GDarkSUSY/data/Events_10000/MneuL_10/MneuD_0.25/MphoD_0.25/lhe/run_01_decayed_1/unweighted_events.lhe
 :: File *.root exist or is runing :: 
 :: Exist file :: /LUSTRE/home/fmsanchez/GDarkSUSY/data/Events_10000/MneuL_10/MneuD_0.25/MphoD_0.25/DarkSUSY_CMS_Event_10000_MNeuL_10_MNeuD_0.25_MPhoD_0.25_TcPhoD_40_.root
 :: Exist file :: /LUSTRE/home/fmsanchez/GDarkSUSY/data/Events_10000/MneuL_10/MneuD_0.25/MphoD_0.25/Mu_min4/Mu4_DarkSUSY_CMS_Event_10000_MNeuL_10_MNeuD_0.25_MPhoD_0.25_TcPhoD_40_.root
 :: File *.root reduction exist :: 
 ************************* CORRIDA NUEVA ************************* 
 :: Condiciones de Trabajo :: 
 :: Events :: 10000 :: MneuL :: 10 :: MneuD :: 0.25 :: MphoD :: 0.25 :: TcPhoD :: 50
 :: Exist file :: /LUSTRE/home/fmsanchez/GDarkSUSY/data/Events_10000/MneuL_10/MneuD_0.25/MphoD_0.25/lhe/run_01_decayed_1/unweighted_events.lhe
 :: File *.lhe exist or is running :: 
 :: Not exist file :: /LUSTRE/home/fmsanchez/GDarkSUSY/data/RUN_lhe_DarkSUSY_LHE_Event_10000_MNeuL_10_MNeuD_0.25_MPhoD_0.25_.txt
 :: Not exist file :: /LUSTRE/home/fmsanchez/GDarkSUSY/data/RUN_lhe_DarkSUSY_LHE_Event_10000_MNeuL_10_MNeuD_0.25_MPhoD_0.25_.root
 :: Exist file :: /LUSTRE/home/fmsanchez/GDarkSUSY/data/Events_10000/MneuL_10/MneuD_0.25/MphoD_0.25/lhe/run_01_decayed_1/unweighted_events.lhe
 :: File *.root exist or is runing :: 
 :: Exist file :: /LUSTRE/home/fmsanchez/GDarkSUSY/data/Events_10000/MneuL_10/MneuD_0.25/MphoD_0.25/DarkSUSY_CMS_Event_10000_MNeuL_10_MNeuD_0.25_MPhoD_0.25_TcPhoD_50_.root
 :: Exist file :: /LUSTRE/home/fmsanchez/GDarkSUSY/data/Events_10000/MneuL_10/MneuD_0.25/MphoD_0.25/Mu_min4/Mu4_DarkSUSY_CMS_Event_10000_MNeuL_10_MNeuD_0.25_MPhoD_0.25_TcPhoD_50_.root
 :: File *.root reduction exist :: 
 ************************* CORRIDA NUEVA ************************* 
 :: Condiciones de Trabajo :: 
 :: Events :: 10000 :: MneuL :: 10 :: MneuD :: 0.25 :: MphoD :: 0.25 :: TcPhoD :: 60
 :: Exist file :: /LUSTRE/home/fmsanchez/GDarkSUSY/data/Events_10000/MneuL_10/MneuD_0.25/MphoD_0.25/lhe/run_01_decayed_1/unweighted_events.lhe
 :: File *.lhe exist or is running :: 
 :: Not exist file :: /LUSTRE/home/fmsanchez/GDarkSUSY/data/RUN_lhe_DarkSUSY_LHE_Event_10000_MNeuL_10_MNeuD_0.25_MPhoD_0.25_.txt
 :: Not exist file :: /LUSTRE/home/fmsanchez/GDarkSUSY/data/RUN_lhe_DarkSUSY_LHE_Event_10000_MNeuL_10_MNeuD_0.25_MPhoD_0.25_.root
 :: Exist file :: /LUSTRE/home/fmsanchez/GDarkSUSY/data/Events_10000/MneuL_10/MneuD_0.25/MphoD_0.25/lhe/run_01_decayed_1/unweighted_events.lhe
 :: File *.root exist or is runing :: 
 :: Exist file :: /LUSTRE/home/fmsanchez/GDarkSUSY/data/Events_10000/MneuL_10/MneuD_0.25/MphoD_0.25/DarkSUSY_CMS_Event_10000_MNeuL_10_MNeuD_0.25_MPhoD_0.25_TcPhoD_60_.root
 :: Exist file :: /LUSTRE/home/fmsanchez/GDarkSUSY/data/Events_10000/MneuL_10/MneuD_0.25/MphoD_0.25/Mu_min4/Mu4_DarkSUSY_CMS_Event_10000_MNeuL_10_MNeuD_0.25_MPhoD_0.25_TcPhoD_60_.root
 :: File *.root reduction exist :: 
 ************************* CORRIDA NUEVA ************************* 
 :: Condiciones de Trabajo :: 
 :: Events :: 10000 :: MneuL :: 10 :: MneuD :: 0.25 :: MphoD :: 0.25 :: TcPhoD :: 70
 :: Exist file :: /LUSTRE/home/fmsanchez/GDarkSUSY/data/Events_10000/MneuL_10/MneuD_0.25/MphoD_0.25/lhe/run_01_decayed_1/unweighted_events.lhe
 :: File *.lhe exist or is running :: 
 :: Not exist file :: /LUSTRE/home/fmsanchez/GDarkSUSY/data/RUN_lhe_DarkSUSY_LHE_Event_10000_MNeuL_10_MNeuD_0.25_MPhoD_0.25_.txt
 :: Not exist file :: /LUSTRE/home/fmsanchez/GDarkSUSY/data/RUN_lhe_DarkSUSY_LHE_Event_10000_MNeuL_10_MNeuD_0.25_MPhoD_0.25_.root
 :: Exist file :: /LUSTRE/home/fmsanchez/GDarkSUSY/data/Events_10000/MneuL_10/MneuD_0.25/MphoD_0.25/lhe/run_01_decayed_1/unweighted_events.lhe
 :: File *.root exist or is runing :: 
 :: Exist file :: /LUSTRE/home/fmsanchez/GDarkSUSY/data/Events_10000/MneuL_10/MneuD_0.25/MphoD_0.25/DarkSUSY_CMS_Event_10000_MNeuL_10_MNeuD_0.25_MPhoD_0.25_TcPhoD_70_.root
 :: Exist file :: /LUSTRE/home/fmsanchez/GDarkSUSY/data/Events_10000/MneuL_10/MneuD_0.25/MphoD_0.25/Mu_min4/Mu4_DarkSUSY_CMS_Event_10000_MNeuL_10_MNeuD_0.25_MPhoD_0.25_TcPhoD_70_.root
 :: File *.root reduction exist :: 
 ************************* CORRIDA NUEVA ************************* 
 :: Condiciones de Trabajo :: 
 :: Events :: 10000 :: MneuL :: 10 :: MneuD :: 0.25 :: MphoD :: 0.25 :: TcPhoD :: 80
 :: Exist file :: /LUSTRE/home/fmsanchez/GDarkSUSY/data/Events_10000/MneuL_10/MneuD_0.25/MphoD_0.25/lhe/run_01_decayed_1/unweighted_events.lhe
 :: File *.lhe exist or is running :: 
 :: Not exist file :: /LUSTRE/home/fmsanchez/GDarkSUSY/data/RUN_lhe_DarkSUSY_LHE_Event_10000_MNeuL_10_MNeuD_0.25_MPhoD_0.25_.txt
 :: Not exist file :: /LUSTRE/home/fmsanchez/GDarkSUSY/data/RUN_lhe_DarkSUSY_LHE_Event_10000_MNeuL_10_MNeuD_0.25_MPhoD_0.25_.root
 :: Exist file :: /LUSTRE/home/fmsanchez/GDarkSUSY/data/Events_10000/MneuL_10/MneuD_0.25/MphoD_0.25/lhe/run_01_decayed_1/unweighted_events.lhe
 :: File *.root exist or is runing :: 
 :: Exist file :: /LUSTRE/home/fmsanchez/GDarkSUSY/data/Events_10000/MneuL_10/MneuD_0.25/MphoD_0.25/DarkSUSY_CMS_Event_10000_MNeuL_10_MNeuD_0.25_MPhoD_0.25_TcPhoD_80_.root
 :: Exist file :: /LUSTRE/home/fmsanchez/GDarkSUSY/data/Events_10000/MneuL_10/MneuD_0.25/MphoD_0.25/Mu_min4/Mu4_DarkSUSY_CMS_Event_10000_MNeuL_10_MNeuD_0.25_MPhoD_0.25_TcPhoD_80_.root
 :: File *.root reduction exist :: 
 ************************* CORRIDA NUEVA ************************* 
 :: Condiciones de Trabajo :: 
 :: Events :: 10000 :: MneuL :: 10 :: MneuD :: 0.25 :: MphoD :: 0.25 :: TcPhoD :: 90
 :: Exist file :: /LUSTRE/home/fmsanchez/GDarkSUSY/data/Events_10000/MneuL_10/MneuD_0.25/MphoD_0.25/lhe/run_01_decayed_1/unweighted_events.lhe
 :: File *.lhe exist or is running :: 
 :: Not exist file :: /LUSTRE/home/fmsanchez/GDarkSUSY/data/RUN_lhe_DarkSUSY_LHE_Event_10000_MNeuL_10_MNeuD_0.25_MPhoD_0.25_.txt
 :: Not exist file :: /LUSTRE/home/fmsanchez/GDarkSUSY/data/RUN_lhe_DarkSUSY_LHE_Event_10000_MNeuL_10_MNeuD_0.25_MPhoD_0.25_.root
 :: Exist file :: /LUSTRE/home/fmsanchez/GDarkSUSY/data/Events_10000/MneuL_10/MneuD_0.25/MphoD_0.25/lhe/run_01_decayed_1/unweighted_events.lhe
 :: File *.root exist or is runing :: 
 :: Exist file :: /LUSTRE/home/fmsanchez/GDarkSUSY/data/Events_10000/MneuL_10/MneuD_0.25/MphoD_0.25/DarkSUSY_CMS_Event_10000_MNeuL_10_MNeuD_0.25_MPhoD_0.25_TcPhoD_90_.root
 :: Exist file :: /LUSTRE/home/fmsanchez/GDarkSUSY/data/Events_10000/MneuL_10/MneuD_0.25/MphoD_0.25/Mu_min4/Mu4_DarkSUSY_CMS_Event_10000_MNeuL_10_MNeuD_0.25_MPhoD_0.25_TcPhoD_90_.root
 :: File *.root reduction exist :: 
 ************************* CORRIDA NUEVA ************************* 
 :: Condiciones de Trabajo :: 
 :: Events :: 10000 :: MneuL :: 10 :: MneuD :: 0.25 :: MphoD :: 0.25 :: TcPhoD :: 100
 :: Exist file :: /LUSTRE/home/fmsanchez/GDarkSUSY/data/Events_10000/MneuL_10/MneuD_0.25/MphoD_0.25/lhe/run_01_decayed_1/unweighted_events.lhe
 :: File *.lhe exist or is running :: 
 :: Not exist file :: /LUSTRE/home/fmsanchez/GDarkSUSY/data/RUN_lhe_DarkSUSY_LHE_Event_10000_MNeuL_10_MNeuD_0.25_MPhoD_0.25_.txt
 :: Not exist file :: /LUSTRE/home/fmsanchez/GDarkSUSY/data/RUN_lhe_DarkSUSY_LHE_Event_10000_MNeuL_10_MNeuD_0.25_MPhoD_0.25_.root
 :: Exist file :: /LUSTRE/home/fmsanchez/GDarkSUSY/data/Events_10000/MneuL_10/MneuD_0.25/MphoD_0.25/lhe/run_01_decayed_1/unweighted_events.lhe
 :: File *.root exist or is runing :: 
 :: Exist file :: /LUSTRE/home/fmsanchez/GDarkSUSY/data/Events_10000/MneuL_10/MneuD_0.25/MphoD_0.25/DarkSUSY_CMS_Event_10000_MNeuL_10_MNeuD_0.25_MPhoD_0.25_TcPhoD_100_.root
 :: Exist file :: /LUSTRE/home/fmsanchez/GDarkSUSY/data/Events_10000/MneuL_10/MneuD_0.25/MphoD_0.25/Mu_min4/Mu4_DarkSUSY_CMS_Event_10000_MNeuL_10_MNeuD_0.25_MPhoD_0.25_TcPhoD_100_.root
 :: File *.root reduction exist :: 
 ************************* CORRIDA NUEVA ************************* 
 :: Condiciones de Trabajo :: 
 :: Events :: 10000 :: MneuL :: 10 :: MneuD :: 0.25 :: MphoD :: 1 :: TcPhoD :: 0
 :: Exist file :: /LUSTRE/home/fmsanchez/GDarkSUSY/data/Events_10000/MneuL_10/MneuD_0.25/MphoD_1/lhe/run_01_decayed_1/unweighted_events.lhe
 :: File *.lhe exist or is running :: 
 :: Not exist file :: /LUSTRE/home/fmsanchez/GDarkSUSY/data/RUN_lhe_DarkSUSY_LHE_Event_10000_MNeuL_10_MNeuD_0.25_MPhoD_1_.txt
 :: Not exist file :: /LUSTRE/home/fmsanchez/GDarkSUSY/data/RUN_lhe_DarkSUSY_LHE_Event_10000_MNeuL_10_MNeuD_0.25_MPhoD_1_.root
 :: Exist file :: /LUSTRE/home/fmsanchez/GDarkSUSY/data/Events_10000/MneuL_10/MneuD_0.25/MphoD_1/lhe/run_01_decayed_1/unweighted_events.lhe
 :: File *.root exist or is runing :: 
 :: Exist file :: /LUSTRE/home/fmsanchez/GDarkSUSY/data/Events_10000/MneuL_10/MneuD_0.25/MphoD_1/DarkSUSY_CMS_Event_10000_MNeuL_10_MNeuD_0.25_MPhoD_1_TcPhoD_0_.root
 :: Exist file :: /LUSTRE/home/fmsanchez/GDarkSUSY/data/Events_10000/MneuL_10/MneuD_0.25/MphoD_1/Mu_min4/Mu4_DarkSUSY_CMS_Event_10000_MNeuL_10_MNeuD_0.25_MPhoD_1_TcPhoD_0_.root
 :: File *.root reduction exist :: 
 ************************* CORRIDA NUEVA ************************* 
 :: Condiciones de Trabajo :: 
 :: Events :: 10000 :: MneuL :: 10 :: MneuD :: 0.25 :: MphoD :: 1 :: TcPhoD :: 5
 :: Exist file :: /LUSTRE/home/fmsanchez/GDarkSUSY/data/Events_10000/MneuL_10/MneuD_0.25/MphoD_1/lhe/run_01_decayed_1/unweighted_events.lhe
 :: File *.lhe exist or is running :: 
 :: Not exist file :: /LUSTRE/home/fmsanchez/GDarkSUSY/data/RUN_lhe_DarkSUSY_LHE_Event_10000_MNeuL_10_MNeuD_0.25_MPhoD_1_.txt
 :: Not exist file :: /LUSTRE/home/fmsanchez/GDarkSUSY/data/RUN_lhe_DarkSUSY_LHE_Event_10000_MNeuL_10_MNeuD_0.25_MPhoD_1_.root
 :: Exist file :: /LUSTRE/home/fmsanchez/GDarkSUSY/data/Events_10000/MneuL_10/MneuD_0.25/MphoD_1/lhe/run_01_decayed_1/unweighted_events.lhe
 :: File *.root exist or is runing :: 
 :: Exist file :: /LUSTRE/home/fmsanchez/GDarkSUSY/data/Events_10000/MneuL_10/MneuD_0.25/MphoD_1/DarkSUSY_CMS_Event_10000_MNeuL_10_MNeuD_0.25_MPhoD_1_TcPhoD_5_.root
 :: Exist file :: /LUSTRE/home/fmsanchez/GDarkSUSY/data/Events_10000/MneuL_10/MneuD_0.25/MphoD_1/Mu_min4/Mu4_DarkSUSY_CMS_Event_10000_MNeuL_10_MNeuD_0.25_MPhoD_1_TcPhoD_5_.root
 :: File *.root reduction exist :: 
 ************************* CORRIDA NUEVA ************************* 
 :: Condiciones de Trabajo :: 
 :: Events :: 10000 :: MneuL :: 10 :: MneuD :: 0.25 :: MphoD :: 1 :: TcPhoD :: 10
 :: Exist file :: /LUSTRE/home/fmsanchez/GDarkSUSY/data/Events_10000/MneuL_10/MneuD_0.25/MphoD_1/lhe/run_01_decayed_1/unweighted_events.lhe
 :: File *.lhe exist or is running :: 
 :: Not exist file :: /LUSTRE/home/fmsanchez/GDarkSUSY/data/RUN_lhe_DarkSUSY_LHE_Event_10000_MNeuL_10_MNeuD_0.25_MPhoD_1_.txt
 :: Not exist file :: /LUSTRE/home/fmsanchez/GDarkSUSY/data/RUN_lhe_DarkSUSY_LHE_Event_10000_MNeuL_10_MNeuD_0.25_MPhoD_1_.root
 :: Exist file :: /LUSTRE/home/fmsanchez/GDarkSUSY/data/Events_10000/MneuL_10/MneuD_0.25/MphoD_1/lhe/run_01_decayed_1/unweighted_events.lhe
 :: File *.root exist or is runing :: 
 :: Exist file :: /LUSTRE/home/fmsanchez/GDarkSUSY/data/Events_10000/MneuL_10/MneuD_0.25/MphoD_1/DarkSUSY_CMS_Event_10000_MNeuL_10_MNeuD_0.25_MPhoD_1_TcPhoD_10_.root
 :: Exist file :: /LUSTRE/home/fmsanchez/GDarkSUSY/data/Events_10000/MneuL_10/MneuD_0.25/MphoD_1/Mu_min4/Mu4_DarkSUSY_CMS_Event_10000_MNeuL_10_MNeuD_0.25_MPhoD_1_TcPhoD_10_.root
 :: File *.root reduction exist :: 
 ************************* CORRIDA NUEVA ************************* 
 :: Condiciones de Trabajo :: 
 :: Events :: 10000 :: MneuL :: 10 :: MneuD :: 0.25 :: MphoD :: 1 :: TcPhoD :: 20
 :: Exist file :: /LUSTRE/home/fmsanchez/GDarkSUSY/data/Events_10000/MneuL_10/MneuD_0.25/MphoD_1/lhe/run_01_decayed_1/unweighted_events.lhe
 :: File *.lhe exist or is running :: 
 :: Not exist file :: /LUSTRE/home/fmsanchez/GDarkSUSY/data/RUN_lhe_DarkSUSY_LHE_Event_10000_MNeuL_10_MNeuD_0.25_MPhoD_1_.txt
 :: Not exist file :: /LUSTRE/home/fmsanchez/GDarkSUSY/data/RUN_lhe_DarkSUSY_LHE_Event_10000_MNeuL_10_MNeuD_0.25_MPhoD_1_.root
 :: Exist file :: /LUSTRE/home/fmsanchez/GDarkSUSY/data/Events_10000/MneuL_10/MneuD_0.25/MphoD_1/lhe/run_01_decayed_1/unweighted_events.lhe
 :: File *.root exist or is runing :: 
 :: Exist file :: /LUSTRE/home/fmsanchez/GDarkSUSY/data/Events_10000/MneuL_10/MneuD_0.25/MphoD_1/DarkSUSY_CMS_Event_10000_MNeuL_10_MNeuD_0.25_MPhoD_1_TcPhoD_20_.root
 :: Exist file :: /LUSTRE/home/fmsanchez/GDarkSUSY/data/Events_10000/MneuL_10/MneuD_0.25/MphoD_1/Mu_min4/Mu4_DarkSUSY_CMS_Event_10000_MNeuL_10_MNeuD_0.25_MPhoD_1_TcPhoD_20_.root
 :: File *.root reduction exist :: 
 ************************* CORRIDA NUEVA ************************* 
 :: Condiciones de Trabajo :: 
 :: Events :: 10000 :: MneuL :: 10 :: MneuD :: 0.25 :: MphoD :: 1 :: TcPhoD :: 30
 :: Exist file :: /LUSTRE/home/fmsanchez/GDarkSUSY/data/Events_10000/MneuL_10/MneuD_0.25/MphoD_1/lhe/run_01_decayed_1/unweighted_events.lhe
 :: File *.lhe exist or is running :: 
 :: Not exist file :: /LUSTRE/home/fmsanchez/GDarkSUSY/data/RUN_lhe_DarkSUSY_LHE_Event_10000_MNeuL_10_MNeuD_0.25_MPhoD_1_.txt
 :: Not exist file :: /LUSTRE/home/fmsanchez/GDarkSUSY/data/RUN_lhe_DarkSUSY_LHE_Event_10000_MNeuL_10_MNeuD_0.25_MPhoD_1_.root
 :: Exist file :: /LUSTRE/home/fmsanchez/GDarkSUSY/data/Events_10000/MneuL_10/MneuD_0.25/MphoD_1/lhe/run_01_decayed_1/unweighted_events.lhe
 :: File *.root exist or is runing :: 
 :: Exist file :: /LUSTRE/home/fmsanchez/GDarkSUSY/data/Events_10000/MneuL_10/MneuD_0.25/MphoD_1/DarkSUSY_CMS_Event_10000_MNeuL_10_MNeuD_0.25_MPhoD_1_TcPhoD_30_.root
 :: Exist file :: /LUSTRE/home/fmsanchez/GDarkSUSY/data/Events_10000/MneuL_10/MneuD_0.25/MphoD_1/Mu_min4/Mu4_DarkSUSY_CMS_Event_10000_MNeuL_10_MNeuD_0.25_MPhoD_1_TcPhoD_30_.root
 :: File *.root reduction exist :: 
 ************************* CORRIDA NUEVA ************************* 
 :: Condiciones de Trabajo :: 
 :: Events :: 10000 :: MneuL :: 10 :: MneuD :: 0.25 :: MphoD :: 1 :: TcPhoD :: 40
 :: Exist file :: /LUSTRE/home/fmsanchez/GDarkSUSY/data/Events_10000/MneuL_10/MneuD_0.25/MphoD_1/lhe/run_01_decayed_1/unweighted_events.lhe
 :: File *.lhe exist or is running :: 
 :: Not exist file :: /LUSTRE/home/fmsanchez/GDarkSUSY/data/RUN_lhe_DarkSUSY_LHE_Event_10000_MNeuL_10_MNeuD_0.25_MPhoD_1_.txt
 :: Not exist file :: /LUSTRE/home/fmsanchez/GDarkSUSY/data/RUN_lhe_DarkSUSY_LHE_Event_10000_MNeuL_10_MNeuD_0.25_MPhoD_1_.root
 :: Exist file :: /LUSTRE/home/fmsanchez/GDarkSUSY/data/Events_10000/MneuL_10/MneuD_0.25/MphoD_1/lhe/run_01_decayed_1/unweighted_events.lhe
 :: File *.root exist or is runing :: 
 :: Exist file :: /LUSTRE/home/fmsanchez/GDarkSUSY/data/Events_10000/MneuL_10/MneuD_0.25/MphoD_1/DarkSUSY_CMS_Event_10000_MNeuL_10_MNeuD_0.25_MPhoD_1_TcPhoD_40_.root
 :: Exist file :: /LUSTRE/home/fmsanchez/GDarkSUSY/data/Events_10000/MneuL_10/MneuD_0.25/MphoD_1/Mu_min4/Mu4_DarkSUSY_CMS_Event_10000_MNeuL_10_MNeuD_0.25_MPhoD_1_TcPhoD_40_.root
 :: File *.root reduction exist :: 
 ************************* CORRIDA NUEVA ************************* 
 :: Condiciones de Trabajo :: 
 :: Events :: 10000 :: MneuL :: 10 :: MneuD :: 0.25 :: MphoD :: 1 :: TcPhoD :: 50
 :: Exist file :: /LUSTRE/home/fmsanchez/GDarkSUSY/data/Events_10000/MneuL_10/MneuD_0.25/MphoD_1/lhe/run_01_decayed_1/unweighted_events.lhe
 :: File *.lhe exist or is running :: 
 :: Not exist file :: /LUSTRE/home/fmsanchez/GDarkSUSY/data/RUN_lhe_DarkSUSY_LHE_Event_10000_MNeuL_10_MNeuD_0.25_MPhoD_1_.txt
 :: Not exist file :: /LUSTRE/home/fmsanchez/GDarkSUSY/data/RUN_lhe_DarkSUSY_LHE_Event_10000_MNeuL_10_MNeuD_0.25_MPhoD_1_.root
 :: Exist file :: /LUSTRE/home/fmsanchez/GDarkSUSY/data/Events_10000/MneuL_10/MneuD_0.25/MphoD_1/lhe/run_01_decayed_1/unweighted_events.lhe
 :: File *.root exist or is runing :: 
 :: Exist file :: /LUSTRE/home/fmsanchez/GDarkSUSY/data/Events_10000/MneuL_10/MneuD_0.25/MphoD_1/DarkSUSY_CMS_Event_10000_MNeuL_10_MNeuD_0.25_MPhoD_1_TcPhoD_50_.root
 :: Exist file :: /LUSTRE/home/fmsanchez/GDarkSUSY/data/Events_10000/MneuL_10/MneuD_0.25/MphoD_1/Mu_min4/Mu4_DarkSUSY_CMS_Event_10000_MNeuL_10_MNeuD_0.25_MPhoD_1_TcPhoD_50_.root
 :: File *.root reduction exist :: 
 ************************* CORRIDA NUEVA ************************* 
 :: Condiciones de Trabajo :: 
 :: Events :: 10000 :: MneuL :: 10 :: MneuD :: 0.25 :: MphoD :: 1 :: TcPhoD :: 60
 :: Exist file :: /LUSTRE/home/fmsanchez/GDarkSUSY/data/Events_10000/MneuL_10/MneuD_0.25/MphoD_1/lhe/run_01_decayed_1/unweighted_events.lhe
 :: File *.lhe exist or is running :: 
 :: Not exist file :: /LUSTRE/home/fmsanchez/GDarkSUSY/data/RUN_lhe_DarkSUSY_LHE_Event_10000_MNeuL_10_MNeuD_0.25_MPhoD_1_.txt
 :: Not exist file :: /LUSTRE/home/fmsanchez/GDarkSUSY/data/RUN_lhe_DarkSUSY_LHE_Event_10000_MNeuL_10_MNeuD_0.25_MPhoD_1_.root
 :: Exist file :: /LUSTRE/home/fmsanchez/GDarkSUSY/data/Events_10000/MneuL_10/MneuD_0.25/MphoD_1/lhe/run_01_decayed_1/unweighted_events.lhe
 :: File *.root exist or is runing :: 
 :: Exist file :: /LUSTRE/home/fmsanchez/GDarkSUSY/data/Events_10000/MneuL_10/MneuD_0.25/MphoD_1/DarkSUSY_CMS_Event_10000_MNeuL_10_MNeuD_0.25_MPhoD_1_TcPhoD_60_.root
 :: Exist file :: /LUSTRE/home/fmsanchez/GDarkSUSY/data/Events_10000/MneuL_10/MneuD_0.25/MphoD_1/Mu_min4/Mu4_DarkSUSY_CMS_Event_10000_MNeuL_10_MNeuD_0.25_MPhoD_1_TcPhoD_60_.root
 :: File *.root reduction exist :: 
 ************************* CORRIDA NUEVA ************************* 
 :: Condiciones de Trabajo :: 
 :: Events :: 10000 :: MneuL :: 10 :: MneuD :: 0.25 :: MphoD :: 1 :: TcPhoD :: 70
 :: Exist file :: /LUSTRE/home/fmsanchez/GDarkSUSY/data/Events_10000/MneuL_10/MneuD_0.25/MphoD_1/lhe/run_01_decayed_1/unweighted_events.lhe
 :: File *.lhe exist or is running :: 
 :: Not exist file :: /LUSTRE/home/fmsanchez/GDarkSUSY/data/RUN_lhe_DarkSUSY_LHE_Event_10000_MNeuL_10_MNeuD_0.25_MPhoD_1_.txt
 :: Not exist file :: /LUSTRE/home/fmsanchez/GDarkSUSY/data/RUN_lhe_DarkSUSY_LHE_Event_10000_MNeuL_10_MNeuD_0.25_MPhoD_1_.root
 :: Exist file :: /LUSTRE/home/fmsanchez/GDarkSUSY/data/Events_10000/MneuL_10/MneuD_0.25/MphoD_1/lhe/run_01_decayed_1/unweighted_events.lhe
 :: File *.root exist or is runing :: 
 :: Exist file :: /LUSTRE/home/fmsanchez/GDarkSUSY/data/Events_10000/MneuL_10/MneuD_0.25/MphoD_1/DarkSUSY_CMS_Event_10000_MNeuL_10_MNeuD_0.25_MPhoD_1_TcPhoD_70_.root
 :: Exist file :: /LUSTRE/home/fmsanchez/GDarkSUSY/data/Events_10000/MneuL_10/MneuD_0.25/MphoD_1/Mu_min4/Mu4_DarkSUSY_CMS_Event_10000_MNeuL_10_MNeuD_0.25_MPhoD_1_TcPhoD_70_.root
 :: File *.root reduction exist :: 
 ************************* CORRIDA NUEVA ************************* 
 :: Condiciones de Trabajo :: 
 :: Events :: 10000 :: MneuL :: 10 :: MneuD :: 0.25 :: MphoD :: 1 :: TcPhoD :: 80
 :: Exist file :: /LUSTRE/home/fmsanchez/GDarkSUSY/data/Events_10000/MneuL_10/MneuD_0.25/MphoD_1/lhe/run_01_decayed_1/unweighted_events.lhe
 :: File *.lhe exist or is running :: 
 :: Not exist file :: /LUSTRE/home/fmsanchez/GDarkSUSY/data/RUN_lhe_DarkSUSY_LHE_Event_10000_MNeuL_10_MNeuD_0.25_MPhoD_1_.txt
 :: Not exist file :: /LUSTRE/home/fmsanchez/GDarkSUSY/data/RUN_lhe_DarkSUSY_LHE_Event_10000_MNeuL_10_MNeuD_0.25_MPhoD_1_.root
 :: Exist file :: /LUSTRE/home/fmsanchez/GDarkSUSY/data/Events_10000/MneuL_10/MneuD_0.25/MphoD_1/lhe/run_01_decayed_1/unweighted_events.lhe
 :: File *.root exist or is runing :: 
 :: Exist file :: /LUSTRE/home/fmsanchez/GDarkSUSY/data/Events_10000/MneuL_10/MneuD_0.25/MphoD_1/DarkSUSY_CMS_Event_10000_MNeuL_10_MNeuD_0.25_MPhoD_1_TcPhoD_80_.root
 :: Exist file :: /LUSTRE/home/fmsanchez/GDarkSUSY/data/Events_10000/MneuL_10/MneuD_0.25/MphoD_1/Mu_min4/Mu4_DarkSUSY_CMS_Event_10000_MNeuL_10_MNeuD_0.25_MPhoD_1_TcPhoD_80_.root
 :: File *.root reduction exist :: 
 ************************* CORRIDA NUEVA ************************* 
 :: Condiciones de Trabajo :: 
 :: Events :: 10000 :: MneuL :: 10 :: MneuD :: 0.25 :: MphoD :: 1 :: TcPhoD :: 90
 :: Exist file :: /LUSTRE/home/fmsanchez/GDarkSUSY/data/Events_10000/MneuL_10/MneuD_0.25/MphoD_1/lhe/run_01_decayed_1/unweighted_events.lhe
 :: File *.lhe exist or is running :: 
 :: Not exist file :: /LUSTRE/home/fmsanchez/GDarkSUSY/data/RUN_lhe_DarkSUSY_LHE_Event_10000_MNeuL_10_MNeuD_0.25_MPhoD_1_.txt
 :: Not exist file :: /LUSTRE/home/fmsanchez/GDarkSUSY/data/RUN_lhe_DarkSUSY_LHE_Event_10000_MNeuL_10_MNeuD_0.25_MPhoD_1_.root
 :: Exist file :: /LUSTRE/home/fmsanchez/GDarkSUSY/data/Events_10000/MneuL_10/MneuD_0.25/MphoD_1/lhe/run_01_decayed_1/unweighted_events.lhe
 :: File *.root exist or is runing :: 
 :: Exist file :: /LUSTRE/home/fmsanchez/GDarkSUSY/data/Events_10000/MneuL_10/MneuD_0.25/MphoD_1/DarkSUSY_CMS_Event_10000_MNeuL_10_MNeuD_0.25_MPhoD_1_TcPhoD_90_.root
 :: Exist file :: /LUSTRE/home/fmsanchez/GDarkSUSY/data/Events_10000/MneuL_10/MneuD_0.25/MphoD_1/Mu_min4/Mu4_DarkSUSY_CMS_Event_10000_MNeuL_10_MNeuD_0.25_MPhoD_1_TcPhoD_90_.root
 :: File *.root reduction exist :: 
 ************************* CORRIDA NUEVA ************************* 
 :: Condiciones de Trabajo :: 
 :: Events :: 10000 :: MneuL :: 10 :: MneuD :: 0.25 :: MphoD :: 1 :: TcPhoD :: 100
 :: Exist file :: /LUSTRE/home/fmsanchez/GDarkSUSY/data/Events_10000/MneuL_10/MneuD_0.25/MphoD_1/lhe/run_01_decayed_1/unweighted_events.lhe
 :: File *.lhe exist or is running :: 
 :: Not exist file :: /LUSTRE/home/fmsanchez/GDarkSUSY/data/RUN_lhe_DarkSUSY_LHE_Event_10000_MNeuL_10_MNeuD_0.25_MPhoD_1_.txt
 :: Not exist file :: /LUSTRE/home/fmsanchez/GDarkSUSY/data/RUN_lhe_DarkSUSY_LHE_Event_10000_MNeuL_10_MNeuD_0.25_MPhoD_1_.root
 :: Exist file :: /LUSTRE/home/fmsanchez/GDarkSUSY/data/Events_10000/MneuL_10/MneuD_0.25/MphoD_1/lhe/run_01_decayed_1/unweighted_events.lhe
 :: File *.root exist or is runing :: 
 :: Exist file :: /LUSTRE/home/fmsanchez/GDarkSUSY/data/Events_10000/MneuL_10/MneuD_0.25/MphoD_1/DarkSUSY_CMS_Event_10000_MNeuL_10_MNeuD_0.25_MPhoD_1_TcPhoD_100_.root
 :: Exist file :: /LUSTRE/home/fmsanchez/GDarkSUSY/data/Events_10000/MneuL_10/MneuD_0.25/MphoD_1/Mu_min4/Mu4_DarkSUSY_CMS_Event_10000_MNeuL_10_MNeuD_0.25_MPhoD_1_TcPhoD_100_.root
 :: File *.root reduction exist :: 
 ************************* CORRIDA NUEVA ************************* 
 :: Condiciones de Trabajo :: 
 :: Events :: 10000 :: MneuL :: 10 :: MneuD :: 0.25 :: MphoD :: 2 :: TcPhoD :: 0
 :: Exist file :: /LUSTRE/home/fmsanchez/GDarkSUSY/data/Events_10000/MneuL_10/MneuD_0.25/MphoD_2/lhe/run_01_decayed_1/unweighted_events.lhe
 :: File *.lhe exist or is running :: 
 :: Not exist file :: /LUSTRE/home/fmsanchez/GDarkSUSY/data/RUN_lhe_DarkSUSY_LHE_Event_10000_MNeuL_10_MNeuD_0.25_MPhoD_2_.txt
 :: Not exist file :: /LUSTRE/home/fmsanchez/GDarkSUSY/data/RUN_lhe_DarkSUSY_LHE_Event_10000_MNeuL_10_MNeuD_0.25_MPhoD_2_.root
 :: Exist file :: /LUSTRE/home/fmsanchez/GDarkSUSY/data/Events_10000/MneuL_10/MneuD_0.25/MphoD_2/lhe/run_01_decayed_1/unweighted_events.lhe
 :: File *.root exist or is runing :: 
 :: Exist file :: /LUSTRE/home/fmsanchez/GDarkSUSY/data/Events_10000/MneuL_10/MneuD_0.25/MphoD_2/DarkSUSY_CMS_Event_10000_MNeuL_10_MNeuD_0.25_MPhoD_2_TcPhoD_0_.root
 :: Exist file :: /LUSTRE/home/fmsanchez/GDarkSUSY/data/Events_10000/MneuL_10/MneuD_0.25/MphoD_2/Mu_min4/Mu4_DarkSUSY_CMS_Event_10000_MNeuL_10_MNeuD_0.25_MPhoD_2_TcPhoD_0_.root
 :: File *.root reduction exist :: 
 ************************* CORRIDA NUEVA ************************* 
 :: Condiciones de Trabajo :: 
 :: Events :: 10000 :: MneuL :: 10 :: MneuD :: 0.25 :: MphoD :: 2 :: TcPhoD :: 5
 :: Exist file :: /LUSTRE/home/fmsanchez/GDarkSUSY/data/Events_10000/MneuL_10/MneuD_0.25/MphoD_2/lhe/run_01_decayed_1/unweighted_events.lhe
 :: File *.lhe exist or is running :: 
 :: Not exist file :: /LUSTRE/home/fmsanchez/GDarkSUSY/data/RUN_lhe_DarkSUSY_LHE_Event_10000_MNeuL_10_MNeuD_0.25_MPhoD_2_.txt
 :: Not exist file :: /LUSTRE/home/fmsanchez/GDarkSUSY/data/RUN_lhe_DarkSUSY_LHE_Event_10000_MNeuL_10_MNeuD_0.25_MPhoD_2_.root
 :: Exist file :: /LUSTRE/home/fmsanchez/GDarkSUSY/data/Events_10000/MneuL_10/MneuD_0.25/MphoD_2/lhe/run_01_decayed_1/unweighted_events.lhe
 :: File *.root exist or is runing :: 
 :: Exist file :: /LUSTRE/home/fmsanchez/GDarkSUSY/data/Events_10000/MneuL_10/MneuD_0.25/MphoD_2/DarkSUSY_CMS_Event_10000_MNeuL_10_MNeuD_0.25_MPhoD_2_TcPhoD_5_.root
 :: Exist file :: /LUSTRE/home/fmsanchez/GDarkSUSY/data/Events_10000/MneuL_10/MneuD_0.25/MphoD_2/Mu_min4/Mu4_DarkSUSY_CMS_Event_10000_MNeuL_10_MNeuD_0.25_MPhoD_2_TcPhoD_5_.root
 :: File *.root reduction exist :: 
 ************************* CORRIDA NUEVA ************************* 
 :: Condiciones de Trabajo :: 
 :: Events :: 10000 :: MneuL :: 10 :: MneuD :: 0.25 :: MphoD :: 2 :: TcPhoD :: 10
 :: Exist file :: /LUSTRE/home/fmsanchez/GDarkSUSY/data/Events_10000/MneuL_10/MneuD_0.25/MphoD_2/lhe/run_01_decayed_1/unweighted_events.lhe
 :: File *.lhe exist or is running :: 
 :: Not exist file :: /LUSTRE/home/fmsanchez/GDarkSUSY/data/RUN_lhe_DarkSUSY_LHE_Event_10000_MNeuL_10_MNeuD_0.25_MPhoD_2_.txt
 :: Not exist file :: /LUSTRE/home/fmsanchez/GDarkSUSY/data/RUN_lhe_DarkSUSY_LHE_Event_10000_MNeuL_10_MNeuD_0.25_MPhoD_2_.root
 :: Exist file :: /LUSTRE/home/fmsanchez/GDarkSUSY/data/Events_10000/MneuL_10/MneuD_0.25/MphoD_2/lhe/run_01_decayed_1/unweighted_events.lhe
 :: File *.root exist or is runing :: 
 :: Exist file :: /LUSTRE/home/fmsanchez/GDarkSUSY/data/Events_10000/MneuL_10/MneuD_0.25/MphoD_2/DarkSUSY_CMS_Event_10000_MNeuL_10_MNeuD_0.25_MPhoD_2_TcPhoD_10_.root
 :: Exist file :: /LUSTRE/home/fmsanchez/GDarkSUSY/data/Events_10000/MneuL_10/MneuD_0.25/MphoD_2/Mu_min4/Mu4_DarkSUSY_CMS_Event_10000_MNeuL_10_MNeuD_0.25_MPhoD_2_TcPhoD_10_.root
 :: File *.root reduction exist :: 
 ************************* CORRIDA NUEVA ************************* 
 :: Condiciones de Trabajo :: 
 :: Events :: 10000 :: MneuL :: 10 :: MneuD :: 0.25 :: MphoD :: 2 :: TcPhoD :: 20
 :: Exist file :: /LUSTRE/home/fmsanchez/GDarkSUSY/data/Events_10000/MneuL_10/MneuD_0.25/MphoD_2/lhe/run_01_decayed_1/unweighted_events.lhe
 :: File *.lhe exist or is running :: 
 :: Not exist file :: /LUSTRE/home/fmsanchez/GDarkSUSY/data/RUN_lhe_DarkSUSY_LHE_Event_10000_MNeuL_10_MNeuD_0.25_MPhoD_2_.txt
 :: Not exist file :: /LUSTRE/home/fmsanchez/GDarkSUSY/data/RUN_lhe_DarkSUSY_LHE_Event_10000_MNeuL_10_MNeuD_0.25_MPhoD_2_.root
 :: Exist file :: /LUSTRE/home/fmsanchez/GDarkSUSY/data/Events_10000/MneuL_10/MneuD_0.25/MphoD_2/lhe/run_01_decayed_1/unweighted_events.lhe
 :: File *.root exist or is runing :: 
 :: Exist file :: /LUSTRE/home/fmsanchez/GDarkSUSY/data/Events_10000/MneuL_10/MneuD_0.25/MphoD_2/DarkSUSY_CMS_Event_10000_MNeuL_10_MNeuD_0.25_MPhoD_2_TcPhoD_20_.root
 :: Exist file :: /LUSTRE/home/fmsanchez/GDarkSUSY/data/Events_10000/MneuL_10/MneuD_0.25/MphoD_2/Mu_min4/Mu4_DarkSUSY_CMS_Event_10000_MNeuL_10_MNeuD_0.25_MPhoD_2_TcPhoD_20_.root
 :: File *.root reduction exist :: 
 ************************* CORRIDA NUEVA ************************* 
 :: Condiciones de Trabajo :: 
 :: Events :: 10000 :: MneuL :: 10 :: MneuD :: 0.25 :: MphoD :: 2 :: TcPhoD :: 30
 :: Exist file :: /LUSTRE/home/fmsanchez/GDarkSUSY/data/Events_10000/MneuL_10/MneuD_0.25/MphoD_2/lhe/run_01_decayed_1/unweighted_events.lhe
 :: File *.lhe exist or is running :: 
 :: Not exist file :: /LUSTRE/home/fmsanchez/GDarkSUSY/data/RUN_lhe_DarkSUSY_LHE_Event_10000_MNeuL_10_MNeuD_0.25_MPhoD_2_.txt
 :: Not exist file :: /LUSTRE/home/fmsanchez/GDarkSUSY/data/RUN_lhe_DarkSUSY_LHE_Event_10000_MNeuL_10_MNeuD_0.25_MPhoD_2_.root
 :: Exist file :: /LUSTRE/home/fmsanchez/GDarkSUSY/data/Events_10000/MneuL_10/MneuD_0.25/MphoD_2/lhe/run_01_decayed_1/unweighted_events.lhe
 :: File *.root exist or is runing :: 
 :: Exist file :: /LUSTRE/home/fmsanchez/GDarkSUSY/data/Events_10000/MneuL_10/MneuD_0.25/MphoD_2/DarkSUSY_CMS_Event_10000_MNeuL_10_MNeuD_0.25_MPhoD_2_TcPhoD_30_.root
 :: Exist file :: /LUSTRE/home/fmsanchez/GDarkSUSY/data/Events_10000/MneuL_10/MneuD_0.25/MphoD_2/Mu_min4/Mu4_DarkSUSY_CMS_Event_10000_MNeuL_10_MNeuD_0.25_MPhoD_2_TcPhoD_30_.root
 :: File *.root reduction exist :: 
 ************************* CORRIDA NUEVA ************************* 
 :: Condiciones de Trabajo :: 
 :: Events :: 10000 :: MneuL :: 10 :: MneuD :: 0.25 :: MphoD :: 2 :: TcPhoD :: 40
 :: Exist file :: /LUSTRE/home/fmsanchez/GDarkSUSY/data/Events_10000/MneuL_10/MneuD_0.25/MphoD_2/lhe/run_01_decayed_1/unweighted_events.lhe
 :: File *.lhe exist or is running :: 
 :: Not exist file :: /LUSTRE/home/fmsanchez/GDarkSUSY/data/RUN_lhe_DarkSUSY_LHE_Event_10000_MNeuL_10_MNeuD_0.25_MPhoD_2_.txt
 :: Not exist file :: /LUSTRE/home/fmsanchez/GDarkSUSY/data/RUN_lhe_DarkSUSY_LHE_Event_10000_MNeuL_10_MNeuD_0.25_MPhoD_2_.root
 :: Exist file :: /LUSTRE/home/fmsanchez/GDarkSUSY/data/Events_10000/MneuL_10/MneuD_0.25/MphoD_2/lhe/run_01_decayed_1/unweighted_events.lhe
 :: File *.root exist or is runing :: 
 :: Exist file :: /LUSTRE/home/fmsanchez/GDarkSUSY/data/Events_10000/MneuL_10/MneuD_0.25/MphoD_2/DarkSUSY_CMS_Event_10000_MNeuL_10_MNeuD_0.25_MPhoD_2_TcPhoD_40_.root
 :: Exist file :: /LUSTRE/home/fmsanchez/GDarkSUSY/data/Events_10000/MneuL_10/MneuD_0.25/MphoD_2/Mu_min4/Mu4_DarkSUSY_CMS_Event_10000_MNeuL_10_MNeuD_0.25_MPhoD_2_TcPhoD_40_.root
 :: File *.root reduction exist :: 
 ************************* CORRIDA NUEVA ************************* 
 :: Condiciones de Trabajo :: 
 :: Events :: 10000 :: MneuL :: 10 :: MneuD :: 0.25 :: MphoD :: 2 :: TcPhoD :: 50
 :: Exist file :: /LUSTRE/home/fmsanchez/GDarkSUSY/data/Events_10000/MneuL_10/MneuD_0.25/MphoD_2/lhe/run_01_decayed_1/unweighted_events.lhe
 :: File *.lhe exist or is running :: 
 :: Not exist file :: /LUSTRE/home/fmsanchez/GDarkSUSY/data/RUN_lhe_DarkSUSY_LHE_Event_10000_MNeuL_10_MNeuD_0.25_MPhoD_2_.txt
 :: Not exist file :: /LUSTRE/home/fmsanchez/GDarkSUSY/data/RUN_lhe_DarkSUSY_LHE_Event_10000_MNeuL_10_MNeuD_0.25_MPhoD_2_.root
 :: Exist file :: /LUSTRE/home/fmsanchez/GDarkSUSY/data/Events_10000/MneuL_10/MneuD_0.25/MphoD_2/lhe/run_01_decayed_1/unweighted_events.lhe
 :: File *.root exist or is runing :: 
 :: Exist file :: /LUSTRE/home/fmsanchez/GDarkSUSY/data/Events_10000/MneuL_10/MneuD_0.25/MphoD_2/DarkSUSY_CMS_Event_10000_MNeuL_10_MNeuD_0.25_MPhoD_2_TcPhoD_50_.root
 :: Exist file :: /LUSTRE/home/fmsanchez/GDarkSUSY/data/Events_10000/MneuL_10/MneuD_0.25/MphoD_2/Mu_min4/Mu4_DarkSUSY_CMS_Event_10000_MNeuL_10_MNeuD_0.25_MPhoD_2_TcPhoD_50_.root
 :: File *.root reduction exist :: 
 ************************* CORRIDA NUEVA ************************* 
 :: Condiciones de Trabajo :: 
 :: Events :: 10000 :: MneuL :: 10 :: MneuD :: 0.25 :: MphoD :: 2 :: TcPhoD :: 60
 :: Exist file :: /LUSTRE/home/fmsanchez/GDarkSUSY/data/Events_10000/MneuL_10/MneuD_0.25/MphoD_2/lhe/run_01_decayed_1/unweighted_events.lhe
 :: File *.lhe exist or is running :: 
 :: Not exist file :: /LUSTRE/home/fmsanchez/GDarkSUSY/data/RUN_lhe_DarkSUSY_LHE_Event_10000_MNeuL_10_MNeuD_0.25_MPhoD_2_.txt
 :: Not exist file :: /LUSTRE/home/fmsanchez/GDarkSUSY/data/RUN_lhe_DarkSUSY_LHE_Event_10000_MNeuL_10_MNeuD_0.25_MPhoD_2_.root
 :: Exist file :: /LUSTRE/home/fmsanchez/GDarkSUSY/data/Events_10000/MneuL_10/MneuD_0.25/MphoD_2/lhe/run_01_decayed_1/unweighted_events.lhe
 :: File *.root exist or is runing :: 
 :: Exist file :: /LUSTRE/home/fmsanchez/GDarkSUSY/data/Events_10000/MneuL_10/MneuD_0.25/MphoD_2/DarkSUSY_CMS_Event_10000_MNeuL_10_MNeuD_0.25_MPhoD_2_TcPhoD_60_.root
 :: Exist file :: /LUSTRE/home/fmsanchez/GDarkSUSY/data/Events_10000/MneuL_10/MneuD_0.25/MphoD_2/Mu_min4/Mu4_DarkSUSY_CMS_Event_10000_MNeuL_10_MNeuD_0.25_MPhoD_2_TcPhoD_60_.root
 :: File *.root reduction exist :: 
 ************************* CORRIDA NUEVA ************************* 
 :: Condiciones de Trabajo :: 
 :: Events :: 10000 :: MneuL :: 10 :: MneuD :: 0.25 :: MphoD :: 2 :: TcPhoD :: 70
 :: Exist file :: /LUSTRE/home/fmsanchez/GDarkSUSY/data/Events_10000/MneuL_10/MneuD_0.25/MphoD_2/lhe/run_01_decayed_1/unweighted_events.lhe
 :: File *.lhe exist or is running :: 
 :: Not exist file :: /LUSTRE/home/fmsanchez/GDarkSUSY/data/RUN_lhe_DarkSUSY_LHE_Event_10000_MNeuL_10_MNeuD_0.25_MPhoD_2_.txt
 :: Not exist file :: /LUSTRE/home/fmsanchez/GDarkSUSY/data/RUN_lhe_DarkSUSY_LHE_Event_10000_MNeuL_10_MNeuD_0.25_MPhoD_2_.root
 :: Exist file :: /LUSTRE/home/fmsanchez/GDarkSUSY/data/Events_10000/MneuL_10/MneuD_0.25/MphoD_2/lhe/run_01_decayed_1/unweighted_events.lhe
 :: File *.root exist or is runing :: 
 :: Exist file :: /LUSTRE/home/fmsanchez/GDarkSUSY/data/Events_10000/MneuL_10/MneuD_0.25/MphoD_2/DarkSUSY_CMS_Event_10000_MNeuL_10_MNeuD_0.25_MPhoD_2_TcPhoD_70_.root
 :: Exist file :: /LUSTRE/home/fmsanchez/GDarkSUSY/data/Events_10000/MneuL_10/MneuD_0.25/MphoD_2/Mu_min4/Mu4_DarkSUSY_CMS_Event_10000_MNeuL_10_MNeuD_0.25_MPhoD_2_TcPhoD_70_.root
 :: File *.root reduction exist :: 
 ************************* CORRIDA NUEVA ************************* 
 :: Condiciones de Trabajo :: 
 :: Events :: 10000 :: MneuL :: 10 :: MneuD :: 0.25 :: MphoD :: 2 :: TcPhoD :: 80
 :: Exist file :: /LUSTRE/home/fmsanchez/GDarkSUSY/data/Events_10000/MneuL_10/MneuD_0.25/MphoD_2/lhe/run_01_decayed_1/unweighted_events.lhe
 :: File *.lhe exist or is running :: 
 :: Not exist file :: /LUSTRE/home/fmsanchez/GDarkSUSY/data/RUN_lhe_DarkSUSY_LHE_Event_10000_MNeuL_10_MNeuD_0.25_MPhoD_2_.txt
 :: Not exist file :: /LUSTRE/home/fmsanchez/GDarkSUSY/data/RUN_lhe_DarkSUSY_LHE_Event_10000_MNeuL_10_MNeuD_0.25_MPhoD_2_.root
 :: Exist file :: /LUSTRE/home/fmsanchez/GDarkSUSY/data/Events_10000/MneuL_10/MneuD_0.25/MphoD_2/lhe/run_01_decayed_1/unweighted_events.lhe
 :: File *.root exist or is runing :: 
 :: Exist file :: /LUSTRE/home/fmsanchez/GDarkSUSY/data/Events_10000/MneuL_10/MneuD_0.25/MphoD_2/DarkSUSY_CMS_Event_10000_MNeuL_10_MNeuD_0.25_MPhoD_2_TcPhoD_80_.root
 :: Exist file :: /LUSTRE/home/fmsanchez/GDarkSUSY/data/Events_10000/MneuL_10/MneuD_0.25/MphoD_2/Mu_min4/Mu4_DarkSUSY_CMS_Event_10000_MNeuL_10_MNeuD_0.25_MPhoD_2_TcPhoD_80_.root
 :: File *.root reduction exist :: 
 ************************* CORRIDA NUEVA ************************* 
 :: Condiciones de Trabajo :: 
 :: Events :: 10000 :: MneuL :: 10 :: MneuD :: 0.25 :: MphoD :: 2 :: TcPhoD :: 90
 :: Exist file :: /LUSTRE/home/fmsanchez/GDarkSUSY/data/Events_10000/MneuL_10/MneuD_0.25/MphoD_2/lhe/run_01_decayed_1/unweighted_events.lhe
 :: File *.lhe exist or is running :: 
 :: Not exist file :: /LUSTRE/home/fmsanchez/GDarkSUSY/data/RUN_lhe_DarkSUSY_LHE_Event_10000_MNeuL_10_MNeuD_0.25_MPhoD_2_.txt
 :: Not exist file :: /LUSTRE/home/fmsanchez/GDarkSUSY/data/RUN_lhe_DarkSUSY_LHE_Event_10000_MNeuL_10_MNeuD_0.25_MPhoD_2_.root
 :: Exist file :: /LUSTRE/home/fmsanchez/GDarkSUSY/data/Events_10000/MneuL_10/MneuD_0.25/MphoD_2/lhe/run_01_decayed_1/unweighted_events.lhe
 :: File *.root exist or is runing :: 
 :: Exist file :: /LUSTRE/home/fmsanchez/GDarkSUSY/data/Events_10000/MneuL_10/MneuD_0.25/MphoD_2/DarkSUSY_CMS_Event_10000_MNeuL_10_MNeuD_0.25_MPhoD_2_TcPhoD_90_.root
 :: Exist file :: /LUSTRE/home/fmsanchez/GDarkSUSY/data/Events_10000/MneuL_10/MneuD_0.25/MphoD_2/Mu_min4/Mu4_DarkSUSY_CMS_Event_10000_MNeuL_10_MNeuD_0.25_MPhoD_2_TcPhoD_90_.root
 :: File *.root reduction exist :: 
 ************************* CORRIDA NUEVA ************************* 
 :: Condiciones de Trabajo :: 
 :: Events :: 10000 :: MneuL :: 10 :: MneuD :: 0.25 :: MphoD :: 2 :: TcPhoD :: 100
 :: Exist file :: /LUSTRE/home/fmsanchez/GDarkSUSY/data/Events_10000/MneuL_10/MneuD_0.25/MphoD_2/lhe/run_01_decayed_1/unweighted_events.lhe
 :: File *.lhe exist or is running :: 
 :: Not exist file :: /LUSTRE/home/fmsanchez/GDarkSUSY/data/RUN_lhe_DarkSUSY_LHE_Event_10000_MNeuL_10_MNeuD_0.25_MPhoD_2_.txt
 :: Not exist file :: /LUSTRE/home/fmsanchez/GDarkSUSY/data/RUN_lhe_DarkSUSY_LHE_Event_10000_MNeuL_10_MNeuD_0.25_MPhoD_2_.root
 :: Exist file :: /LUSTRE/home/fmsanchez/GDarkSUSY/data/Events_10000/MneuL_10/MneuD_0.25/MphoD_2/lhe/run_01_decayed_1/unweighted_events.lhe
 :: File *.root exist or is runing :: 
 :: Exist file :: /LUSTRE/home/fmsanchez/GDarkSUSY/data/Events_10000/MneuL_10/MneuD_0.25/MphoD_2/DarkSUSY_CMS_Event_10000_MNeuL_10_MNeuD_0.25_MPhoD_2_TcPhoD_100_.root
 :: Exist file :: /LUSTRE/home/fmsanchez/GDarkSUSY/data/Events_10000/MneuL_10/MneuD_0.25/MphoD_2/Mu_min4/Mu4_DarkSUSY_CMS_Event_10000_MNeuL_10_MNeuD_0.25_MPhoD_2_TcPhoD_100_.root
 :: File *.root reduction exist :: 
 ************************* CORRIDA NUEVA ************************* 
 :: Condiciones de Trabajo :: 
 :: Events :: 10000 :: MneuL :: 10 :: MneuD :: 0.25 :: MphoD :: 3 :: TcPhoD :: 0
 :: Exist file :: /LUSTRE/home/fmsanchez/GDarkSUSY/data/Events_10000/MneuL_10/MneuD_0.25/MphoD_3/lhe/run_01_decayed_1/unweighted_events.lhe
 :: File *.lhe exist or is running :: 
 :: Not exist file :: /LUSTRE/home/fmsanchez/GDarkSUSY/data/RUN_lhe_DarkSUSY_LHE_Event_10000_MNeuL_10_MNeuD_0.25_MPhoD_3_.txt
 :: Not exist file :: /LUSTRE/home/fmsanchez/GDarkSUSY/data/RUN_lhe_DarkSUSY_LHE_Event_10000_MNeuL_10_MNeuD_0.25_MPhoD_3_.root
 :: Exist file :: /LUSTRE/home/fmsanchez/GDarkSUSY/data/Events_10000/MneuL_10/MneuD_0.25/MphoD_3/lhe/run_01_decayed_1/unweighted_events.lhe
 :: File *.root exist or is runing :: 
 :: Exist file :: /LUSTRE/home/fmsanchez/GDarkSUSY/data/Events_10000/MneuL_10/MneuD_0.25/MphoD_3/DarkSUSY_CMS_Event_10000_MNeuL_10_MNeuD_0.25_MPhoD_3_TcPhoD_0_.root
 :: Exist file :: /LUSTRE/home/fmsanchez/GDarkSUSY/data/Events_10000/MneuL_10/MneuD_0.25/MphoD_3/Mu_min4/Mu4_DarkSUSY_CMS_Event_10000_MNeuL_10_MNeuD_0.25_MPhoD_3_TcPhoD_0_.root
 :: File *.root reduction exist :: 
 ************************* CORRIDA NUEVA ************************* 
 :: Condiciones de Trabajo :: 
 :: Events :: 10000 :: MneuL :: 10 :: MneuD :: 0.25 :: MphoD :: 3 :: TcPhoD :: 5
 :: Exist file :: /LUSTRE/home/fmsanchez/GDarkSUSY/data/Events_10000/MneuL_10/MneuD_0.25/MphoD_3/lhe/run_01_decayed_1/unweighted_events.lhe
 :: File *.lhe exist or is running :: 
 :: Not exist file :: /LUSTRE/home/fmsanchez/GDarkSUSY/data/RUN_lhe_DarkSUSY_LHE_Event_10000_MNeuL_10_MNeuD_0.25_MPhoD_3_.txt
 :: Not exist file :: /LUSTRE/home/fmsanchez/GDarkSUSY/data/RUN_lhe_DarkSUSY_LHE_Event_10000_MNeuL_10_MNeuD_0.25_MPhoD_3_.root
 :: Exist file :: /LUSTRE/home/fmsanchez/GDarkSUSY/data/Events_10000/MneuL_10/MneuD_0.25/MphoD_3/lhe/run_01_decayed_1/unweighted_events.lhe
 :: Run the programs for obtein root file
 :: ERROR :: Create file :: /LUSTRE/home/fmsanchez/GDarkSUSY/temp
 :: Not exist file :: /LUSTRE/home/fmsanchez/GDarkSUSY/temp/Process_3925
 :: Create file :: /LUSTRE/home/fmsanchez/GDarkSUSY/temp/Process_3925
 :: Exist file :: /LUSTRE/home/fmsanchez/GDarkSUSY/temp/Process_3925
 :: Create file :: /LUSTRE/home/fmsanchez/GDarkSUSY/temp/Process_3925/MG5_aMC
 :: Exist file :: /LUSTRE/home/fmsanchez/GDarkSUSY/temp/Process_3925/MG5_aMC
 :: Copy folder :: /LUSTRE/home/fmsanchez/MG5_aMC_v2_7_0 :: to folder:: /LUSTRE/home/fmsanchez/GDarkSUSY/temp/Process_3925/MG5_aMC
 :: ERROR :: Incorrect/LUSTRE/home/fmsanchez/GDarkSUSY/temp/Process_3925/MG5_aMC/models/MSSMD_UFO/particles.py
write ./param_card.dat
************************************************************
*                                                          *
*                     W E L C O M E to                     *
*              M A D G R A P H 5 _ a M C @ N L O           *
*                                                          *
*                                                          *
*                 *                       *                *
*                   *        * *        *                  *
*                     * * * * 5 * * * *                    *
*                   *        * *        *                  *
*                 *                       *                *
*                                                          *
*         VERSION 2.7.0                 2020-01-20         *
*                                                          *
*    The MadGraph5_aMC@NLO Development Team - Find us at   *
*    https://server06.fynu.ucl.ac.be/projects/madgraph     *
*                            and                           *
*            http://amcatnlo.web.cern.ch/amcatnlo/         *
*                                                          *
*               Type 'help' for in-line help.              *
*           Type 'tutorial' to learn how MG5 works         *
*    Type 'tutorial aMCatNLO' to learn how aMC@NLO works   *
*    Type 'tutorial MadLoop' to learn how MadLoop works    *
*                                                          *
************************************************************
load MG5 configuration from input/mg5_configuration.txt 
fastjet-config does not seem to correspond to a valid fastjet-config executable (v3+). We will use fjcore instead.
 Please set the 'fastjet'variable to the full (absolute) /PATH/TO/fastjet-config (including fastjet-config).
 MG5_aMC> set fastjet /PATH/TO/fastjet-config

set lhapdf to /LUSTRE/home/fmsanchez/MG5_aMC_v2_7_0/HEPTools/lhapdf6/bin/lhapdf-config
Using default text editor "vi". Set another one in ./input/mg5_configuration.txt
No valid eps viewer found. Please set in ./input/mg5_configuration.txt
import /LUSTRE/home/fmsanchez/GDarkSUSY/temp/Process_3925/MG5_aMC/proc_card.dat
The import format was not given, so we guess it as command
set group_subprocesses Auto
Set group_subprocesses to Auto
Note that you need to regenerate all processes
set ignore_six_quark_processes False
set loop_optimized_output True
set loop optimized output to True
set loop_color_flows False
set loop color flows to False
set gauge unitary
Passing to gauge unitary.
set complex_mass_scheme False
Complex mass already desactivated.
set max_npoint_for_channel 0
import model sm
INFO: reload from .py file 
INFO: load particles 
INFO: load vertices 
INFO: Restrict model sm with file models/sm/restrict_default.dat . 
INFO: Run "set stdout_level DEBUG" before import for more information. 
INFO: Change particles name to pass to MG5 convention 
Defined multiparticle p = g u c d s u~ c~ d~ s~
Defined multiparticle j = g u c d s u~ c~ d~ s~
Defined multiparticle l+ = e+ mu+
Defined multiparticle l- = e- mu-
Defined multiparticle vl = ve vm vt
Defined multiparticle vl~ = ve~ vm~ vt~
Defined multiparticle all = g u c d s u~ c~ d~ s~ a ve vm vt e- mu- ve~ vm~ vt~ e+ mu+ t b t~ b~ z w+ h w- ta- ta+
define p = g u c d s u~ c~ d~ s~
Defined multiparticle p = g u c d s u~ c~ d~ s~
define j = g u c d s u~ c~ d~ s~
Defined multiparticle j = g u c d s u~ c~ d~ s~
define l+ = e+ mu+
Defined multiparticle l+ = e+ mu+
define l- = e- mu-
Defined multiparticle l- = e- mu-
define vl = ve vm vt
Defined multiparticle vl = ve vm vt
define vl~ = ve~ vm~ vt~
Defined multiparticle vl~ = ve~ vm~ vt~
import model heft
INFO: load particles 
INFO: load vertices 
INFO: Restrict model heft with file models/heft/restrict_default.dat . 
INFO: Run "set stdout_level DEBUG" before import for more information. 
INFO: Change particles name to pass to MG5 convention 
Kept definitions of multiparticles l- / j / vl / l+ / p / vl~ unchanged
Defined multiparticle all = g u c d s u~ c~ d~ s~ a ve vm vt e- mu- ve~ vm~ vt~ e+ mu+ t b t~ b~ z w+ h h1 w- ta- ta+
generate g g > h
INFO: Checking for minimal orders which gives processes. 
INFO: Please specify coupling orders to bypass this step. 
INFO: Trying process: g g > h HIG<=1 HIW<=1 WEIGHTED<=2 @1  
INFO: Process has 1 diagrams 
1 processes with 1 diagrams generated in 0.008 s
Total: 1 processes with 1 diagrams
output MSSMD -nojpeg
INFO: directory /LUSTRE/home/fmsanchez/GDarkSUSY/temp/Process_3925/MG5_aMC/MSSMD already exists.
If you continue this directory will be deleted and replaced.
Do you want to continue? [[4my[0m, n]
[1mThe answer to the previous question is not set in your input file[0m
[1mUse y value[0m
INFO: initialize a new directory: MSSMD 
INFO: remove old information in MSSMD 
INFO: Organizing processes into subprocess groups 
INFO: Generating Helas calls for process: g g > h HIG<=1 HIW<=1 WEIGHTED<=2 @1 
INFO: Processing color information for process: g g > h HIG<=1 HIW<=1 @1 
INFO: Creating files in directory P1_gg_h 
INFO: Generating Feynman diagrams for Process: g g > h HIG<=1 HIW<=1 WEIGHTED<=2 @1 
INFO: Finding symmetric diagrams for subprocess group gg_h 
Generated helas calls for 1 subprocesses (1 diagrams) in 0.003 s
Wrote files for 4 helas calls in 0.074 s
ALOHA: aloha creates VVS3 routines
save configuration file to /LUSTRE/home/fmsanchez/GDarkSUSY/temp/Process_3925/MG5_aMC/MSSMD/Cards/me5_configuration.txt
INFO: Use Fortran compiler gfortran 
INFO: Use c++ compiler g++ 
INFO: Generate web pages 
Output to directory /LUSTRE/home/fmsanchez/GDarkSUSY/temp/Process_3925/MG5_aMC/MSSMD done.
Type "launch" to generate events from this process, or see
/LUSTRE/home/fmsanchez/GDarkSUSY/temp/Process_3925/MG5_aMC/MSSMD/README
Run "open index.html" to see more information about this process.
quit
Checking if MG5 is up-to-date... (takes up to 5s)
New Version of MG5 available! Do you want to update your current version? [[4mn[0m, y][60s to answer] 
>Update bypassed.
The next check for a new version will be performed in 7 days
In order to change this delay. Enter the command:
set auto_update X
Putting X to zero will prevent this check at anytime.
You can upgrade your version at any time by typing:
install update
gzip: /LUSTRE/home/fmsanchez/GDarkSUSY/data/Events_10000/MneuL_10/MneuD_0.25/MphoD_3/lhe/run_01_decayed_1/unweighted_events.lhe.gz: No such file or directory
 bash execution :: 
 :: Complete copy of Madgraph programs ::
 :: ** Modification of Madgraph for using Dark Susy ** :: 
 :: Not exist file :: /LUSTRE/home/fmsanchez/GDarkSUSY/temp/Process_3925/MG5_aMC/models/MSSMD_UFO/
 :: Not posible clear file :: /LUSTRE/home/fmsanchez/GDarkSUSY/temp/Process_3925/MG5_aMC/models/MSSMD_UFO/
 :: Create file :: /LUSTRE/home/fmsanchez/GDarkSUSY/temp/Process_3925/MG5_aMC/models/MSSMD_UFO
 :: Exist file :: /LUSTRE/home/fmsanchez/GDarkSUSY/temp/Process_3925/MG5_aMC/models/MSSMD_UFO
hola-1
 :: Copy folder :: /LUSTRE/home/fmsanchez/GDarkSUSY/source/MSSMD_UFO :: to folder:: /LUSTRE/home/fmsanchez/GDarkSUSY/temp/Process_3925/MG5_aMC/models/MSSMD_UFO
hola0
hola1
 :: Exist file :: /LUSTRE/home/fmsanchez/GDarkSUSY/temp/Process_3925/MG5_aMC/models/MSSMD_UFO
False
 :: ERROR in include messange in 'info' ::
 :: Execute correct :: 0 :: python write_param_card.py
 :: Change mass of dark photon to :: 3
 :: Change mass of lightest neutalino to :: 10
 :: Change mass of dark neutalino to :: 0.25
 :: Not exist file :: /LUSTRE/home/fmsanchez/GDarkSUSY/temp/Process_3925/MG5_aMC/proc_card.dat
 :: Not posible clear file :: /LUSTRE/home/fmsanchez/GDarkSUSY/temp/Process_3925/MG5_aMC/proc_card.dat
 :: Copy file :: /LUSTRE/home/fmsanchez/GDarkSUSY/source/proc_card.dat :: to folder:: /LUSTRE/home/fmsanchez/GDarkSUSY/temp/Process_3925/MG5_aMC
False
 :: ERROR in include messange in 'info' ::
 :: Execute correct :: 0 :: ./bin/mg5_aMC proc_card.dat
 :: Copy file :: /LUSTRE/home/fmsanchez/GDarkSUSY/source/madspin_card.dat :: to folder:: /LUSTRE/home/fmsanchez/GDarkSUSY/temp/Process_3925/MG5_aMC/MSSMD/Cards
 :: Copy file :: /LUSTRE/home/fmsanchez/GDarkSUSY/source/madspin_card.dat :: to folder:: /LUSTRE/home/fmsanchez/GDarkSUSY/temp/Process_3925/MG5_aMC/MSSMD/Cards
 :: Copy file :: /LUSTRE/home/fmsanchez/GDarkSUSY/source/run_card.dat :: to folder:: /LUSTRE/home/fmsanchez/GDarkSUSY/temp/Process_3925/MG5_aMC/MSSMD/Cards
 :: Change Event to :: 10000
 :: ERROR :: Create file :: /LUSTRE/home/fmsanchez/GDarkSUSY/data/Events_10000
 :: ERROR :: Create file :: /LUSTRE/home/fmsanchez/GDarkSUSY/data/Events_10000/MneuL_10
 :: ERROR :: Create file :: /LUSTRE/home/fmsanchez/GDarkSUSY/data/Events_10000/MneuL_10/MneuD_0.25
 :: ERROR :: Create file :: /LUSTRE/home/fmsanchez/GDarkSUSY/data/Events_10000/MneuL_10/MneuD_0.25/MphoD_3
 :: ERROR :: Create file :: /LUSTRE/home/fmsanchez/GDarkSUSY/data/Events_10000/MneuL_10/MneuD_0.25/MphoD_3/lhe
 :: ERROR :: Create file :: /LUSTRE/home/fmsanchez/GDarkSUSY/data/Events_10000/MneuL_10/MneuD_0.25/MphoD_3/Mu_min4
 :: Not exist file :: /LUSTRE/home/fmsanchez/GDarkSUSY/temp/Process_3925/MG5_aMC/MSSMD/Events
 :: Not posible clear file :: /LUSTRE/home/fmsanchez/GDarkSUSY/temp/Process_3925/MG5_aMC/MSSMD/Events
 :: Create file :: /LUSTRE/home/fmsanchez/GDarkSUSY/temp/Process_3925/MG5_aMC/MSSMD/Events
 :: Exist file :: /LUSTRE/home/fmsanchez/GDarkSUSY/temp/Process_3925/MG5_aMC/MSSMD/Events
 :: Execute correct :: 256 :: gzip -d /LUSTRE/home/fmsanchez/GDarkSUSY/data/Events_10000/MneuL_10/MneuD_0.25/MphoD_3/lhe/run_01_decayed_1/unweighted_events.lhe.gz
 :: Copy folder :: /LUSTRE/home/fmsanchez/GDarkSUSY/data/Events_10000/MneuL_10/MneuD_0.25/MphoD_3/lhe :: to folder:: /LUSTRE/home/fmsanchez/GDarkSUSY/temp/Process_3925/MG5_aMC/MSSMD/Events
 :: Se cambio el life time por : 5
 :: Execute correct :: 0 :: gzip -1 /LUSTRE/home/fmsanchez/GDarkSUSY/temp/Process_3925/MG5_aMC/MSSMD/Events/run_01_decayed_1/unweighted_events.lhe
 :: Exist file :: /LUSTRE/home/fmsanchez/GDarkSUSY/temp/Process_3925/MG5_aMC/MSSMD/Cards/pythia8_card_default.dat
Traceback (most recent call last):
  File "genera_v5.py", line 156, in <module>
    info=info  # info of process
  File "/LUSTRE/home/fmsanchez/GDarkSUSY/modules/genera/genera_ALL.py", line 93, in genera_ini
    info  # output of info for the process
  File "/LUSTRE/home/fmsanchez/GDarkSUSY/modules/genera/genera_root.py", line 10, in genera_root
    activate("pythia8", "ON", DirMadgraph + "/MSSMD/Cards", info=info)
  File "/LUSTRE/home/fmsanchez/GDarkSUSY/modules/genera/modification_card.py", line 101, in activate
    file_copy(position_of_Card + "/pythia8_card_default.dat", position_of_Card + "/pythia8_card.dat", info=info)
TypeError: file_copy() takes at least 3 arguments (3 given)
srun: error: ibnodo23: task 0: Exited with exit code 1
