srun: Warning: can't honor --ntasks-per-node set to 1 which doesn't match the requested tasks 10 with the number of requested nodes 1. Ignoring --ntasks-per-node.

Processing SelectDark3.C("/LUSTRE/home/fmsanchez/GDarkSUSY/data/Events_10000/MneuL_10/MneuD_0.25/MphoD_0.25/DarkSUSY_HL_Event_10000_MNeuL_10_MNeuD_0.25_MPhoD_0.25_TcPhoD_0_.root" , "/LUSTRE/home/fmsanchez/GDarkSUSY/data/Events_10000/MneuL_10/MneuD_0.25/MphoD_0.25/Mu_min4/Mu4_DarkSUSY_HL_Event_10000_MNeuL_10_MNeuD_0.25_MPhoD_0.25_TcPhoD_0_.root" , "/LUSTRE/home/fmsanchez/GDarkSUSY/data/Events_10000/MneuL_10/MneuD_0.25/MphoD_0.25/Mu_min4/LOG_Mu4_DarkSUSY_HL_Event_10000_MNeuL_10_MNeuD_0.25_MPhoD_0.25_TcPhoD_0_.txt")...

Processing SelectDark3.C("/LUSTRE/home/fmsanchez/GDarkSUSY/data/Events_10000/MneuL_10/MneuD_0.25/MphoD_0.25/DarkSUSY_HL_Event_10000_MNeuL_10_MNeuD_0.25_MPhoD_0.25_TcPhoD_0_.root" , "/LUSTRE/home/fmsanchez/GDarkSUSY/data/Events_10000/MneuL_10/MneuD_0.25/MphoD_0.25/Mu_min4/Mu4_DarkSUSY_HL_Event_10000_MNeuL_10_MNeuD_0.25_MPhoD_0.25_TcPhoD_0_.root" , "/LUSTRE/home/fmsanchez/GDarkSUSY/data/Events_10000/MneuL_10/MneuD_0.25/MphoD_0.25/Mu_min4/LOG_Mu4_DarkSUSY_HL_Event_10000_MNeuL_10_MNeuD_0.25_MPhoD_0.25_TcPhoD_0_.txt")...
Warning in <TFile::Init>: no StreamerInfo found in /LUSTRE/home/fmsanchez/MG5_aMC_v2_7_0/Delphes/ClassesDict_rdict.pcm therefore preventing schema evolution when reading this file.
Warning in <TFile::Init>: no StreamerInfo found in /LUSTRE/home/fmsanchez/MG5_aMC_v2_7_0/Delphes/ClassesDict_rdict.pcm therefore preventing schema evolution when reading this file.
Warning in <TFile::Init>: no StreamerInfo found in /LUSTRE/home/fmsanchez/MG5_aMC_v2_7_0/Delphes/ExRootAnalysisDict_rdict.pcm therefore preventing schema evolution when reading this file.
Warning in <TFile::Init>: no StreamerInfo found in /LUSTRE/home/fmsanchez/MG5_aMC_v2_7_0/Delphes/ExRootAnalysisDict_rdict.pcm therefore preventing schema evolution when reading this file.
Warning in <TFile::Init>: no StreamerInfo found in /LUSTRE/home/fmsanchez/MG5_aMC_v2_7_0/Delphes/ModulesDict_rdict.pcm therefore preventing schema evolution when reading this file.
Warning in <TFile::Init>: no StreamerInfo found in /LUSTRE/home/fmsanchez/MG5_aMC_v2_7_0/Delphes/ModulesDict_rdict.pcm therefore preventing schema evolution when reading this file.
Warning in <TFile::Init>: no StreamerInfo found in /LUSTRE/home/fmsanchez/MG5_aMC_v2_7_0/Delphes/FastJetDict_rdict.pcm therefore preventing schema evolution when reading this file.
Warning in <TFile::Init>: no StreamerInfo found in /LUSTRE/home/fmsanchez/MG5_aMC_v2_7_0/Delphes/FastJetDict_rdict.pcm therefore preventing schema evolution when reading this file.

Processing SelectDark3.C("/LUSTRE/home/fmsanchez/GDarkSUSY/data/Events_10000/MneuL_10/MneuD_0.25/MphoD_0.25/DarkSUSY_HL_Event_10000_MNeuL_10_MNeuD_0.25_MPhoD_0.25_TcPhoD_0_.root" , "/LUSTRE/home/fmsanchez/GDarkSUSY/data/Events_10000/MneuL_10/MneuD_0.25/MphoD_0.25/Mu_min4/Mu4_DarkSUSY_HL_Event_10000_MNeuL_10_MNeuD_0.25_MPhoD_0.25_TcPhoD_0_.root" , "/LUSTRE/home/fmsanchez/GDarkSUSY/data/Events_10000/MneuL_10/MneuD_0.25/MphoD_0.25/Mu_min4/LOG_Mu4_DarkSUSY_HL_Event_10000_MNeuL_10_MNeuD_0.25_MPhoD_0.25_TcPhoD_0_.txt")...
Warning in <TFile::Init>: no StreamerInfo found in /LUSTRE/home/fmsanchez/MG5_aMC_v2_7_0/Delphes/ClassesDict_rdict.pcm therefore preventing schema evolution when reading this file.
Warning in <TFile::Init>: no StreamerInfo found in /LUSTRE/home/fmsanchez/MG5_aMC_v2_7_0/Delphes/ExRootAnalysisDict_rdict.pcm therefore preventing schema evolution when reading this file.
Warning in <TFile::Init>: no StreamerInfo found in /LUSTRE/home/fmsanchez/MG5_aMC_v2_7_0/Delphes/ModulesDict_rdict.pcm therefore preventing schema evolution when reading this file.
Warning in <TFile::Init>: no StreamerInfo found in /LUSTRE/home/fmsanchez/MG5_aMC_v2_7_0/Delphes/FastJetDict_rdict.pcm therefore preventing schema evolution when reading this file.

Processing SelectDark3.C("/LUSTRE/home/fmsanchez/GDarkSUSY/data/Events_10000/MneuL_10/MneuD_0.25/MphoD_0.25/DarkSUSY_HL_Event_10000_MNeuL_10_MNeuD_0.25_MPhoD_0.25_TcPhoD_0_.root" , "/LUSTRE/home/fmsanchez/GDarkSUSY/data/Events_10000/MneuL_10/MneuD_0.25/MphoD_0.25/Mu_min4/Mu4_DarkSUSY_HL_Event_10000_MNeuL_10_MNeuD_0.25_MPhoD_0.25_TcPhoD_0_.root" , "/LUSTRE/home/fmsanchez/GDarkSUSY/data/Events_10000/MneuL_10/MneuD_0.25/MphoD_0.25/Mu_min4/LOG_Mu4_DarkSUSY_HL_Event_10000_MNeuL_10_MNeuD_0.25_MPhoD_0.25_TcPhoD_0_.txt")...
Error in <TFile::TFile>: file /LUSTRE/home/fmsanchez/GDarkSUSY/data/Events_10000/MneuL_10/MneuD_0.25/MphoD_0.25/Mu_min4/Mu4_DarkSUSY_HL_Event_10000_MNeuL_10_MNeuD_0.25_MPhoD_0.25_TcPhoD_0_.root already exists
Warning in <TFile::Init>: no StreamerInfo found in /LUSTRE/home/fmsanchez/MG5_aMC_v2_7_0/Delphes/ClassesDict_rdict.pcm therefore preventing schema evolution when reading this file.
Warning in <TFile::Init>: no StreamerInfo found in /LUSTRE/home/fmsanchez/MG5_aMC_v2_7_0/Delphes/ExRootAnalysisDict_rdict.pcm therefore preventing schema evolution when reading this file.
Warning in <TFile::Init>: no StreamerInfo found in /LUSTRE/home/fmsanchez/MG5_aMC_v2_7_0/Delphes/ModulesDict_rdict.pcm therefore preventing schema evolution when reading this file.
Warning in <TFile::Init>: no StreamerInfo found in /LUSTRE/home/fmsanchez/MG5_aMC_v2_7_0/Delphes/FastJetDict_rdict.pcm therefore preventing schema evolution when reading this file.

Processing SelectDark3.C("/LUSTRE/home/fmsanchez/GDarkSUSY/data/Events_10000/MneuL_10/MneuD_0.25/MphoD_0.25/DarkSUSY_HL_Event_10000_MNeuL_10_MNeuD_0.25_MPhoD_0.25_TcPhoD_0_.root" , "/LUSTRE/home/fmsanchez/GDarkSUSY/data/Events_10000/MneuL_10/MneuD_0.25/MphoD_0.25/Mu_min4/Mu4_DarkSUSY_HL_Event_10000_MNeuL_10_MNeuD_0.25_MPhoD_0.25_TcPhoD_0_.root" , "/LUSTRE/home/fmsanchez/GDarkSUSY/data/Events_10000/MneuL_10/MneuD_0.25/MphoD_0.25/Mu_min4/LOG_Mu4_DarkSUSY_HL_Event_10000_MNeuL_10_MNeuD_0.25_MPhoD_0.25_TcPhoD_0_.txt")...
Warning in <TFile::Init>: no StreamerInfo found in /LUSTRE/home/fmsanchez/MG5_aMC_v2_7_0/Delphes/ClassesDict_rdict.pcm therefore preventing schema evolution when reading this file.
Warning in <TFile::Init>: no StreamerInfo found in /LUSTRE/home/fmsanchez/MG5_aMC_v2_7_0/Delphes/ExRootAnalysisDict_rdict.pcm therefore preventing schema evolution when reading this file.
Warning in <TFile::Init>: no StreamerInfo found in /LUSTRE/home/fmsanchez/MG5_aMC_v2_7_0/Delphes/ModulesDict_rdict.pcm therefore preventing schema evolution when reading this file.
Warning in <TFile::Init>: no StreamerInfo found in /LUSTRE/home/fmsanchez/MG5_aMC_v2_7_0/Delphes/FastJetDict_rdict.pcm therefore preventing schema evolution when reading this file.

Processing SelectDark3.C("/LUSTRE/home/fmsanchez/GDarkSUSY/data/Events_10000/MneuL_10/MneuD_0.25/MphoD_0.25/DarkSUSY_HL_Event_10000_MNeuL_10_MNeuD_0.25_MPhoD_0.25_TcPhoD_5_.root" , "/LUSTRE/home/fmsanchez/GDarkSUSY/data/Events_10000/MneuL_10/MneuD_0.25/MphoD_0.25/Mu_min4/Mu4_DarkSUSY_HL_Event_10000_MNeuL_10_MNeuD_0.25_MPhoD_0.25_TcPhoD_5_.root" , "/LUSTRE/home/fmsanchez/GDarkSUSY/data/Events_10000/MneuL_10/MneuD_0.25/MphoD_0.25/Mu_min4/LOG_Mu4_DarkSUSY_HL_Event_10000_MNeuL_10_MNeuD_0.25_MPhoD_0.25_TcPhoD_5_.txt")...

Processing SelectDark3.C("/LUSTRE/home/fmsanchez/GDarkSUSY/data/Events_10000/MneuL_10/MneuD_0.25/MphoD_0.25/DarkSUSY_HL_Event_10000_MNeuL_10_MNeuD_0.25_MPhoD_0.25_TcPhoD_5_.root" , "/LUSTRE/home/fmsanchez/GDarkSUSY/data/Events_10000/MneuL_10/MneuD_0.25/MphoD_0.25/Mu_min4/Mu4_DarkSUSY_HL_Event_10000_MNeuL_10_MNeuD_0.25_MPhoD_0.25_TcPhoD_5_.root" , "/LUSTRE/home/fmsanchez/GDarkSUSY/data/Events_10000/MneuL_10/MneuD_0.25/MphoD_0.25/Mu_min4/LOG_Mu4_DarkSUSY_HL_Event_10000_MNeuL_10_MNeuD_0.25_MPhoD_0.25_TcPhoD_5_.txt")...
Warning in <TFile::Init>: no StreamerInfo found in /LUSTRE/home/fmsanchez/MG5_aMC_v2_7_0/Delphes/ClassesDict_rdict.pcm therefore preventing schema evolution when reading this file.
Warning in <TFile::Init>: no StreamerInfo found in /LUSTRE/home/fmsanchez/MG5_aMC_v2_7_0/Delphes/ExRootAnalysisDict_rdict.pcm therefore preventing schema evolution when reading this file.
Warning in <TFile::Init>: no StreamerInfo found in /LUSTRE/home/fmsanchez/MG5_aMC_v2_7_0/Delphes/ModulesDict_rdict.pcm therefore preventing schema evolution when reading this file.
Warning in <TFile::Init>: no StreamerInfo found in /LUSTRE/home/fmsanchez/MG5_aMC_v2_7_0/Delphes/FastJetDict_rdict.pcm therefore preventing schema evolution when reading this file.
Warning in <TFile::Init>: no StreamerInfo found in /LUSTRE/home/fmsanchez/MG5_aMC_v2_7_0/Delphes/ClassesDict_rdict.pcm therefore preventing schema evolution when reading this file.
Warning in <TFile::Init>: no StreamerInfo found in /LUSTRE/home/fmsanchez/MG5_aMC_v2_7_0/Delphes/ExRootAnalysisDict_rdict.pcm therefore preventing schema evolution when reading this file.
Warning in <TFile::Init>: no StreamerInfo found in /LUSTRE/home/fmsanchez/MG5_aMC_v2_7_0/Delphes/ModulesDict_rdict.pcm therefore preventing schema evolution when reading this file.
Warning in <TFile::Init>: no StreamerInfo found in /LUSTRE/home/fmsanchez/MG5_aMC_v2_7_0/Delphes/FastJetDict_rdict.pcm therefore preventing schema evolution when reading this file.

Processing SelectDark3.C("/LUSTRE/home/fmsanchez/GDarkSUSY/data/Events_10000/MneuL_10/MneuD_0.25/MphoD_0.25/DarkSUSY_HL_Event_10000_MNeuL_10_MNeuD_0.25_MPhoD_0.25_TcPhoD_5_.root" , "/LUSTRE/home/fmsanchez/GDarkSUSY/data/Events_10000/MneuL_10/MneuD_0.25/MphoD_0.25/Mu_min4/Mu4_DarkSUSY_HL_Event_10000_MNeuL_10_MNeuD_0.25_MPhoD_0.25_TcPhoD_5_.root" , "/LUSTRE/home/fmsanchez/GDarkSUSY/data/Events_10000/MneuL_10/MneuD_0.25/MphoD_0.25/Mu_min4/LOG_Mu4_DarkSUSY_HL_Event_10000_MNeuL_10_MNeuD_0.25_MPhoD_0.25_TcPhoD_5_.txt")...
Warning in <TFile::Init>: no StreamerInfo found in /LUSTRE/home/fmsanchez/MG5_aMC_v2_7_0/Delphes/ClassesDict_rdict.pcm therefore preventing schema evolution when reading this file.
Warning in <TFile::Init>: no StreamerInfo found in /LUSTRE/home/fmsanchez/MG5_aMC_v2_7_0/Delphes/ExRootAnalysisDict_rdict.pcm therefore preventing schema evolution when reading this file.
Warning in <TFile::Init>: no StreamerInfo found in /LUSTRE/home/fmsanchez/MG5_aMC_v2_7_0/Delphes/ModulesDict_rdict.pcm therefore preventing schema evolution when reading this file.
Warning in <TFile::Init>: no StreamerInfo found in /LUSTRE/home/fmsanchez/MG5_aMC_v2_7_0/Delphes/FastJetDict_rdict.pcm therefore preventing schema evolution when reading this file.

Processing SelectDark3.C("/LUSTRE/home/fmsanchez/GDarkSUSY/data/Events_10000/MneuL_10/MneuD_0.25/MphoD_0.25/DarkSUSY_HL_Event_10000_MNeuL_10_MNeuD_0.25_MPhoD_0.25_TcPhoD_5_.root" , "/LUSTRE/home/fmsanchez/GDarkSUSY/data/Events_10000/MneuL_10/MneuD_0.25/MphoD_0.25/Mu_min4/Mu4_DarkSUSY_HL_Event_10000_MNeuL_10_MNeuD_0.25_MPhoD_0.25_TcPhoD_5_.root" , "/LUSTRE/home/fmsanchez/GDarkSUSY/data/Events_10000/MneuL_10/MneuD_0.25/MphoD_0.25/Mu_min4/LOG_Mu4_DarkSUSY_HL_Event_10000_MNeuL_10_MNeuD_0.25_MPhoD_0.25_TcPhoD_5_.txt")...
Warning in <TFile::Init>: no StreamerInfo found in /LUSTRE/home/fmsanchez/MG5_aMC_v2_7_0/Delphes/ClassesDict_rdict.pcm therefore preventing schema evolution when reading this file.
Warning in <TFile::Init>: no StreamerInfo found in /LUSTRE/home/fmsanchez/MG5_aMC_v2_7_0/Delphes/ExRootAnalysisDict_rdict.pcm therefore preventing schema evolution when reading this file.
Warning in <TFile::Init>: no StreamerInfo found in /LUSTRE/home/fmsanchez/MG5_aMC_v2_7_0/Delphes/ModulesDict_rdict.pcm therefore preventing schema evolution when reading this file.
Warning in <TFile::Init>: no StreamerInfo found in /LUSTRE/home/fmsanchez/MG5_aMC_v2_7_0/Delphes/FastJetDict_rdict.pcm therefore preventing schema evolution when reading this file.
 ************************* CORRIDA NUEVA ************************* 
 :: Condiciones de Trabajo :: 
 :: Events :: 10000 :: MneuL :: 10 :: MneuD :: 0.25 :: MphoD :: 0.25 :: TcPhoD :: 0
 :: Exist file :: /LUSTRE/home/fmsanchez/GDarkSUSY/data/Events_10000/MneuL_10/MneuD_0.25/MphoD_0.25/lhe/run_01_decayed_1/unweighted_events.lhe
 :: File *.lhe exist or is running :: 
 :: Not exist file :: /LUSTRE/home/fmsanchez/GDarkSUSY/data/RUN_lhe_DarkSUSY_LHE_Event_10000_MNeuL_10_MNeuD_0.25_MPhoD_0.25_.txt
 :: Exist file :: /LUSTRE/home/fmsanchez/GDarkSUSY/data/Events_10000/MneuL_10/MneuD_0.25/MphoD_0.25/lhe/run_01_decayed_1/unweighted_events.lhe
 :: Not exist file :: /LUSTRE/home/fmsanchez/GDarkSUSY/data/Events_10000/MneuL_10/MneuD_0.25/MphoD_0.25/DarkSUSY_HL_Event_10000_MNeuL_10_MNeuD_0.25_MPhoD_0.25_TcPhoD_0_.txt
 :: Exist file :: /LUSTRE/home/fmsanchez/GDarkSUSY/data/Events_10000/MneuL_10/MneuD_0.25/MphoD_0.25/DarkSUSY_HL_Event_10000_MNeuL_10_MNeuD_0.25_MPhoD_0.25_TcPhoD_0_.root
 :: File *.root exist or is runing :: 
 :: Exist file :: /LUSTRE/home/fmsanchez/GDarkSUSY/data/Events_10000/MneuL_10/MneuD_0.25/MphoD_0.25/Mu_min4/Mu4_DarkSUSY_HL_Event_10000_MNeuL_10_MNeuD_0.25_MPhoD_0.25_TcPhoD_0_.root
 :: File *.root reduction exist :: 
 ************************* CORRIDA NUEVA ************************* 
 :: Condiciones de Trabajo :: 
 :: Events :: 10000 :: MneuL :: 10 :: MneuD :: 0.25 :: MphoD :: 0.25 :: TcPhoD :: 5
 :: Exist file :: /LUSTRE/home/fmsanchez/GDarkSUSY/data/Events_10000/MneuL_10/MneuD_0.25/MphoD_0.25/lhe/run_01_decayed_1/unweighted_events.lhe
 :: File *.lhe exist or is running :: 
 :: Not exist file :: /LUSTRE/home/fmsanchez/GDarkSUSY/data/RUN_lhe_DarkSUSY_LHE_Event_10000_MNeuL_10_MNeuD_0.25_MPhoD_0.25_.txt
 :: Exist file :: /LUSTRE/home/fmsanchez/GDarkSUSY/data/Events_10000/MneuL_10/MneuD_0.25/MphoD_0.25/lhe/run_01_decayed_1/unweighted_events.lhe
 :: Not exist file :: /LUSTRE/home/fmsanchez/GDarkSUSY/data/Events_10000/MneuL_10/MneuD_0.25/MphoD_0.25/DarkSUSY_HL_Event_10000_MNeuL_10_MNeuD_0.25_MPhoD_0.25_TcPhoD_5_.txt
 :: Exist file :: /LUSTRE/home/fmsanchez/GDarkSUSY/data/Events_10000/MneuL_10/MneuD_0.25/MphoD_0.25/DarkSUSY_HL_Event_10000_MNeuL_10_MNeuD_0.25_MPhoD_0.25_TcPhoD_5_.root
 :: File *.root exist or is runing :: 
 :: Exist file :: /LUSTRE/home/fmsanchez/GDarkSUSY/data/Events_10000/MneuL_10/MneuD_0.25/MphoD_0.25/Mu_min4/Mu4_DarkSUSY_HL_Event_10000_MNeuL_10_MNeuD_0.25_MPhoD_0.25_TcPhoD_5_.root
 :: File *.root reduction exist :: 
 ************************* CORRIDA NUEVA ************************* 
 :: Condiciones de Trabajo :: 
 :: Events :: 10000 :: MneuL :: 10 :: MneuD :: 0.25 :: MphoD :: 0.25 :: TcPhoD :: 10
 :: Exist file :: /LUSTRE/home/fmsanchez/GDarkSUSY/data/Events_10000/MneuL_10/MneuD_0.25/MphoD_0.25/lhe/run_01_decayed_1/unweighted_events.lhe
 :: File *.lhe exist or is running :: 
 :: Not exist file :: /LUSTRE/home/fmsanchez/GDarkSUSY/data/RUN_lhe_DarkSUSY_LHE_Event_10000_MNeuL_10_MNeuD_0.25_MPhoD_0.25_.txt
 :: Exist file :: /LUSTRE/home/fmsanchez/GDarkSUSY/data/Events_10000/MneuL_10/MneuD_0.25/MphoD_0.25/lhe/run_01_decayed_1/unweighted_events.lhe
 :: Not exist file :: /LUSTRE/home/fmsanchez/GDarkSUSY/data/Events_10000/MneuL_10/MneuD_0.25/MphoD_0.25/DarkSUSY_HL_Event_10000_MNeuL_10_MNeuD_0.25_MPhoD_0.25_TcPhoD_10_.txt
 :: Exist file :: /LUSTRE/home/fmsanchez/GDarkSUSY/data/Events_10000/MneuL_10/MneuD_0.25/MphoD_0.25/DarkSUSY_HL_Event_10000_MNeuL_10_MNeuD_0.25_MPhoD_0.25_TcPhoD_10_.root
 :: File *.root exist or is runing :: 
 :: Not exist file :: /LUSTRE/home/fmsanchez/GDarkSUSY/data/Events_10000/MneuL_10/MneuD_0.25/MphoD_0.25/Mu_min4/Mu4_DarkSUSY_HL_Event_10000_MNeuL_10_MNeuD_0.25_MPhoD_0.25_TcPhoD_10_.root
 :: Exist file :: /LUSTRE/home/fmsanchez/GDarkSUSY/data/Events_10000/MneuL_10/MneuD_0.25/MphoD_0.25/DarkSUSY_HL_Event_10000_MNeuL_10_MNeuD_0.25_MPhoD_0.25_TcPhoD_10_.root
 :: Not exist file :: /LUSTRE/home/fmsanchez/GDarkSUSY/data/Events_10000/MneuL_10/MneuD_0.25/MphoD_0.25/Mu_min4/Mu4_DarkSUSY_HL_Event_10000_MNeuL_10_MNeuD_0.25_MPhoD_0.25_TcPhoD_10_.root
 :: Relocalizarse en :: /LUSTRE/home/fmsanchez/GDarkSUS
Processing SelectDark3.C("/LUSTRE/home/fmsanchez/GDarkSUSY/data/Events_10000/MneuL_10/MneuD_0.25/MphoD_0.25/DarkSUSY_HL_Event_10000_MNeuL_10_MNeuD_0.25_MPhoD_0.25_TcPhoD_10_.root" , "/LUSTRE/home/fmsanchez/GDarkSUSY/data/Events_10000/MneuL_10/MneuD_0.25/MphoD_0.25/Mu_min4/Mu4_DarkSUSY_HL_Event_10000_MNeuL_10_MNeuD_0.25_MPhoD_0.25_TcPhoD_10_.root" , "/LUSTRE/home/fmsanchez/GDarkSUSY/data/Events_10000/MneuL_10/MneuD_0.25/MphoD_0.25/Mu_min4/LOG_Mu4_DarkSUSY_HL_Event_10000_MNeuL_10_MNeuD_0.25_MPhoD_0.25_TcPhoD_10_.txt")...
Warning in <TFile::Init>: no StreamerInfo found in /LUSTRE/home/fmsanchez/MG5_aMC_v2_7_0/Delphes/ClassesDict_rdict.pcm therefore preventing schema evolution when reading this file.
Warning in <TFile::Init>: no StreamerInfo found in /LUSTRE/home/fmsanchez/MG5_aMC_v2_7_0/Delphes/ExRootAnalysisDict_rdict.pcm therefore preventing schema evolution when reading this file.
Warning in <TFile::Init>: no StreamerInfo found in /LUSTRE/home/fmsanchez/MG5_aMC_v2_7_0/Delphes/ModulesDict_rdict.pcm therefore preventing schema evolution when reading this file.
Warning in <TFile::Init>: no StreamerInfo found in /LUSTRE/home/fmsanchez/MG5_aMC_v2_7_0/Delphes/FastJetDict_rdict.pcm therefore preventing schema evolution when reading this file.
